Start to accept client 
Acknowledge First Handshake
Second handshake Succeed! 
Acknowledge Third Handshake
Succeed to connect 
Start to accept 2.jpg in file path: ./2.jpg
Send ACK of 58543
Filename: 2.jpg Package number: 1
Send ACK of 66543
Filename: 2.jpg Package number: 2
Send ACK of 74543
Filename: 2.jpg Package number: 3
Send ACK of 82543
Filename: 2.jpg Package number: 4
Send ACK of 90543
Filename: 2.jpg Package number: 5
Send ACK of 98543
Filename: 2.jpg Package number: 6
Send ACK of 106543
Filename: 2.jpg Package number: 7
Send ACK of 114543
Filename: 2.jpg Package number: 8
Send ACK of 122543
Filename: 2.jpg Package number: 9
Send ACK of 130543
Filename: 2.jpg Package number: 10
Send ACK of 138543
Filename: 2.jpg Package number: 11
Send ACK of 146543
Filename: 2.jpg Package number: 12
Send ACK of 154543
Filename: 2.jpg Package number: 13
Send ACK of 162543
Filename: 2.jpg Package number: 14
Send ACK of 170543
Filename: 2.jpg Package number: 15
Send ACK of 178543
Filename: 2.jpg Package number: 16
Send ACK of 186543
Filename: 2.jpg Package number: 17
Send ACK of 194543
Filename: 2.jpg Package number: 18
Send ACK of 202543
Filename: 2.jpg Package number: 19
Send ACK of 210543
Filename: 2.jpg Package number: 20
Send ACK of 218543
Filename: 2.jpg Package number: 21
Send ACK of 226543
Filename: 2.jpg Package number: 22
Send ACK of 234543
Filename: 2.jpg Package number: 23
Send ACK of 242543
Filename: 2.jpg Package number: 24
Send ACK of 250543
Filename: 2.jpg Package number: 25
Send ACK of 258543
Filename: 2.jpg Package number: 26
Send ACK of 266543
Filename: 2.jpg Package number: 27
Send ACK of 274543
Filename: 2.jpg Package number: 28
Send ACK of 282543
Filename: 2.jpg Package number: 29
Send ACK of 290543
Filename: 2.jpg Package number: 30
Send ACK of 298543
Filename: 2.jpg Package number: 31
Send ACK of 306543
Filename: 2.jpg Package number: 32
Send ACK of 314543
Filename: 2.jpg Package number: 33
Send ACK of 322543
Filename: 2.jpg Package number: 34
Send ACK of 330543
Filename: 2.jpg Package number: 35
Send ACK of 338543
Filename: 2.jpg Package number: 36
Send ACK of 346543
Filename: 2.jpg Package number: 37
Send ACK of 354543
Filename: 2.jpg Package number: 38
Send ACK of 362543
Filename: 2.jpg Package number: 39
Send ACK of 370543
Filename: 2.jpg Package number: 40
Send ACK of 378543
Filename: 2.jpg Package number: 41
Send ACK of 386543
Filename: 2.jpg Package number: 42
Send ACK of 394543
Filename: 2.jpg Package number: 43
Send ACK of 402543
Filename: 2.jpg Package number: 44
Send ACK of 410543
Filename: 2.jpg Package number: 45
Send ACK of 418543
Filename: 2.jpg Package number: 46
Send ACK of 426543
Filename: 2.jpg Package number: 47
Send ACK of 434543
Filename: 2.jpg Package number: 48
Send ACK of 442543
Filename: 2.jpg Package number: 49
Send ACK of 450543
Filename: 2.jpg Package number: 50
Send ACK of 458543
Filename: 2.jpg Package number: 51
Send ACK of 466543
Filename: 2.jpg Package number: 52
Send ACK of 474543
Filename: 2.jpg Package number: 53
Send ACK of 482543
Filename: 2.jpg Package number: 54
Send ACK of 490543
Filename: 2.jpg Package number: 55
Send ACK of 498543
Filename: 2.jpg Package number: 56
Send ACK of 506543
Filename: 2.jpg Package number: 57
Send ACK of 514543
Filename: 2.jpg Package number: 58
Send ACK of 522543
Filename: 2.jpg Package number: 59
Send ACK of 530543
Filename: 2.jpg Package number: 60
Send ACK of 538543
Filename: 2.jpg Package number: 61
Send ACK of 546543
Filename: 2.jpg Package number: 62
Send ACK of 554543
Filename: 2.jpg Package number: 63
Send ACK of 562543
Filename: 2.jpg Package number: 64
Send ACK of 570543
Filename: 2.jpg Package number: 65
Send ACK of 578543
Filename: 2.jpg Package number: 66
Send ACK of 586543
Filename: 2.jpg Package number: 67
Send ACK of 594543
Filename: 2.jpg Package number: 68
Send ACK of 602543
Filename: 2.jpg Package number: 69
Send ACK of 610543
Filename: 2.jpg Package number: 70
Send ACK of 618543
Filename: 2.jpg Package number: 71
Send ACK of 626543
Filename: 2.jpg Package number: 72
Send ACK of 634543
Filename: 2.jpg Package number: 73
Send ACK of 642543
Filename: 2.jpg Package number: 74
Send ACK of 650543
Filename: 2.jpg Package number: 75
Send ACK of 658543
Filename: 2.jpg Package number: 76
Send ACK of 666543
Filename: 2.jpg Package number: 77
Send ACK of 674543
Filename: 2.jpg Package number: 78
Send ACK of 682543
Filename: 2.jpg Package number: 79
Send ACK of 690543
Filename: 2.jpg Package number: 80
Send ACK of 698543
Filename: 2.jpg Package number: 81
Send ACK of 706543
Filename: 2.jpg Package number: 82
Send ACK of 714543
Filename: 2.jpg Package number: 83
Send ACK of 722543
Filename: 2.jpg Package number: 84
Send ACK of 730543
Filename: 2.jpg Package number: 85
Send ACK of 738543
Filename: 2.jpg Package number: 86
Send ACK of 746543
Filename: 2.jpg Package number: 87
Send ACK of 754543
Filename: 2.jpg Package number: 88
Send ACK of 762543
Filename: 2.jpg Package number: 89
Send ACK of 770543
Filename: 2.jpg Package number: 90
Send ACK of 778543
Filename: 2.jpg Package number: 91
Send ACK of 786543
Filename: 2.jpg Package number: 92
Send ACK of 794543
Filename: 2.jpg Package number: 93
Send ACK of 802543
Filename: 2.jpg Package number: 94
Send ACK of 810543
Filename: 2.jpg Package number: 95
Send ACK of 818543
Filename: 2.jpg Package number: 96
Send ACK of 826543
Filename: 2.jpg Package number: 97
Send ACK of 834543
Filename: 2.jpg Package number: 98
Send ACK of 842543
Filename: 2.jpg Package number: 99
Send ACK of 850543
Filename: 2.jpg Package number: 100
Send ACK of 858543
Filename: 2.jpg Package number: 101
Send ACK of 866543
Filename: 2.jpg Package number: 102
Send ACK of 874543
Filename: 2.jpg Package number: 103
Send ACK of 882543
Filename: 2.jpg Package number: 104
Send ACK of 890543
Filename: 2.jpg Package number: 105
Send ACK of 898543
Filename: 2.jpg Package number: 106
Send ACK of 906543
Filename: 2.jpg Package number: 107
Send ACK of 914543
Filename: 2.jpg Package number: 108
Send ACK of 922543
Filename: 2.jpg Package number: 109
Send ACK of 930543
Filename: 2.jpg Package number: 110
Send ACK of 938543
Filename: 2.jpg Package number: 111
Send ACK of 946543
Filename: 2.jpg Package number: 112
Send ACK of 954543
Filename: 2.jpg Package number: 113
Send ACK of 962543
Filename: 2.jpg Package number: 114
Send ACK of 970543
Filename: 2.jpg Package number: 115
Send ACK of 978543
Filename: 2.jpg Package number: 116
Send ACK of 986543
Filename: 2.jpg Package number: 117
Send ACK of 994543
Filename: 2.jpg Package number: 118
Send ACK of 1002543
Filename: 2.jpg Package number: 119
Send ACK of 1010543
Filename: 2.jpg Package number: 120
Send ACK of 1018543
Filename: 2.jpg Package number: 121
Send ACK of 1026543
Filename: 2.jpg Package number: 122
Send ACK of 1034543
Filename: 2.jpg Package number: 123
Send ACK of 1042543
Filename: 2.jpg Package number: 124
Send ACK of 1050543
Filename: 2.jpg Package number: 125
Send ACK of 1058543
Filename: 2.jpg Package number: 126
Send ACK of 1066543
Filename: 2.jpg Package number: 127
Send ACK of 1074543
Filename: 2.jpg Package number: 128
Send ACK of 1082543
Filename: 2.jpg Package number: 129
Send ACK of 1090543
Filename: 2.jpg Package number: 130
Send ACK of 1098543
Filename: 2.jpg Package number: 131
Send ACK of 1106543
Filename: 2.jpg Package number: 132
Send ACK of 1114543
Filename: 2.jpg Package number: 133
Send ACK of 1122543
Filename: 2.jpg Package number: 134
Send ACK of 1130543
Filename: 2.jpg Package number: 135
Send ACK of 1138543
Filename: 2.jpg Package number: 136
Send ACK of 1146543
Filename: 2.jpg Package number: 137
Send ACK of 1154543
Filename: 2.jpg Package number: 138
Send ACK of 1162543
Filename: 2.jpg Package number: 139
Send ACK of 1170543
Filename: 2.jpg Package number: 140
Send ACK of 1178543
Filename: 2.jpg Package number: 141
Send ACK of 1186543
Filename: 2.jpg Package number: 142
Send ACK of 1194543
Filename: 2.jpg Package number: 143
Send ACK of 1202543
Filename: 2.jpg Package number: 144
Send ACK of 1210543
Filename: 2.jpg Package number: 145
Send ACK of 1218543
Filename: 2.jpg Package number: 146
Send ACK of 1226543
Filename: 2.jpg Package number: 147
Send ACK of 1234543
Filename: 2.jpg Package number: 148
Send ACK of 1242543
Filename: 2.jpg Package number: 149
Send ACK of 1250543
Filename: 2.jpg Package number: 150
Send ACK of 1258543
Filename: 2.jpg Package number: 151
Send ACK of 1266543
Filename: 2.jpg Package number: 152
Send ACK of 1274543
Filename: 2.jpg Package number: 153
Send ACK of 1282543
Filename: 2.jpg Package number: 154
Send ACK of 1290543
Filename: 2.jpg Package number: 155
Send ACK of 1298543
Filename: 2.jpg Package number: 156
Send ACK of 1306543
Filename: 2.jpg Package number: 157
Send ACK of 1314543
Filename: 2.jpg Package number: 158
Send ACK of 1322543
Filename: 2.jpg Package number: 159
Send ACK of 1330543
Filename: 2.jpg Package number: 160
Send ACK of 1338543
Filename: 2.jpg Package number: 161
Send ACK of 1346543
Filename: 2.jpg Package number: 162
Send ACK of 1354543
Filename: 2.jpg Package number: 163
Send ACK of 1362543
Filename: 2.jpg Package number: 164
Send ACK of 1370543
Filename: 2.jpg Package number: 165
Send ACK of 1378543
Filename: 2.jpg Package number: 166
Send ACK of 1386543
Filename: 2.jpg Package number: 167
Send ACK of 1394543
Filename: 2.jpg Package number: 168
Send ACK of 1402543
Filename: 2.jpg Package number: 169
Send ACK of 1410543
Filename: 2.jpg Package number: 170
Send ACK of 1418543
Filename: 2.jpg Package number: 171
Send ACK of 1426543
Filename: 2.jpg Package number: 172
Send ACK of 1434543
Filename: 2.jpg Package number: 173
Send ACK of 1442543
Filename: 2.jpg Package number: 174
Send ACK of 1450543
Filename: 2.jpg Package number: 175
Send ACK of 1458543
Filename: 2.jpg Package number: 176
Send ACK of 1466543
Filename: 2.jpg Package number: 177
Send ACK of 1474543
Filename: 2.jpg Package number: 178
Send ACK of 1482543
Filename: 2.jpg Package number: 179
Send ACK of 1490543
Filename: 2.jpg Package number: 180
Send ACK of 1498543
Filename: 2.jpg Package number: 181
Send ACK of 1506543
Filename: 2.jpg Package number: 182
Send ACK of 1514543
Filename: 2.jpg Package number: 183
Send ACK of 1522543
Filename: 2.jpg Package number: 184
Send ACK of 1530543
Filename: 2.jpg Package number: 185
Send ACK of 1538543
Filename: 2.jpg Package number: 186
Send ACK of 1546543
Filename: 2.jpg Package number: 187
Send ACK of 1554543
Filename: 2.jpg Package number: 188
Send ACK of 1562543
Filename: 2.jpg Package number: 189
Send ACK of 1570543
Filename: 2.jpg Package number: 190
Send ACK of 1578543
Filename: 2.jpg Package number: 191
Send ACK of 1586543
Filename: 2.jpg Package number: 192
Send ACK of 1594543
Filename: 2.jpg Package number: 193
Send ACK of 1602543
Filename: 2.jpg Package number: 194
Send ACK of 1610543
Filename: 2.jpg Package number: 195
Send ACK of 1618543
Filename: 2.jpg Package number: 196
Send ACK of 1626543
Filename: 2.jpg Package number: 197
Send ACK of 1634543
Filename: 2.jpg Package number: 198
Send ACK of 1642543
Filename: 2.jpg Package number: 199
Send ACK of 1650543
Filename: 2.jpg Package number: 200
Send ACK of 1658543
Filename: 2.jpg Package number: 201
Send ACK of 1666543
Filename: 2.jpg Package number: 202
Send ACK of 1674543
Filename: 2.jpg Package number: 203
Send ACK of 1682543
Filename: 2.jpg Package number: 204
Send ACK of 1690543
Filename: 2.jpg Package number: 205
Send ACK of 1698543
Filename: 2.jpg Package number: 206
Send ACK of 1706543
Filename: 2.jpg Package number: 207
Send ACK of 1714543
Filename: 2.jpg Package number: 208
Send ACK of 1722543
Filename: 2.jpg Package number: 209
Send ACK of 1730543
Filename: 2.jpg Package number: 210
Send ACK of 1738543
Filename: 2.jpg Package number: 211
Send ACK of 1746543
Filename: 2.jpg Package number: 212
Send ACK of 1754543
Filename: 2.jpg Package number: 213
Send ACK of 1762543
Filename: 2.jpg Package number: 214
Send ACK of 1770543
Filename: 2.jpg Package number: 215
Send ACK of 1778543
Filename: 2.jpg Package number: 216
Send ACK of 1786543
Filename: 2.jpg Package number: 217
Send ACK of 1794543
Filename: 2.jpg Package number: 218
Send ACK of 1802543
Filename: 2.jpg Package number: 219
Send ACK of 1810543
Filename: 2.jpg Package number: 220
Send ACK of 1818543
Filename: 2.jpg Package number: 221
Send ACK of 1826543
Filename: 2.jpg Package number: 222
Send ACK of 1834543
Filename: 2.jpg Package number: 223
Send ACK of 1842543
Filename: 2.jpg Package number: 224
Send ACK of 1850543
Filename: 2.jpg Package number: 225
Send ACK of 1858543
Filename: 2.jpg Package number: 226
Send ACK of 1866543
Filename: 2.jpg Package number: 227
Send ACK of 1874543
Filename: 2.jpg Package number: 228
Send ACK of 1882543
Filename: 2.jpg Package number: 229
Send ACK of 1890543
Filename: 2.jpg Package number: 230
Send ACK of 1898543
Filename: 2.jpg Package number: 231
Send ACK of 1906543
Filename: 2.jpg Package number: 232
Send ACK of 1914543
Filename: 2.jpg Package number: 233
Send ACK of 1922543
Filename: 2.jpg Package number: 234
Send ACK of 1930543
Filename: 2.jpg Package number: 235
Send ACK of 1938543
Filename: 2.jpg Package number: 236
Send ACK of 1946543
Filename: 2.jpg Package number: 237
Send ACK of 1954543
Filename: 2.jpg Package number: 238
Send ACK of 1962543
Filename: 2.jpg Package number: 239
Send ACK of 1970543
Filename: 2.jpg Package number: 240
Send ACK of 1978543
Filename: 2.jpg Package number: 241
Send ACK of 1986543
Filename: 2.jpg Package number: 242
Send ACK of 1994543
Filename: 2.jpg Package number: 243
Send ACK of 2002543
Filename: 2.jpg Package number: 244
Send ACK of 2010543
Filename: 2.jpg Package number: 245
Send ACK of 2018543
Filename: 2.jpg Package number: 246
Send ACK of 2026543
Filename: 2.jpg Package number: 247
Send ACK of 2034543
Filename: 2.jpg Package number: 248
Send ACK of 2042543
Filename: 2.jpg Package number: 249
Send ACK of 2050543
Filename: 2.jpg Package number: 250
Send ACK of 2058543
Filename: 2.jpg Package number: 251
Send ACK of 2066543
Filename: 2.jpg Package number: 252
Send ACK of 2074543
Filename: 2.jpg Package number: 253
Send ACK of 2082543
Filename: 2.jpg Package number: 254
Send ACK of 2090543
Filename: 2.jpg Package number: 255
Send ACK of 2098543
Filename: 2.jpg Package number: 256
Send ACK of 2106543
Filename: 2.jpg Package number: 257
Send ACK of 2114543
Filename: 2.jpg Package number: 258
Send ACK of 2122543
Filename: 2.jpg Package number: 259
Send ACK of 2130543
Filename: 2.jpg Package number: 260
Send ACK of 2138543
Filename: 2.jpg Package number: 261
Send ACK of 2146543
Filename: 2.jpg Package number: 262
Send ACK of 2154543
Filename: 2.jpg Package number: 263
Send ACK of 2162543
Filename: 2.jpg Package number: 264
Send ACK of 2170543
Filename: 2.jpg Package number: 265
Send ACK of 2178543
Filename: 2.jpg Package number: 266
Send ACK of 2186543
Filename: 2.jpg Package number: 267
Send ACK of 2194543
Filename: 2.jpg Package number: 268
Send ACK of 2202543
Filename: 2.jpg Package number: 269
Send ACK of 2210543
Filename: 2.jpg Package number: 270
Send ACK of 2218543
Filename: 2.jpg Package number: 271
Send ACK of 2226543
Filename: 2.jpg Package number: 272
Send ACK of 2234543
Filename: 2.jpg Package number: 273
Send ACK of 2242543
Filename: 2.jpg Package number: 274
Send ACK of 2250543
Filename: 2.jpg Package number: 275
Send ACK of 2258543
Filename: 2.jpg Package number: 276
Send ACK of 2266543
Filename: 2.jpg Package number: 277
Send ACK of 2274543
Filename: 2.jpg Package number: 278
Send ACK of 2282543
Filename: 2.jpg Package number: 279
Send ACK of 2290543
Filename: 2.jpg Package number: 280
Send ACK of 2298543
Filename: 2.jpg Package number: 281
Send ACK of 2306543
Filename: 2.jpg Package number: 282
Send ACK of 2314543
Filename: 2.jpg Package number: 283
Send ACK of 2322543
Filename: 2.jpg Package number: 284
Send ACK of 2330543
Filename: 2.jpg Package number: 285
Send ACK of 2338543
Filename: 2.jpg Package number: 286
Send ACK of 2346543
Filename: 2.jpg Package number: 287
Send ACK of 2354543
Filename: 2.jpg Package number: 288
Send ACK of 2362543
Filename: 2.jpg Package number: 289
Send ACK of 2370543
Filename: 2.jpg Package number: 290
Send ACK of 2378543
Filename: 2.jpg Package number: 291
Send ACK of 2386543
Filename: 2.jpg Package number: 292
Send ACK of 2394543
Filename: 2.jpg Package number: 293
Send ACK of 2402543
Filename: 2.jpg Package number: 294
Send ACK of 2410543
Filename: 2.jpg Package number: 295
Send ACK of 2418543
Filename: 2.jpg Package number: 296
Send ACK of 2426543
Filename: 2.jpg Package number: 297
Send ACK of 2434543
Filename: 2.jpg Package number: 298
Send ACK of 2442543
Filename: 2.jpg Package number: 299
Send ACK of 2450543
Filename: 2.jpg Package number: 300
Send ACK of 2458543
Filename: 2.jpg Package number: 301
Send ACK of 2466543
Filename: 2.jpg Package number: 302
Send ACK of 2474543
Filename: 2.jpg Package number: 303
Send ACK of 2482543
Filename: 2.jpg Package number: 304
Send ACK of 2490543
Filename: 2.jpg Package number: 305
Send ACK of 2498543
Filename: 2.jpg Package number: 306
Send ACK of 2506543
Filename: 2.jpg Package number: 307
Send ACK of 2514543
Filename: 2.jpg Package number: 308
Send ACK of 2522543
Filename: 2.jpg Package number: 309
Send ACK of 2530543
Filename: 2.jpg Package number: 310
Send ACK of 2538543
Filename: 2.jpg Package number: 311
Send ACK of 2546543
Filename: 2.jpg Package number: 312
Send ACK of 2554543
Filename: 2.jpg Package number: 313
Send ACK of 2562543
Filename: 2.jpg Package number: 314
Send ACK of 2570543
Filename: 2.jpg Package number: 315
Send ACK of 2578543
Filename: 2.jpg Package number: 316
Send ACK of 2586543
Filename: 2.jpg Package number: 317
Send ACK of 2594543
Filename: 2.jpg Package number: 318
Send ACK of 2602543
Filename: 2.jpg Package number: 319
Send ACK of 2610543
Filename: 2.jpg Package number: 320
Send ACK of 2618543
Filename: 2.jpg Package number: 321
Send ACK of 2626543
Filename: 2.jpg Package number: 322
Send ACK of 2634543
Filename: 2.jpg Package number: 323
Send ACK of 2642543
Filename: 2.jpg Package number: 324
Send ACK of 2650543
Filename: 2.jpg Package number: 325
Send ACK of 2658543
Filename: 2.jpg Package number: 326
Send ACK of 2666543
Filename: 2.jpg Package number: 327
Send ACK of 2674543
Filename: 2.jpg Package number: 328
Send ACK of 2682543
Filename: 2.jpg Package number: 329
Send ACK of 2690543
Filename: 2.jpg Package number: 330
Send ACK of 2698543
Filename: 2.jpg Package number: 331
Send ACK of 2706543
Filename: 2.jpg Package number: 332
Send ACK of 2714543
Filename: 2.jpg Package number: 333
Send ACK of 2722543
Filename: 2.jpg Package number: 334
Send ACK of 2730543
Filename: 2.jpg Package number: 335
Send ACK of 2738543
Filename: 2.jpg Package number: 336
Send ACK of 2746543
Filename: 2.jpg Package number: 337
Send ACK of 2754543
Filename: 2.jpg Package number: 338
Send ACK of 2762543
Filename: 2.jpg Package number: 339
Send ACK of 2770543
Filename: 2.jpg Package number: 340
Send ACK of 2778543
Filename: 2.jpg Package number: 341
Send ACK of 2786543
Filename: 2.jpg Package number: 342
Send ACK of 2794543
Filename: 2.jpg Package number: 343
Send ACK of 2802543
Filename: 2.jpg Package number: 344
Send ACK of 2810543
Filename: 2.jpg Package number: 345
Send ACK of 2818543
Filename: 2.jpg Package number: 346
Send ACK of 2826543
Filename: 2.jpg Package number: 347
Send ACK of 2834543
Filename: 2.jpg Package number: 348
Send ACK of 2842543
Filename: 2.jpg Package number: 349
Send ACK of 2850543
Filename: 2.jpg Package number: 350
Send ACK of 2858543
Filename: 2.jpg Package number: 351
Send ACK of 2866543
Filename: 2.jpg Package number: 352
Send ACK of 2874543
Filename: 2.jpg Package number: 353
Send ACK of 2882543
Filename: 2.jpg Package number: 354
Send ACK of 2890543
Filename: 2.jpg Package number: 355
Send ACK of 2898543
Filename: 2.jpg Package number: 356
Send ACK of 2906543
Filename: 2.jpg Package number: 357
Send ACK of 2914543
Filename: 2.jpg Package number: 358
Send ACK of 2922543
Filename: 2.jpg Package number: 359
Send ACK of 2930543
Filename: 2.jpg Package number: 360
Send ACK of 2938543
Filename: 2.jpg Package number: 361
Send ACK of 2946543
Filename: 2.jpg Package number: 362
Send ACK of 2954543
Filename: 2.jpg Package number: 363
Send ACK of 2962543
Filename: 2.jpg Package number: 364
Send ACK of 2970543
Filename: 2.jpg Package number: 365
Send ACK of 2978543
Filename: 2.jpg Package number: 366
Send ACK of 2986543
Filename: 2.jpg Package number: 367
Send ACK of 2994543
Filename: 2.jpg Package number: 368
Send ACK of 3002543
Filename: 2.jpg Package number: 369
Send ACK of 3010543
Filename: 2.jpg Package number: 370
Send ACK of 3018543
Filename: 2.jpg Package number: 371
Send ACK of 3026543
Filename: 2.jpg Package number: 372
Send ACK of 3034543
Filename: 2.jpg Package number: 373
Send ACK of 3042543
Filename: 2.jpg Package number: 374
Send ACK of 3050543
Filename: 2.jpg Package number: 375
Send ACK of 3058543
Filename: 2.jpg Package number: 376
Send ACK of 3066543
Filename: 2.jpg Package number: 377
Send ACK of 3074543
Filename: 2.jpg Package number: 378
Send ACK of 3082543
Filename: 2.jpg Package number: 379
Send ACK of 3090543
Filename: 2.jpg Package number: 380
Send ACK of 3098543
Filename: 2.jpg Package number: 381
Send ACK of 3106543
Filename: 2.jpg Package number: 382
Send ACK of 3114543
Filename: 2.jpg Package number: 383
Send ACK of 3122543
Filename: 2.jpg Package number: 384
Send ACK of 3130543
Filename: 2.jpg Package number: 385
Send ACK of 3138543
Filename: 2.jpg Package number: 386
Send ACK of 3146543
Filename: 2.jpg Package number: 387
Send ACK of 3154543
Filename: 2.jpg Package number: 388
Send ACK of 3162543
Filename: 2.jpg Package number: 389
Send ACK of 3170543
Filename: 2.jpg Package number: 390
Send ACK of 3178543
Filename: 2.jpg Package number: 391
Send ACK of 3186543
Filename: 2.jpg Package number: 392
Send ACK of 3194543
Filename: 2.jpg Package number: 393
Send ACK of 3202543
Filename: 2.jpg Package number: 394
Send ACK of 3210543
Filename: 2.jpg Package number: 395
Send ACK of 3218543
Filename: 2.jpg Package number: 396
Send ACK of 3226543
Filename: 2.jpg Package number: 397
Send ACK of 3234543
Filename: 2.jpg Package number: 398
Send ACK of 3242543
Filename: 2.jpg Package number: 399
Send ACK of 3250543
Filename: 2.jpg Package number: 400
Send ACK of 3258543
Filename: 2.jpg Package number: 401
Send ACK of 3266543
Filename: 2.jpg Package number: 402
Send ACK of 3274543
Filename: 2.jpg Package number: 403
Send ACK of 3282543
Filename: 2.jpg Package number: 404
Send ACK of 3290543
Filename: 2.jpg Package number: 405
Send ACK of 3298543
Filename: 2.jpg Package number: 406
Send ACK of 3306543
Filename: 2.jpg Package number: 407
Send ACK of 3314543
Filename: 2.jpg Package number: 408
Send ACK of 3322543
Filename: 2.jpg Package number: 409
Send ACK of 3330543
Filename: 2.jpg Package number: 410
Send ACK of 3338543
Filename: 2.jpg Package number: 411
Send ACK of 3346543
Filename: 2.jpg Package number: 412
Send ACK of 3354543
Filename: 2.jpg Package number: 413
Send ACK of 3362543
Filename: 2.jpg Package number: 414
Send ACK of 3370543
Filename: 2.jpg Package number: 415
Send ACK of 3378543
Filename: 2.jpg Package number: 416
Send ACK of 3386543
Filename: 2.jpg Package number: 417
Send ACK of 3394543
Filename: 2.jpg Package number: 418
Send ACK of 3402543
Filename: 2.jpg Package number: 419
Send ACK of 3410543
Filename: 2.jpg Package number: 420
Send ACK of 3418543
Filename: 2.jpg Package number: 421
Send ACK of 3426543
Filename: 2.jpg Package number: 422
Send ACK of 3434543
Filename: 2.jpg Package number: 423
Send ACK of 3442543
Filename: 2.jpg Package number: 424
Send ACK of 3450543
Filename: 2.jpg Package number: 425
Send ACK of 3458543
Filename: 2.jpg Package number: 426
Send ACK of 3466543
Filename: 2.jpg Package number: 427
Send ACK of 3474543
Filename: 2.jpg Package number: 428
Send ACK of 3482543
Filename: 2.jpg Package number: 429
Send ACK of 3490543
Filename: 2.jpg Package number: 430
Send ACK of 3498543
Filename: 2.jpg Package number: 431
Send ACK of 3506543
Filename: 2.jpg Package number: 432
Send ACK of 3514543
Filename: 2.jpg Package number: 433
Send ACK of 3522543
Filename: 2.jpg Package number: 434
Send ACK of 3530543
Filename: 2.jpg Package number: 435
Send ACK of 3538543
Filename: 2.jpg Package number: 436
Send ACK of 3546543
Filename: 2.jpg Package number: 437
Send ACK of 3554543
Filename: 2.jpg Package number: 438
Send ACK of 3562543
Filename: 2.jpg Package number: 439
Send ACK of 3570543
Filename: 2.jpg Package number: 440
Send ACK of 3578543
Filename: 2.jpg Package number: 441
Send ACK of 3586543
Filename: 2.jpg Package number: 442
Send ACK of 3594543
Filename: 2.jpg Package number: 443
Send ACK of 3602543
Filename: 2.jpg Package number: 444
Send ACK of 3610543
Filename: 2.jpg Package number: 445
Send ACK of 3618543
Filename: 2.jpg Package number: 446
Send ACK of 3626543
Filename: 2.jpg Package number: 447
Send ACK of 3634543
Filename: 2.jpg Package number: 448
Send ACK of 3642543
Filename: 2.jpg Package number: 449
Send ACK of 3650543
Filename: 2.jpg Package number: 450
Send ACK of 3658543
Filename: 2.jpg Package number: 451
Send ACK of 3666543
Filename: 2.jpg Package number: 452
Send ACK of 3674543
Filename: 2.jpg Package number: 453
Send ACK of 3682543
Filename: 2.jpg Package number: 454
Send ACK of 3690543
Filename: 2.jpg Package number: 455
Send ACK of 3698543
Filename: 2.jpg Package number: 456
Send ACK of 3706543
Filename: 2.jpg Package number: 457
Send ACK of 3714543
Filename: 2.jpg Package number: 458
Send ACK of 3722543
Filename: 2.jpg Package number: 459
Send ACK of 3730543
Filename: 2.jpg Package number: 460
Send ACK of 3738543
Filename: 2.jpg Package number: 461
Send ACK of 3746543
Filename: 2.jpg Package number: 462
Send ACK of 3754543
Filename: 2.jpg Package number: 463
Send ACK of 3762543
Filename: 2.jpg Package number: 464
Send ACK of 3770543
Filename: 2.jpg Package number: 465
Send ACK of 3778543
Filename: 2.jpg Package number: 466
Send ACK of 3786543
Filename: 2.jpg Package number: 467
Send ACK of 3794543
Filename: 2.jpg Package number: 468
Send ACK of 3802543
Filename: 2.jpg Package number: 469
Send ACK of 3810543
Filename: 2.jpg Package number: 470
Send ACK of 3818543
Filename: 2.jpg Package number: 471
Send ACK of 3826543
Filename: 2.jpg Package number: 472
Send ACK of 3834543
Filename: 2.jpg Package number: 473
Send ACK of 3842543
Filename: 2.jpg Package number: 474
Send ACK of 3850543
Filename: 2.jpg Package number: 475
Send ACK of 3858543
Filename: 2.jpg Package number: 476
Send ACK of 3866543
Filename: 2.jpg Package number: 477
Send ACK of 3874543
Filename: 2.jpg Package number: 478
Send ACK of 3882543
Filename: 2.jpg Package number: 479
Send ACK of 3890543
Filename: 2.jpg Package number: 480
Send ACK of 3898543
Filename: 2.jpg Package number: 481
Send ACK of 3906543
Filename: 2.jpg Package number: 482
Send ACK of 3914543
Filename: 2.jpg Package number: 483
Send ACK of 3922543
Filename: 2.jpg Package number: 484
Send ACK of 3930543
Filename: 2.jpg Package number: 485
Send ACK of 3938543
Filename: 2.jpg Package number: 486
Send ACK of 3946543
Filename: 2.jpg Package number: 487
Send ACK of 3954543
Filename: 2.jpg Package number: 488
Send ACK of 3962543
Filename: 2.jpg Package number: 489
Send ACK of 3970543
Filename: 2.jpg Package number: 490
Send ACK of 3978543
Filename: 2.jpg Package number: 491
Send ACK of 3986543
Filename: 2.jpg Package number: 492
Send ACK of 3994543
Filename: 2.jpg Package number: 493
Send ACK of 4002543
Filename: 2.jpg Package number: 494
Send ACK of 4010543
Filename: 2.jpg Package number: 495
Send ACK of 4018543
Filename: 2.jpg Package number: 496
Send ACK of 4026543
Filename: 2.jpg Package number: 497
Send ACK of 4034543
Filename: 2.jpg Package number: 498
Send ACK of 4042543
Filename: 2.jpg Package number: 499
Send ACK of 4050543
Filename: 2.jpg Package number: 500
Send ACK of 4058543
Filename: 2.jpg Package number: 501
Send ACK of 4066543
Filename: 2.jpg Package number: 502
Send ACK of 4074543
Filename: 2.jpg Package number: 503
Send ACK of 4082543
Filename: 2.jpg Package number: 504
Send ACK of 4090543
Filename: 2.jpg Package number: 505
Send ACK of 4098543
Filename: 2.jpg Package number: 506
Send ACK of 4106543
Filename: 2.jpg Package number: 507
Send ACK of 4114543
Filename: 2.jpg Package number: 508
Send ACK of 4122543
Filename: 2.jpg Package number: 509
Send ACK of 4130543
Filename: 2.jpg Package number: 510
Send ACK of 4138543
Filename: 2.jpg Package number: 511
Send ACK of 4146543
Filename: 2.jpg Package number: 512
Send ACK of 4154543
Filename: 2.jpg Package number: 513
Send ACK of 4162543
Filename: 2.jpg Package number: 514
Send ACK of 4170543
Filename: 2.jpg Package number: 515
Send ACK of 4178543
Filename: 2.jpg Package number: 516
Send ACK of 4186543
Filename: 2.jpg Package number: 517
Send ACK of 4194543
Filename: 2.jpg Package number: 518
Send ACK of 4202543
Filename: 2.jpg Package number: 519
Send ACK of 4210543
Filename: 2.jpg Package number: 520
Send ACK of 4218543
Filename: 2.jpg Package number: 521
Send ACK of 4226543
Filename: 2.jpg Package number: 522
Send ACK of 4234543
Filename: 2.jpg Package number: 523
Send ACK of 4242543
Filename: 2.jpg Package number: 524
Send ACK of 4250543
Filename: 2.jpg Package number: 525
Send ACK of 4258543
Filename: 2.jpg Package number: 526
Send ACK of 4266543
Filename: 2.jpg Package number: 527
Send ACK of 4274543
Filename: 2.jpg Package number: 528
Send ACK of 4282543
Filename: 2.jpg Package number: 529
Send ACK of 4290543
Filename: 2.jpg Package number: 530
Send ACK of 4298543
Filename: 2.jpg Package number: 531
Send ACK of 4306543
Filename: 2.jpg Package number: 532
Send ACK of 4314543
Filename: 2.jpg Package number: 533
Send ACK of 4322543
Filename: 2.jpg Package number: 534
Send ACK of 4330543
Filename: 2.jpg Package number: 535
Send ACK of 4338543
Filename: 2.jpg Package number: 536
Send ACK of 4346543
Filename: 2.jpg Package number: 537
Send ACK of 4354543
Filename: 2.jpg Package number: 538
Send ACK of 4362543
Filename: 2.jpg Package number: 539
Send ACK of 4370543
Filename: 2.jpg Package number: 540
Send ACK of 4378543
Filename: 2.jpg Package number: 541
Send ACK of 4386543
Filename: 2.jpg Package number: 542
Send ACK of 4394543
Filename: 2.jpg Package number: 543
Send ACK of 4402543
Filename: 2.jpg Package number: 544
Send ACK of 4410543
Filename: 2.jpg Package number: 545
Send ACK of 4418543
Filename: 2.jpg Package number: 546
Send ACK of 4426543
Filename: 2.jpg Package number: 547
Send ACK of 4434543
Filename: 2.jpg Package number: 548
Send ACK of 4442543
Filename: 2.jpg Package number: 549
Send ACK of 4450543
Filename: 2.jpg Package number: 550
Send ACK of 4458543
Filename: 2.jpg Package number: 551
Send ACK of 4466543
Filename: 2.jpg Package number: 552
Send ACK of 4474543
Filename: 2.jpg Package number: 553
Send ACK of 4482543
Filename: 2.jpg Package number: 554
Send ACK of 4490543
Filename: 2.jpg Package number: 555
Send ACK of 4498543
Filename: 2.jpg Package number: 556
Send ACK of 4506543
Filename: 2.jpg Package number: 557
Send ACK of 4514543
Filename: 2.jpg Package number: 558
Send ACK of 4522543
Filename: 2.jpg Package number: 559
Send ACK of 4530543
Filename: 2.jpg Package number: 560
Send ACK of 4538543
Filename: 2.jpg Package number: 561
Send ACK of 4546543
Filename: 2.jpg Package number: 562
Send ACK of 4554543
Filename: 2.jpg Package number: 563
Send ACK of 4562543
Filename: 2.jpg Package number: 564
Send ACK of 4570543
Filename: 2.jpg Package number: 565
Send ACK of 4578543
Filename: 2.jpg Package number: 566
Send ACK of 4586543
Filename: 2.jpg Package number: 567
Send ACK of 4594543
Filename: 2.jpg Package number: 568
Send ACK of 4602543
Filename: 2.jpg Package number: 569
Send ACK of 4610543
Filename: 2.jpg Package number: 570
Send ACK of 4618543
Filename: 2.jpg Package number: 571
Send ACK of 4626543
Filename: 2.jpg Package number: 572
Send ACK of 4634543
Filename: 2.jpg Package number: 573
Send ACK of 4642543
Filename: 2.jpg Package number: 574
Send ACK of 4650543
Filename: 2.jpg Package number: 575
Send ACK of 4658543
Filename: 2.jpg Package number: 576
Send ACK of 4666543
Filename: 2.jpg Package number: 577
Send ACK of 4674543
Filename: 2.jpg Package number: 578
Send ACK of 4682543
Filename: 2.jpg Package number: 579
Send ACK of 4690543
Filename: 2.jpg Package number: 580
Send ACK of 4698543
Filename: 2.jpg Package number: 581
Send ACK of 4706543
Filename: 2.jpg Package number: 582
Send ACK of 4714543
Filename: 2.jpg Package number: 583
Send ACK of 4722543
Filename: 2.jpg Package number: 584
Send ACK of 4730543
Filename: 2.jpg Package number: 585
Send ACK of 4738543
Filename: 2.jpg Package number: 586
Send ACK of 4746543
Filename: 2.jpg Package number: 587
Send ACK of 4754543
Filename: 2.jpg Package number: 588
Send ACK of 4762543
Filename: 2.jpg Package number: 589
Send ACK of 4770543
Filename: 2.jpg Package number: 590
Send ACK of 4778543
Filename: 2.jpg Package number: 591
Send ACK of 4786543
Filename: 2.jpg Package number: 592
Send ACK of 4794543
Filename: 2.jpg Package number: 593
Send ACK of 4802543
Filename: 2.jpg Package number: 594
Send ACK of 4810543
Filename: 2.jpg Package number: 595
Send ACK of 4818543
Filename: 2.jpg Package number: 596
Send ACK of 4826543
Filename: 2.jpg Package number: 597
Send ACK of 4834543
Filename: 2.jpg Package number: 598
Send ACK of 4842543
Filename: 2.jpg Package number: 599
Send ACK of 4850543
Filename: 2.jpg Package number: 600
Send ACK of 4858543
Filename: 2.jpg Package number: 601
Send ACK of 4866543
Filename: 2.jpg Package number: 602
Send ACK of 4874543
Filename: 2.jpg Package number: 603
Send ACK of 4882543
Filename: 2.jpg Package number: 604
Send ACK of 4890543
Filename: 2.jpg Package number: 605
Send ACK of 4898543
Filename: 2.jpg Package number: 606
Send ACK of 4906543
Filename: 2.jpg Package number: 607
Send ACK of 4914543
Filename: 2.jpg Package number: 608
Send ACK of 4922543
Filename: 2.jpg Package number: 609
Send ACK of 4930543
Filename: 2.jpg Package number: 610
Send ACK of 4938543
Filename: 2.jpg Package number: 611
Send ACK of 4946543
Filename: 2.jpg Package number: 612
Send ACK of 4954543
Filename: 2.jpg Package number: 613
Send ACK of 4962543
Filename: 2.jpg Package number: 614
Send ACK of 4970543
Filename: 2.jpg Package number: 615
Send ACK of 4978543
Filename: 2.jpg Package number: 616
Send ACK of 4986543
Filename: 2.jpg Package number: 617
Send ACK of 4994543
Filename: 2.jpg Package number: 618
Send ACK of 5002543
Filename: 2.jpg Package number: 619
Send ACK of 5010543
Filename: 2.jpg Package number: 620
Send ACK of 5018543
Filename: 2.jpg Package number: 621
Send ACK of 5026543
Filename: 2.jpg Package number: 622
Send ACK of 5034543
Filename: 2.jpg Package number: 623
Send ACK of 5042543
Filename: 2.jpg Package number: 624
Send ACK of 5050543
Filename: 2.jpg Package number: 625
Send ACK of 5058543
Filename: 2.jpg Package number: 626
Send ACK of 5066543
Filename: 2.jpg Package number: 627
Send ACK of 5074543
Filename: 2.jpg Package number: 628
Send ACK of 5082543
Filename: 2.jpg Package number: 629
Send ACK of 5090543
Filename: 2.jpg Package number: 630
Send ACK of 5098543
Filename: 2.jpg Package number: 631
Send ACK of 5106543
Filename: 2.jpg Package number: 632
Send ACK of 5114543
Filename: 2.jpg Package number: 633
Send ACK of 5122543
Filename: 2.jpg Package number: 634
Send ACK of 5130543
Filename: 2.jpg Package number: 635
Send ACK of 5138543
Filename: 2.jpg Package number: 636
Send ACK of 5146543
Filename: 2.jpg Package number: 637
Send ACK of 5154543
Filename: 2.jpg Package number: 638
Send ACK of 5162543
Filename: 2.jpg Package number: 639
Send ACK of 5170543
Filename: 2.jpg Package number: 640
Send ACK of 5178543
Filename: 2.jpg Package number: 641
Send ACK of 5186543
Filename: 2.jpg Package number: 642
Send ACK of 5194543
Filename: 2.jpg Package number: 643
Send ACK of 5202543
Filename: 2.jpg Package number: 644
Send ACK of 5210543
Filename: 2.jpg Package number: 645
Send ACK of 5218543
Filename: 2.jpg Package number: 646
Send ACK of 5226543
Filename: 2.jpg Package number: 647
Send ACK of 5234543
Filename: 2.jpg Package number: 648
Send ACK of 5242543
Filename: 2.jpg Package number: 649
Send ACK of 5250543
Filename: 2.jpg Package number: 650
Send ACK of 5258543
Filename: 2.jpg Package number: 651
Send ACK of 5266543
Filename: 2.jpg Package number: 652
Send ACK of 5274543
Filename: 2.jpg Package number: 653
Send ACK of 5282543
Filename: 2.jpg Package number: 654
Send ACK of 5290543
Filename: 2.jpg Package number: 655
Send ACK of 5298543
Filename: 2.jpg Package number: 656
Send ACK of 5306543
Filename: 2.jpg Package number: 657
Send ACK of 5314543
Filename: 2.jpg Package number: 658
Send ACK of 5322543
Filename: 2.jpg Package number: 659
Send ACK of 5330543
Filename: 2.jpg Package number: 660
Send ACK of 5338543
Filename: 2.jpg Package number: 661
Send ACK of 5346543
Filename: 2.jpg Package number: 662
Send ACK of 5354543
Filename: 2.jpg Package number: 663
Send ACK of 5362543
Filename: 2.jpg Package number: 664
Send ACK of 5370543
Filename: 2.jpg Package number: 665
Send ACK of 5378543
Filename: 2.jpg Package number: 666
Send ACK of 5386543
Filename: 2.jpg Package number: 667
Send ACK of 5394543
Filename: 2.jpg Package number: 668
Send ACK of 5402543
Filename: 2.jpg Package number: 669
Send ACK of 5410543
Filename: 2.jpg Package number: 670
Send ACK of 5418543
Filename: 2.jpg Package number: 671
Send ACK of 5426543
Filename: 2.jpg Package number: 672
Send ACK of 5434543
Filename: 2.jpg Package number: 673
Send ACK of 5442543
Filename: 2.jpg Package number: 674
Send ACK of 5450543
Filename: 2.jpg Package number: 675
Send ACK of 5458543
Filename: 2.jpg Package number: 676
Send ACK of 5466543
Filename: 2.jpg Package number: 677
Send ACK of 5474543
Filename: 2.jpg Package number: 678
Send ACK of 5482543
Filename: 2.jpg Package number: 679
Send ACK of 5490543
Filename: 2.jpg Package number: 680
Send ACK of 5498543
Filename: 2.jpg Package number: 681
Send ACK of 5506543
Filename: 2.jpg Package number: 682
Send ACK of 5514543
Filename: 2.jpg Package number: 683
Send ACK of 5522543
Filename: 2.jpg Package number: 684
Send ACK of 5530543
Filename: 2.jpg Package number: 685
Send ACK of 5538543
Filename: 2.jpg Package number: 686
Send ACK of 5546543
Filename: 2.jpg Package number: 687
Send ACK of 5554543
Filename: 2.jpg Package number: 688
Send ACK of 5562543
Filename: 2.jpg Package number: 689
Send ACK of 5570543
Filename: 2.jpg Package number: 690
Send ACK of 5578543
Filename: 2.jpg Package number: 691
Send ACK of 5586543
Filename: 2.jpg Package number: 692
Send ACK of 5594543
Filename: 2.jpg Package number: 693
Send ACK of 5602543
Filename: 2.jpg Package number: 694
Send ACK of 5610543
Filename: 2.jpg Package number: 695
Send ACK of 5618543
Filename: 2.jpg Package number: 696
Send ACK of 5626543
Filename: 2.jpg Package number: 697
Send ACK of 5634543
Filename: 2.jpg Package number: 698
Send ACK of 5642543
Filename: 2.jpg Package number: 699
Send ACK of 5650543
Filename: 2.jpg Package number: 700
Send ACK of 5658543
Filename: 2.jpg Package number: 701
Send ACK of 5666543
Filename: 2.jpg Package number: 702
Send ACK of 5674543
Filename: 2.jpg Package number: 703
Send ACK of 5682543
Filename: 2.jpg Package number: 704
Send ACK of 5690543
Filename: 2.jpg Package number: 705
Send ACK of 5698543
Filename: 2.jpg Package number: 706
Send ACK of 5706543
Filename: 2.jpg Package number: 707
Send ACK of 5714543
Filename: 2.jpg Package number: 708
Send ACK of 5722543
Filename: 2.jpg Package number: 709
Send ACK of 5730543
Filename: 2.jpg Package number: 710
Send ACK of 5738543
Filename: 2.jpg Package number: 711
Send ACK of 5746543
Filename: 2.jpg Package number: 712
Send ACK of 5754543
Filename: 2.jpg Package number: 713
Send ACK of 5762543
Filename: 2.jpg Package number: 714
Send ACK of 5770543
Filename: 2.jpg Package number: 715
Send ACK of 5778543
Filename: 2.jpg Package number: 716
Send ACK of 5786543
Filename: 2.jpg Package number: 717
Send ACK of 5794543
Filename: 2.jpg Package number: 718
Send ACK of 5802543
Filename: 2.jpg Package number: 719
Send ACK of 5810543
Filename: 2.jpg Package number: 720
Send ACK of 5818543
Filename: 2.jpg Package number: 721
Send ACK of 5826543
Filename: 2.jpg Package number: 722
Send ACK of 5834543
Filename: 2.jpg Package number: 723
Send ACK of 5842543
Filename: 2.jpg Package number: 724
Send ACK of 5850543
Filename: 2.jpg Package number: 725
Send ACK of 5858543
Filename: 2.jpg Package number: 726
Send ACK of 5866543
Filename: 2.jpg Package number: 727
Send ACK of 5874543
Filename: 2.jpg Package number: 728
Send ACK of 5882543
Filename: 2.jpg Package number: 729
Send ACK of 5890543
Filename: 2.jpg Package number: 730
Send ACK of 5898543
Filename: 2.jpg Package number: 731
Send ACK of 5906543
Filename: 2.jpg Package number: 732
Send ACK of 5914543
Filename: 2.jpg Package number: 733
Send ACK of 5922543
Filename: 2.jpg Package number: 734
Send ACK of 5930543
Filename: 2.jpg Package number: 735
Send ACK of 5938543
Filename: 2.jpg Package number: 736
Send ACK of 5946543
Filename: 2.jpg Package number: 737
Send ACK of 5954543
Filename: 2.jpg Package number: 738
Send ACK of 5957048
Acknowledge First Wave
Second Wave Succeed! 
Acknowledge seqnum package 60872
Acknowledge Third Wave
Third Wave Succeed! 
Fourth wave Succeed!
Succeed to disconnect!
