First handshake Succeed! 
Acknowledge Second Handshake
Third handshake Succeed! 
Acknowledge package seqnum 58542
Acknowledge package seqnum 66542
Acknowledge package seqnum 74542
Acknowledge package seqnum 82542
Acknowledge package seqnum 90542
Acknowledge package seqnum 98542
Acknowledge package seqnum 106542
Acknowledge package seqnum 114542
Acknowledge package seqnum 122542
Acknowledge package seqnum 130542
Acknowledge package seqnum 138542
Acknowledge package seqnum 146542
Acknowledge package seqnum 154542
Acknowledge package seqnum 162542
Acknowledge package seqnum 170542
Acknowledge package seqnum 178542
Acknowledge package seqnum 186542
Acknowledge package seqnum 194542
Acknowledge package seqnum 202542
Acknowledge package seqnum 210542
Acknowledge package seqnum 218542
Acknowledge package seqnum 226542
Acknowledge package seqnum 234542
Acknowledge package seqnum 242542
Acknowledge package seqnum 250542
Acknowledge package seqnum 258542
Acknowledge package seqnum 266542
Acknowledge package seqnum 274542
Acknowledge package seqnum 282542
Acknowledge package seqnum 290542
Acknowledge package seqnum 298542
Acknowledge package seqnum 306542
Acknowledge package seqnum 314542
Acknowledge package seqnum 322542
Acknowledge package seqnum 330542
Acknowledge package seqnum 338542
Acknowledge package seqnum 346542
Acknowledge package seqnum 354542
Acknowledge package seqnum 362542
Acknowledge package seqnum 370542
Acknowledge package seqnum 378542
Acknowledge package seqnum 386542
Acknowledge package seqnum 394542
Acknowledge package seqnum 402542
Acknowledge package seqnum 410542
Acknowledge package seqnum 418542
Acknowledge package seqnum 426542
Acknowledge package seqnum 434542
Acknowledge package seqnum 442542
Acknowledge package seqnum 450542
Acknowledge package seqnum 458542
Acknowledge package seqnum 466542
Acknowledge package seqnum 474542
Acknowledge package seqnum 482542
Acknowledge package seqnum 490542
Acknowledge package seqnum 498542
Acknowledge package seqnum 506542
Acknowledge package seqnum 514542
Acknowledge package seqnum 522542
Acknowledge package seqnum 530542
Acknowledge package seqnum 538542
Acknowledge package seqnum 546542
Acknowledge package seqnum 554542
Acknowledge package seqnum 562542
Acknowledge package seqnum 570542
Acknowledge package seqnum 578542
Acknowledge package seqnum 586542
Acknowledge package seqnum 594542
Acknowledge package seqnum 602542
Acknowledge package seqnum 610542
Acknowledge package seqnum 618542
Acknowledge package seqnum 626542
Acknowledge package seqnum 634542
Acknowledge package seqnum 642542
Acknowledge package seqnum 650542
Acknowledge package seqnum 658542
Acknowledge package seqnum 666542
Acknowledge package seqnum 674542
Acknowledge package seqnum 682542
Acknowledge package seqnum 690542
Acknowledge package seqnum 698542
Acknowledge package seqnum 706542
Acknowledge package seqnum 714542
Acknowledge package seqnum 722542
Acknowledge package seqnum 730542
Acknowledge package seqnum 738542
Acknowledge package seqnum 746542
Acknowledge package seqnum 754542
Acknowledge package seqnum 762542
Acknowledge package seqnum 770542
Acknowledge package seqnum 778542
Acknowledge package seqnum 786542
Acknowledge package seqnum 794542
Acknowledge package seqnum 802542
Acknowledge package seqnum 810542
Acknowledge package seqnum 818542
Acknowledge package seqnum 826542
Acknowledge package seqnum 834542
Acknowledge package seqnum 842542
Acknowledge package seqnum 850542
Acknowledge package seqnum 858542
Acknowledge package seqnum 866542
Acknowledge package seqnum 874542
Acknowledge package seqnum 882542
Acknowledge package seqnum 890542
Acknowledge package seqnum 898542
Acknowledge package seqnum 906542
Acknowledge package seqnum 914542
Acknowledge package seqnum 922542
Acknowledge package seqnum 930542
Acknowledge package seqnum 938542
Acknowledge package seqnum 946542
Acknowledge package seqnum 954542
Acknowledge package seqnum 962542
Acknowledge package seqnum 970542
Acknowledge package seqnum 978542
Acknowledge package seqnum 986542
Acknowledge package seqnum 994542
Acknowledge package seqnum 1002542
Acknowledge package seqnum 1010542
Acknowledge package seqnum 1018542
Acknowledge package seqnum 1026542
Acknowledge package seqnum 1034542
Acknowledge package seqnum 1042542
Acknowledge package seqnum 1050542
Acknowledge package seqnum 1058542
Acknowledge package seqnum 1066542
Acknowledge package seqnum 1074542
Acknowledge package seqnum 1082542
Acknowledge package seqnum 1090542
Acknowledge package seqnum 1098542
Acknowledge package seqnum 1106542
Acknowledge package seqnum 1114542
Acknowledge package seqnum 1122542
Acknowledge package seqnum 1130542
Acknowledge package seqnum 1138542
Acknowledge package seqnum 1146542
Acknowledge package seqnum 1154542
Acknowledge package seqnum 1162542
Acknowledge package seqnum 1170542
Acknowledge package seqnum 1178542
Acknowledge package seqnum 1186542
Acknowledge package seqnum 1194542
Acknowledge package seqnum 1202542
Acknowledge package seqnum 1210542
Acknowledge package seqnum 1218542
Acknowledge package seqnum 1226542
Acknowledge package seqnum 1234542
Acknowledge package seqnum 1242542
Acknowledge package seqnum 1250542
Acknowledge package seqnum 1258542
Acknowledge package seqnum 1266542
Acknowledge package seqnum 1274542
Acknowledge package seqnum 1282542
Acknowledge package seqnum 1290542
Acknowledge package seqnum 1298542
Acknowledge package seqnum 1306542
Acknowledge package seqnum 1314542
Acknowledge package seqnum 1322542
Acknowledge package seqnum 1330542
Acknowledge package seqnum 1338542
Acknowledge package seqnum 1346542
Acknowledge package seqnum 1354542
Acknowledge package seqnum 1362542
Acknowledge package seqnum 1370542
Acknowledge package seqnum 1378542
Acknowledge package seqnum 1386542
Acknowledge package seqnum 1394542
Acknowledge package seqnum 1402542
Acknowledge package seqnum 1410542
Acknowledge package seqnum 1418542
Acknowledge package seqnum 1426542
Acknowledge package seqnum 1434542
Acknowledge package seqnum 1442542
Acknowledge package seqnum 1450542
Acknowledge package seqnum 1458542
Acknowledge package seqnum 1466542
Acknowledge package seqnum 1474542
Acknowledge package seqnum 1482542
Acknowledge package seqnum 1490542
Acknowledge package seqnum 1498542
Acknowledge package seqnum 1506542
Acknowledge package seqnum 1514542
Acknowledge package seqnum 1522542
Acknowledge package seqnum 1530542
Acknowledge package seqnum 1538542
Acknowledge package seqnum 1546542
Acknowledge package seqnum 1554542
Acknowledge package seqnum 1562542
Acknowledge package seqnum 1570542
Acknowledge package seqnum 1578542
Acknowledge package seqnum 1586542
Acknowledge package seqnum 1594542
Acknowledge package seqnum 1602542
Acknowledge package seqnum 1610542
Acknowledge package seqnum 1618542
Acknowledge package seqnum 1626542
Acknowledge package seqnum 1634542
Acknowledge package seqnum 1642542
Acknowledge package seqnum 1650542
Acknowledge package seqnum 1658542
Acknowledge package seqnum 1666542
Acknowledge package seqnum 1674542
Acknowledge package seqnum 1682542
Acknowledge package seqnum 1690542
Acknowledge package seqnum 1698542
Acknowledge package seqnum 1706542
Acknowledge package seqnum 1714542
Acknowledge package seqnum 1722542
Acknowledge package seqnum 1730542
Acknowledge package seqnum 1738542
Acknowledge package seqnum 1746542
Acknowledge package seqnum 1754542
Acknowledge package seqnum 1762542
Acknowledge package seqnum 1770542
Acknowledge package seqnum 1778542
Acknowledge package seqnum 1786542
Acknowledge package seqnum 1794542
Acknowledge package seqnum 1802542
Acknowledge package seqnum 1810542
Acknowledge package seqnum 1818542
Acknowledge package seqnum 1826542
Acknowledge package seqnum 1834542
Acknowledge package seqnum 1842542
Acknowledge package seqnum 1850542
Acknowledge package seqnum 1858542
Acknowledge package seqnum 1866542
Acknowledge package seqnum 1874542
Acknowledge package seqnum 1882542
Acknowledge package seqnum 1890542
Acknowledge package seqnum 1898542
Acknowledge package seqnum 1906542
Acknowledge package seqnum 1914542
Acknowledge package seqnum 1922542
Acknowledge package seqnum 1930542
Acknowledge package seqnum 1938542
Acknowledge package seqnum 1946542
Acknowledge package seqnum 1954542
Acknowledge package seqnum 1962542
Acknowledge package seqnum 1970542
Acknowledge package seqnum 1978542
Acknowledge package seqnum 1986542
Acknowledge package seqnum 1994542
Acknowledge package seqnum 2002542
Acknowledge package seqnum 2010542
Acknowledge package seqnum 2018542
Acknowledge package seqnum 2026542
Acknowledge package seqnum 2034542
Acknowledge package seqnum 2042542
Acknowledge package seqnum 2050542
Acknowledge package seqnum 2058542
Acknowledge package seqnum 2066542
Acknowledge package seqnum 2074542
Acknowledge package seqnum 2082542
Acknowledge package seqnum 2090542
Acknowledge package seqnum 2098542
Acknowledge package seqnum 2106542
Acknowledge package seqnum 2114542
Acknowledge package seqnum 2122542
Acknowledge package seqnum 2130542
Acknowledge package seqnum 2138542
Acknowledge package seqnum 2146542
Acknowledge package seqnum 2154542
Acknowledge package seqnum 2162542
Acknowledge package seqnum 2170542
Acknowledge package seqnum 2178542
Acknowledge package seqnum 2186542
Acknowledge package seqnum 2194542
Acknowledge package seqnum 2202542
Acknowledge package seqnum 2210542
Acknowledge package seqnum 2218542
Acknowledge package seqnum 2226542
Acknowledge package seqnum 2234542
Acknowledge package seqnum 2242542
Acknowledge package seqnum 2250542
Acknowledge package seqnum 2258542
Acknowledge package seqnum 2266542
Acknowledge package seqnum 2274542
Acknowledge package seqnum 2282542
Acknowledge package seqnum 2290542
Acknowledge package seqnum 2298542
Acknowledge package seqnum 2306542
Acknowledge package seqnum 2314542
Acknowledge package seqnum 2322542
Acknowledge package seqnum 2330542
Acknowledge package seqnum 2338542
Acknowledge package seqnum 2346542
Acknowledge package seqnum 2354542
Acknowledge package seqnum 2362542
Acknowledge package seqnum 2370542
Acknowledge package seqnum 2378542
Acknowledge package seqnum 2386542
Acknowledge package seqnum 2394542
Acknowledge package seqnum 2402542
Acknowledge package seqnum 2410542
Acknowledge package seqnum 2418542
Acknowledge package seqnum 2426542
Acknowledge package seqnum 2434542
Acknowledge package seqnum 2442542
Acknowledge package seqnum 2450542
Acknowledge package seqnum 2458542
Acknowledge package seqnum 2466542
Acknowledge package seqnum 2474542
Acknowledge package seqnum 2482542
Acknowledge package seqnum 2490542
Acknowledge package seqnum 2498542
Acknowledge package seqnum 2506542
Acknowledge package seqnum 2514542
Acknowledge package seqnum 2522542
Acknowledge package seqnum 2530542
Acknowledge package seqnum 2538542
Acknowledge package seqnum 2546542
Acknowledge package seqnum 2554542
Acknowledge package seqnum 2562542
Acknowledge package seqnum 2570542
Acknowledge package seqnum 2578542
Acknowledge package seqnum 2586542
Acknowledge package seqnum 2594542
Acknowledge package seqnum 2602542
Acknowledge package seqnum 2610542
Acknowledge package seqnum 2618542
Acknowledge package seqnum 2626542
Acknowledge package seqnum 2634542
Acknowledge package seqnum 2642542
Acknowledge package seqnum 2650542
Acknowledge package seqnum 2658542
Acknowledge package seqnum 2666542
Acknowledge package seqnum 2674542
Acknowledge package seqnum 2682542
Acknowledge package seqnum 2690542
Acknowledge package seqnum 2698542
Acknowledge package seqnum 2706542
Acknowledge package seqnum 2714542
Acknowledge package seqnum 2722542
Acknowledge package seqnum 2730542
Acknowledge package seqnum 2738542
Acknowledge package seqnum 2746542
Acknowledge package seqnum 2754542
Acknowledge package seqnum 2762542
Acknowledge package seqnum 2770542
Acknowledge package seqnum 2778542
Acknowledge package seqnum 2786542
Acknowledge package seqnum 2794542
Acknowledge package seqnum 2802542
Acknowledge package seqnum 2810542
Acknowledge package seqnum 2818542
Acknowledge package seqnum 2826542
Acknowledge package seqnum 2834542
Acknowledge package seqnum 2842542
Acknowledge package seqnum 2850542
Acknowledge package seqnum 2858542
Acknowledge package seqnum 2866542
Acknowledge package seqnum 2874542
Acknowledge package seqnum 2882542
Acknowledge package seqnum 2890542
Acknowledge package seqnum 2898542
Acknowledge package seqnum 2906542
Acknowledge package seqnum 2914542
Acknowledge package seqnum 2922542
Acknowledge package seqnum 2930542
Acknowledge package seqnum 2938542
Acknowledge package seqnum 2946542
Acknowledge package seqnum 2954542
Acknowledge package seqnum 2962542
Acknowledge package seqnum 2970542
Acknowledge package seqnum 2978542
Acknowledge package seqnum 2986542
Acknowledge package seqnum 2994542
Acknowledge package seqnum 3002542
Acknowledge package seqnum 3010542
Acknowledge package seqnum 3018542
Acknowledge package seqnum 3026542
Acknowledge package seqnum 3034542
Acknowledge package seqnum 3042542
Acknowledge package seqnum 3050542
Acknowledge package seqnum 3058542
Acknowledge package seqnum 3066542
Acknowledge package seqnum 3074542
Acknowledge package seqnum 3082542
Acknowledge package seqnum 3090542
Acknowledge package seqnum 3098542
Acknowledge package seqnum 3106542
Acknowledge package seqnum 3114542
Acknowledge package seqnum 3122542
Acknowledge package seqnum 3130542
Acknowledge package seqnum 3138542
Acknowledge package seqnum 3146542
Acknowledge package seqnum 3154542
Acknowledge package seqnum 3162542
Acknowledge package seqnum 3170542
Acknowledge package seqnum 3178542
Acknowledge package seqnum 3186542
Acknowledge package seqnum 3194542
Acknowledge package seqnum 3202542
Acknowledge package seqnum 3210542
Acknowledge package seqnum 3218542
Acknowledge package seqnum 3226542
Acknowledge package seqnum 3234542
Acknowledge package seqnum 3242542
Acknowledge package seqnum 3250542
Acknowledge package seqnum 3258542
Acknowledge package seqnum 3266542
Acknowledge package seqnum 3274542
Acknowledge package seqnum 3282542
Acknowledge package seqnum 3290542
Acknowledge package seqnum 3298542
Acknowledge package seqnum 3306542
Acknowledge package seqnum 3314542
Acknowledge package seqnum 3322542
Acknowledge package seqnum 3330542
Acknowledge package seqnum 3338542
Acknowledge package seqnum 3346542
Acknowledge package seqnum 3354542
Acknowledge package seqnum 3362542
Acknowledge package seqnum 3370542
Acknowledge package seqnum 3378542
Acknowledge package seqnum 3386542
Acknowledge package seqnum 3394542
Acknowledge package seqnum 3402542
Acknowledge package seqnum 3410542
Acknowledge package seqnum 3418542
Acknowledge package seqnum 3426542
Acknowledge package seqnum 3434542
Acknowledge package seqnum 3442542
Acknowledge package seqnum 3450542
Acknowledge package seqnum 3458542
Acknowledge package seqnum 3466542
Acknowledge package seqnum 3474542
Acknowledge package seqnum 3482542
Acknowledge package seqnum 3490542
Acknowledge package seqnum 3498542
Acknowledge package seqnum 3506542
Acknowledge package seqnum 3514542
Acknowledge package seqnum 3522542
Acknowledge package seqnum 3530542
Acknowledge package seqnum 3538542
Acknowledge package seqnum 3546542
Acknowledge package seqnum 3554542
Acknowledge package seqnum 3562542
Acknowledge package seqnum 3570542
Acknowledge package seqnum 3578542
Acknowledge package seqnum 3586542
Acknowledge package seqnum 3594542
Acknowledge package seqnum 3602542
Acknowledge package seqnum 3610542
Acknowledge package seqnum 3618542
Acknowledge package seqnum 3626542
Acknowledge package seqnum 3634542
Acknowledge package seqnum 3642542
Acknowledge package seqnum 3650542
Acknowledge package seqnum 3658542
Acknowledge package seqnum 3666542
Acknowledge package seqnum 3674542
Acknowledge package seqnum 3682542
Acknowledge package seqnum 3690542
Acknowledge package seqnum 3698542
Acknowledge package seqnum 3706542
Acknowledge package seqnum 3714542
Acknowledge package seqnum 3722542
Acknowledge package seqnum 3730542
Acknowledge package seqnum 3738542
Acknowledge package seqnum 3746542
Acknowledge package seqnum 3754542
Acknowledge package seqnum 3762542
Acknowledge package seqnum 3770542
Acknowledge package seqnum 3778542
Acknowledge package seqnum 3786542
Acknowledge package seqnum 3794542
Acknowledge package seqnum 3802542
Acknowledge package seqnum 3810542
Acknowledge package seqnum 3818542
Acknowledge package seqnum 3826542
Acknowledge package seqnum 3834542
Acknowledge package seqnum 3842542
Acknowledge package seqnum 3850542
Acknowledge package seqnum 3858542
Acknowledge package seqnum 3866542
Acknowledge package seqnum 3874542
Acknowledge package seqnum 3882542
Acknowledge package seqnum 3890542
Acknowledge package seqnum 3898542
Acknowledge package seqnum 3906542
Acknowledge package seqnum 3914542
Acknowledge package seqnum 3922542
Acknowledge package seqnum 3930542
Acknowledge package seqnum 3938542
Acknowledge package seqnum 3946542
Acknowledge package seqnum 3954542
Acknowledge package seqnum 3962542
Acknowledge package seqnum 3970542
Acknowledge package seqnum 3978542
Acknowledge package seqnum 3986542
Acknowledge package seqnum 3994542
Acknowledge package seqnum 4002542
Acknowledge package seqnum 4010542
Acknowledge package seqnum 4018542
Acknowledge package seqnum 4026542
Acknowledge package seqnum 4034542
Acknowledge package seqnum 4042542
Acknowledge package seqnum 4050542
Acknowledge package seqnum 4058542
Acknowledge package seqnum 4066542
Acknowledge package seqnum 4074542
Acknowledge package seqnum 4082542
Acknowledge package seqnum 4090542
Acknowledge package seqnum 4098542
Acknowledge package seqnum 4106542
Acknowledge package seqnum 4114542
Acknowledge package seqnum 4122542
Acknowledge package seqnum 4130542
Acknowledge package seqnum 4138542
Acknowledge package seqnum 4146542
Acknowledge package seqnum 4154542
Acknowledge package seqnum 4162542
Acknowledge package seqnum 4170542
Acknowledge package seqnum 4178542
Acknowledge package seqnum 4186542
Acknowledge package seqnum 4194542
Acknowledge package seqnum 4202542
Acknowledge package seqnum 4210542
Acknowledge package seqnum 4218542
Acknowledge package seqnum 4226542
Acknowledge package seqnum 4234542
Acknowledge package seqnum 4242542
Acknowledge package seqnum 4250542
Acknowledge package seqnum 4258542
Acknowledge package seqnum 4266542
Acknowledge package seqnum 4274542
Acknowledge package seqnum 4282542
Acknowledge package seqnum 4290542
Acknowledge package seqnum 4298542
Acknowledge package seqnum 4306542
Acknowledge package seqnum 4314542
Acknowledge package seqnum 4322542
Acknowledge package seqnum 4330542
Acknowledge package seqnum 4338542
Acknowledge package seqnum 4346542
Acknowledge package seqnum 4354542
Acknowledge package seqnum 4362542
Acknowledge package seqnum 4370542
Acknowledge package seqnum 4378542
Acknowledge package seqnum 4386542
Acknowledge package seqnum 4394542
Acknowledge package seqnum 4402542
Acknowledge package seqnum 4410542
Acknowledge package seqnum 4418542
Acknowledge package seqnum 4426542
Acknowledge package seqnum 4434542
Acknowledge package seqnum 4442542
Acknowledge package seqnum 4450542
Acknowledge package seqnum 4458542
Acknowledge package seqnum 4466542
Acknowledge package seqnum 4474542
Acknowledge package seqnum 4482542
Acknowledge package seqnum 4490542
Acknowledge package seqnum 4498542
Acknowledge package seqnum 4506542
Acknowledge package seqnum 4514542
Acknowledge package seqnum 4522542
Acknowledge package seqnum 4530542
Acknowledge package seqnum 4538542
Acknowledge package seqnum 4546542
Acknowledge package seqnum 4554542
Acknowledge package seqnum 4562542
Acknowledge package seqnum 4570542
Acknowledge package seqnum 4578542
Acknowledge package seqnum 4586542
Acknowledge package seqnum 4594542
Acknowledge package seqnum 4602542
Acknowledge package seqnum 4610542
Acknowledge package seqnum 4618542
Acknowledge package seqnum 4626542
Acknowledge package seqnum 4634542
Acknowledge package seqnum 4642542
Acknowledge package seqnum 4650542
Acknowledge package seqnum 4658542
Acknowledge package seqnum 4666542
Acknowledge package seqnum 4674542
Acknowledge package seqnum 4682542
Acknowledge package seqnum 4690542
Acknowledge package seqnum 4698542
Acknowledge package seqnum 4706542
Acknowledge package seqnum 4714542
Acknowledge package seqnum 4722542
Acknowledge package seqnum 4730542
Acknowledge package seqnum 4738542
Acknowledge package seqnum 4746542
Acknowledge package seqnum 4754542
Acknowledge package seqnum 4762542
Acknowledge package seqnum 4770542
Acknowledge package seqnum 4778542
Acknowledge package seqnum 4786542
Acknowledge package seqnum 4794542
Acknowledge package seqnum 4802542
Acknowledge package seqnum 4810542
Acknowledge package seqnum 4818542
Acknowledge package seqnum 4826542
Acknowledge package seqnum 4834542
Acknowledge package seqnum 4842542
Acknowledge package seqnum 4850542
Acknowledge package seqnum 4858542
Acknowledge package seqnum 4866542
Acknowledge package seqnum 4874542
Acknowledge package seqnum 4882542
Acknowledge package seqnum 4890542
Acknowledge package seqnum 4898542
Acknowledge package seqnum 4906542
Acknowledge package seqnum 4914542
Acknowledge package seqnum 4922542
Acknowledge package seqnum 4930542
Acknowledge package seqnum 4938542
Acknowledge package seqnum 4946542
Acknowledge package seqnum 4954542
Acknowledge package seqnum 4962542
Acknowledge package seqnum 4970542
Acknowledge package seqnum 4978542
Acknowledge package seqnum 4986542
Acknowledge package seqnum 4994542
Acknowledge package seqnum 5002542
Acknowledge package seqnum 5010542
Acknowledge package seqnum 5018542
Acknowledge package seqnum 5026542
Acknowledge package seqnum 5034542
Acknowledge package seqnum 5042542
Acknowledge package seqnum 5050542
Acknowledge package seqnum 5058542
Acknowledge package seqnum 5066542
Acknowledge package seqnum 5074542
Acknowledge package seqnum 5082542
Acknowledge package seqnum 5090542
Acknowledge package seqnum 5098542
Acknowledge package seqnum 5106542
Acknowledge package seqnum 5114542
Acknowledge package seqnum 5122542
Acknowledge package seqnum 5130542
Acknowledge package seqnum 5138542
Acknowledge package seqnum 5146542
Acknowledge package seqnum 5154542
Acknowledge package seqnum 5162542
Acknowledge package seqnum 5170542
Acknowledge package seqnum 5178542
Acknowledge package seqnum 5186542
Acknowledge package seqnum 5194542
Acknowledge package seqnum 5202542
Acknowledge package seqnum 5210542
Acknowledge package seqnum 5218542
Acknowledge package seqnum 5226542
Acknowledge package seqnum 5234542
Acknowledge package seqnum 5242542
Acknowledge package seqnum 5250542
Acknowledge package seqnum 5258542
Acknowledge package seqnum 5266542
Acknowledge package seqnum 5274542
Acknowledge package seqnum 5282542
Acknowledge package seqnum 5290542
Acknowledge package seqnum 5298542
Acknowledge package seqnum 5306542
Acknowledge package seqnum 5314542
Acknowledge package seqnum 5322542
Acknowledge package seqnum 5330542
Acknowledge package seqnum 5338542
Acknowledge package seqnum 5346542
Acknowledge package seqnum 5354542
Acknowledge package seqnum 5362542
Acknowledge package seqnum 5370542
Acknowledge package seqnum 5378542
Acknowledge package seqnum 5386542
Acknowledge package seqnum 5394542
Acknowledge package seqnum 5402542
Acknowledge package seqnum 5410542
Acknowledge package seqnum 5418542
Acknowledge package seqnum 5426542
Acknowledge package seqnum 5434542
Acknowledge package seqnum 5442542
Acknowledge package seqnum 5450542
Acknowledge package seqnum 5458542
Acknowledge package seqnum 5466542
Acknowledge package seqnum 5474542
Acknowledge package seqnum 5482542
Acknowledge package seqnum 5490542
Acknowledge package seqnum 5498542
Acknowledge package seqnum 5506542
Acknowledge package seqnum 5514542
Acknowledge package seqnum 5522542
Acknowledge package seqnum 5530542
Acknowledge package seqnum 5538542
Acknowledge package seqnum 5546542
Acknowledge package seqnum 5554542
Acknowledge package seqnum 5562542
Acknowledge package seqnum 5570542
Acknowledge package seqnum 5578542
Acknowledge package seqnum 5586542
Acknowledge package seqnum 5594542
Acknowledge package seqnum 5602542
Acknowledge package seqnum 5610542
Acknowledge package seqnum 5618542
Acknowledge package seqnum 5626542
Acknowledge package seqnum 5634542
Acknowledge package seqnum 5642542
Acknowledge package seqnum 5650542
Acknowledge package seqnum 5658542
Acknowledge package seqnum 5666542
Acknowledge package seqnum 5674542
Acknowledge package seqnum 5682542
Acknowledge package seqnum 5690542
Acknowledge package seqnum 5698542
Acknowledge package seqnum 5706542
Acknowledge package seqnum 5714542
Acknowledge package seqnum 5722542
Acknowledge package seqnum 5730542
Acknowledge package seqnum 5738542
Acknowledge package seqnum 5746542
Acknowledge package seqnum 5754542
Acknowledge package seqnum 5762542
Acknowledge package seqnum 5770542
Acknowledge package seqnum 5778542
Acknowledge package seqnum 5786542
Acknowledge package seqnum 5794542
Acknowledge package seqnum 5802542
Acknowledge package seqnum 5810542
Acknowledge package seqnum 5818542
Acknowledge package seqnum 5826542
Acknowledge package seqnum 5834542
Acknowledge package seqnum 5842542
Acknowledge package seqnum 5850542
Acknowledge package seqnum 5858542
Acknowledge package seqnum 5866542
Acknowledge package seqnum 5874542
Acknowledge package seqnum 5882542
Acknowledge package seqnum 5890542
Acknowledge package seqnum 5898542
Acknowledge package seqnum 5906542
Acknowledge package seqnum 5914542
Acknowledge package seqnum 5922542
Acknowledge package seqnum 5930542
Acknowledge package seqnum 5938542
Acknowledge package seqnum 5946542
Acknowledge package seqnum 5954542
Acknowledge package seqnum 5957047
File ./2.jpg succeed to trans 
First wave Succeed! 
Acknowledge Second Wave
Third wave Succeed
Acknowledge Fourth Wave
Succedd to disconnect! 
