Start to accept client 
Acknowledge First Handshake
Second handshake Succeed! 
Acknowledge Third Handshake
Succeed to connect 
Start to accept 1.jpg in file path: ./1.jpg
Send ACK of 52757
Filename: 1.jpg Package number: 1
Send ACK of 60757
Filename: 1.jpg Package number: 2
Send ACK of 68757
Filename: 1.jpg Package number: 3
Send ACK of 76757
Filename: 1.jpg Package number: 4
Send ACK of 84757
Filename: 1.jpg Package number: 5
Send ACK of 92757
Filename: 1.jpg Package number: 6
Send ACK of 100757
Filename: 1.jpg Package number: 7
Send ACK of 108757
Filename: 1.jpg Package number: 8
Send ACK of 116757
Filename: 1.jpg Package number: 9
Send ACK of 124757
Filename: 1.jpg Package number: 10
Send ACK of 132757
Filename: 1.jpg Package number: 11
Send ACK of 140757
Filename: 1.jpg Package number: 12
Send ACK of 148757
Filename: 1.jpg Package number: 13
Send ACK of 156757
Filename: 1.jpg Package number: 14
Send ACK of 164757
Filename: 1.jpg Package number: 15
Send ACK of 172757
Filename: 1.jpg Package number: 16
Send ACK of 180757
Filename: 1.jpg Package number: 17
Send ACK of 188757
Filename: 1.jpg Package number: 18
Send ACK of 196757
Filename: 1.jpg Package number: 19
Send ACK of 204757
Filename: 1.jpg Package number: 20
Send ACK of 212757
Filename: 1.jpg Package number: 21
Send ACK of 220757
Filename: 1.jpg Package number: 22
Send ACK of 228757
Filename: 1.jpg Package number: 23
Send ACK of 236757
Filename: 1.jpg Package number: 24
Send ACK of 244757
Filename: 1.jpg Package number: 25
Send ACK of 252757
Filename: 1.jpg Package number: 26
Send ACK of 260757
Filename: 1.jpg Package number: 27
Send ACK of 268757
Filename: 1.jpg Package number: 28
Send ACK of 276757
Filename: 1.jpg Package number: 29
Send ACK of 284757
Filename: 1.jpg Package number: 30
Send ACK of 292757
Filename: 1.jpg Package number: 31
Send ACK of 300757
Filename: 1.jpg Package number: 32
Send ACK of 308757
Filename: 1.jpg Package number: 33
Send ACK of 316757
Filename: 1.jpg Package number: 34
Send ACK of 324757
Filename: 1.jpg Package number: 35
Send ACK of 332757
Filename: 1.jpg Package number: 36
Send ACK of 340757
Filename: 1.jpg Package number: 37
Send ACK of 348757
Filename: 1.jpg Package number: 38
Send ACK of 356757
Filename: 1.jpg Package number: 39
Send ACK of 364757
Filename: 1.jpg Package number: 40
Send ACK of 372757
Filename: 1.jpg Package number: 41
Send ACK of 380757
Filename: 1.jpg Package number: 42
Send ACK of 388757
Filename: 1.jpg Package number: 43
Send ACK of 396757
Filename: 1.jpg Package number: 44
Send ACK of 404757
Filename: 1.jpg Package number: 45
Send ACK of 412757
Filename: 1.jpg Package number: 46
Send ACK of 420757
Filename: 1.jpg Package number: 47
Send ACK of 428757
Filename: 1.jpg Package number: 48
Send ACK of 436757
Filename: 1.jpg Package number: 49
Send ACK of 444757
Filename: 1.jpg Package number: 50
Send ACK of 452757
Filename: 1.jpg Package number: 51
Send ACK of 460757
Filename: 1.jpg Package number: 52
Send ACK of 468757
Filename: 1.jpg Package number: 53
Send ACK of 476757
Filename: 1.jpg Package number: 54
Send ACK of 484757
Filename: 1.jpg Package number: 55
Send ACK of 492757
Filename: 1.jpg Package number: 56
Send ACK of 500757
Filename: 1.jpg Package number: 57
Send ACK of 508757
Filename: 1.jpg Package number: 58
Send ACK of 516757
Filename: 1.jpg Package number: 59
Send ACK of 524757
Filename: 1.jpg Package number: 60
Send ACK of 532757
Filename: 1.jpg Package number: 61
Send ACK of 540757
Filename: 1.jpg Package number: 62
Send ACK of 548757
Filename: 1.jpg Package number: 63
Send ACK of 556757
Filename: 1.jpg Package number: 64
Send ACK of 564757
Filename: 1.jpg Package number: 65
Send ACK of 572757
Filename: 1.jpg Package number: 66
Send ACK of 580757
Filename: 1.jpg Package number: 67
Send ACK of 588757
Filename: 1.jpg Package number: 68
Send ACK of 596757
Filename: 1.jpg Package number: 69
Send ACK of 604757
Filename: 1.jpg Package number: 70
Send ACK of 612757
Filename: 1.jpg Package number: 71
Send ACK of 620757
Filename: 1.jpg Package number: 72
Send ACK of 628757
Filename: 1.jpg Package number: 73
Send ACK of 636757
Filename: 1.jpg Package number: 74
Send ACK of 644757
Filename: 1.jpg Package number: 75
Send ACK of 652757
Filename: 1.jpg Package number: 76
Send ACK of 660757
Filename: 1.jpg Package number: 77
Send ACK of 668757
Filename: 1.jpg Package number: 78
Send ACK of 676757
Filename: 1.jpg Package number: 79
Send ACK of 684757
Filename: 1.jpg Package number: 80
Send ACK of 692757
Filename: 1.jpg Package number: 81
Send ACK of 700757
Filename: 1.jpg Package number: 82
Send ACK of 708757
Filename: 1.jpg Package number: 83
Send ACK of 716757
Filename: 1.jpg Package number: 84
Send ACK of 724757
Filename: 1.jpg Package number: 85
Send ACK of 732757
Filename: 1.jpg Package number: 86
Send ACK of 740757
Filename: 1.jpg Package number: 87
Send ACK of 748757
Filename: 1.jpg Package number: 88
Send ACK of 756757
Filename: 1.jpg Package number: 89
Send ACK of 764757
Filename: 1.jpg Package number: 90
Send ACK of 772757
Filename: 1.jpg Package number: 91
Send ACK of 780757
Filename: 1.jpg Package number: 92
Send ACK of 788757
Filename: 1.jpg Package number: 93
Send ACK of 796757
Filename: 1.jpg Package number: 94
Send ACK of 804757
Filename: 1.jpg Package number: 95
Send ACK of 812757
Filename: 1.jpg Package number: 96
Send ACK of 820757
Filename: 1.jpg Package number: 97
Send ACK of 828757
Filename: 1.jpg Package number: 98
Send ACK of 836757
Filename: 1.jpg Package number: 99
Send ACK of 844757
Filename: 1.jpg Package number: 100
Send ACK of 852757
Filename: 1.jpg Package number: 101
Send ACK of 860757
Filename: 1.jpg Package number: 102
Send ACK of 868757
Filename: 1.jpg Package number: 103
Send ACK of 876757
Filename: 1.jpg Package number: 104
Send ACK of 884757
Filename: 1.jpg Package number: 105
Send ACK of 892757
Filename: 1.jpg Package number: 106
Send ACK of 900757
Filename: 1.jpg Package number: 107
Send ACK of 908757
Filename: 1.jpg Package number: 108
Send ACK of 916757
Filename: 1.jpg Package number: 109
Send ACK of 924757
Filename: 1.jpg Package number: 110
Send ACK of 932757
Filename: 1.jpg Package number: 111
Send ACK of 940757
Filename: 1.jpg Package number: 112
Send ACK of 948757
Filename: 1.jpg Package number: 113
Send ACK of 956757
Filename: 1.jpg Package number: 114
Send ACK of 964757
Filename: 1.jpg Package number: 115
Send ACK of 972757
Filename: 1.jpg Package number: 116
Send ACK of 980757
Filename: 1.jpg Package number: 117
Send ACK of 988757
Filename: 1.jpg Package number: 118
Send ACK of 996757
Filename: 1.jpg Package number: 119
Send ACK of 1004757
Filename: 1.jpg Package number: 120
Send ACK of 1012757
Filename: 1.jpg Package number: 121
Send ACK of 1020757
Filename: 1.jpg Package number: 122
Send ACK of 1028757
Filename: 1.jpg Package number: 123
Send ACK of 1036757
Filename: 1.jpg Package number: 124
Send ACK of 1044757
Filename: 1.jpg Package number: 125
Send ACK of 1052757
Filename: 1.jpg Package number: 126
Send ACK of 1060757
Filename: 1.jpg Package number: 127
Send ACK of 1068757
Filename: 1.jpg Package number: 128
Send ACK of 1076757
Filename: 1.jpg Package number: 129
Send ACK of 1084757
Filename: 1.jpg Package number: 130
Send ACK of 1092757
Filename: 1.jpg Package number: 131
Send ACK of 1100757
Filename: 1.jpg Package number: 132
Send ACK of 1108757
Filename: 1.jpg Package number: 133
Send ACK of 1116757
Filename: 1.jpg Package number: 134
Send ACK of 1124757
Filename: 1.jpg Package number: 135
Send ACK of 1132757
Filename: 1.jpg Package number: 136
Send ACK of 1140757
Filename: 1.jpg Package number: 137
Send ACK of 1148757
Filename: 1.jpg Package number: 138
Send ACK of 1156757
Filename: 1.jpg Package number: 139
Send ACK of 1164757
Filename: 1.jpg Package number: 140
Send ACK of 1172757
Filename: 1.jpg Package number: 141
Send ACK of 1180757
Filename: 1.jpg Package number: 142
Send ACK of 1188757
Filename: 1.jpg Package number: 143
Send ACK of 1196757
Filename: 1.jpg Package number: 144
Send ACK of 1204757
Filename: 1.jpg Package number: 145
Send ACK of 1212757
Filename: 1.jpg Package number: 146
Send ACK of 1220757
Filename: 1.jpg Package number: 147
Send ACK of 1228757
Filename: 1.jpg Package number: 148
Send ACK of 1236757
Filename: 1.jpg Package number: 149
Send ACK of 1244757
Filename: 1.jpg Package number: 150
Send ACK of 1252757
Filename: 1.jpg Package number: 151
Send ACK of 1260757
Filename: 1.jpg Package number: 152
Send ACK of 1268757
Filename: 1.jpg Package number: 153
Send ACK of 1276757
Filename: 1.jpg Package number: 154
Send ACK of 1284757
Filename: 1.jpg Package number: 155
Send ACK of 1292757
Filename: 1.jpg Package number: 156
Send ACK of 1300757
Filename: 1.jpg Package number: 157
Send ACK of 1308757
Filename: 1.jpg Package number: 158
Send ACK of 1316757
Filename: 1.jpg Package number: 159
Send ACK of 1324757
Filename: 1.jpg Package number: 160
Send ACK of 1332757
Filename: 1.jpg Package number: 161
Send ACK of 1340757
Filename: 1.jpg Package number: 162
Send ACK of 1348757
Filename: 1.jpg Package number: 163
Send ACK of 1356757
Filename: 1.jpg Package number: 164
Send ACK of 1364757
Filename: 1.jpg Package number: 165
Send ACK of 1372757
Filename: 1.jpg Package number: 166
Send ACK of 1380757
Filename: 1.jpg Package number: 167
Send ACK of 1388757
Filename: 1.jpg Package number: 168
Send ACK of 1396757
Filename: 1.jpg Package number: 169
Send ACK of 1404757
Filename: 1.jpg Package number: 170
Send ACK of 1412757
Filename: 1.jpg Package number: 171
Send ACK of 1420757
Filename: 1.jpg Package number: 172
Send ACK of 1428757
Filename: 1.jpg Package number: 173
Send ACK of 1436757
Filename: 1.jpg Package number: 174
Send ACK of 1444757
Filename: 1.jpg Package number: 175
Send ACK of 1452757
Filename: 1.jpg Package number: 176
Send ACK of 1460757
Filename: 1.jpg Package number: 177
Send ACK of 1468757
Filename: 1.jpg Package number: 178
Send ACK of 1476757
Filename: 1.jpg Package number: 179
Send ACK of 1484757
Filename: 1.jpg Package number: 180
Send ACK of 1492757
Filename: 1.jpg Package number: 181
Send ACK of 1500757
Filename: 1.jpg Package number: 182
Send ACK of 1508757
Filename: 1.jpg Package number: 183
Send ACK of 1516757
Filename: 1.jpg Package number: 184
Send ACK of 1524757
Filename: 1.jpg Package number: 185
Send ACK of 1532757
Filename: 1.jpg Package number: 186
Send ACK of 1540757
Filename: 1.jpg Package number: 187
Send ACK of 1548757
Filename: 1.jpg Package number: 188
Send ACK of 1556757
Filename: 1.jpg Package number: 189
Send ACK of 1564757
Filename: 1.jpg Package number: 190
Send ACK of 1572757
Filename: 1.jpg Package number: 191
Send ACK of 1580757
Filename: 1.jpg Package number: 192
Send ACK of 1588757
Filename: 1.jpg Package number: 193
Send ACK of 1596757
Filename: 1.jpg Package number: 194
Send ACK of 1604757
Filename: 1.jpg Package number: 195
Send ACK of 1612757
Filename: 1.jpg Package number: 196
Send ACK of 1620757
Filename: 1.jpg Package number: 197
Send ACK of 1628757
Filename: 1.jpg Package number: 198
Send ACK of 1636757
Filename: 1.jpg Package number: 199
Send ACK of 1644757
Filename: 1.jpg Package number: 200
Send ACK of 1652757
Filename: 1.jpg Package number: 201
Send ACK of 1660757
Filename: 1.jpg Package number: 202
Send ACK of 1668757
Filename: 1.jpg Package number: 203
Send ACK of 1676757
Filename: 1.jpg Package number: 204
Send ACK of 1684757
Filename: 1.jpg Package number: 205
Send ACK of 1692757
Filename: 1.jpg Package number: 206
Send ACK of 1700757
Filename: 1.jpg Package number: 207
Send ACK of 1708757
Filename: 1.jpg Package number: 208
Send ACK of 1716757
Filename: 1.jpg Package number: 209
Send ACK of 1724757
Filename: 1.jpg Package number: 210
Send ACK of 1732757
Filename: 1.jpg Package number: 211
Send ACK of 1740757
Filename: 1.jpg Package number: 212
Send ACK of 1748757
Filename: 1.jpg Package number: 213
Send ACK of 1756757
Filename: 1.jpg Package number: 214
Send ACK of 1764757
Filename: 1.jpg Package number: 215
Send ACK of 1772757
Filename: 1.jpg Package number: 216
Send ACK of 1780757
Filename: 1.jpg Package number: 217
Send ACK of 1788757
Filename: 1.jpg Package number: 218
Send ACK of 1796757
Filename: 1.jpg Package number: 219
Send ACK of 1804757
Filename: 1.jpg Package number: 220
Send ACK of 1812757
Filename: 1.jpg Package number: 221
Send ACK of 1820757
Filename: 1.jpg Package number: 222
Send ACK of 1828757
Filename: 1.jpg Package number: 223
Send ACK of 1836757
Filename: 1.jpg Package number: 224
Send ACK of 1844757
Filename: 1.jpg Package number: 225
Send ACK of 1852757
Filename: 1.jpg Package number: 226
Send ACK of 1860757
Filename: 1.jpg Package number: 227
Send ACK of 1868757
Filename: 1.jpg Package number: 228
Send ACK of 1876757
Filename: 1.jpg Package number: 229
Send ACK of 1884757
Filename: 1.jpg Package number: 230
Send ACK of 1892757
Filename: 1.jpg Package number: 231
Send ACK of 1900757
Filename: 1.jpg Package number: 232
Send ACK of 1908757
Filename: 1.jpg Package number: 233
Send ACK of 1910110
Acknowledge First Wave
Second Wave Succeed! 
Acknowledge seqnum package 65293
Acknowledge Third Wave
Third Wave Succeed! 
Fourth wave Succeed!
Succeed to disconnect!
Start to accept client 
Acknowledge First Handshake
Second handshake Succeed! 
Acknowledge Third Handshake
Succeed to connect 
Start to accept 1.jpg in file path: ./1.jpg
Send ACK of 1025
Filename: 1.jpg Package number: 1
Send ACK of 9025
Filename: 1.jpg Package number: 2
Send ACK of 17025
Filename: 1.jpg Package number: 3
Send ACK of 25025
Filename: 1.jpg Package number: 4
Send ACK of 33025
Filename: 1.jpg Package number: 5
Send ACK of 41025
Filename: 1.jpg Package number: 6
Send ACK of 49025
Filename: 1.jpg Package number: 7
Send ACK of 57025
Filename: 1.jpg Package number: 8
Send ACK of 65025
Filename: 1.jpg Package number: 9
Send ACK of 73025
Filename: 1.jpg Package number: 10
Send ACK of 81025
Filename: 1.jpg Package number: 11
Send ACK of 89025
Filename: 1.jpg Package number: 12
Send ACK of 97025
Filename: 1.jpg Package number: 13
Send ACK of 105025
Filename: 1.jpg Package number: 14
Send ACK of 113025
Filename: 1.jpg Package number: 15
Send ACK of 121025
Filename: 1.jpg Package number: 16
Send ACK of 129025
Filename: 1.jpg Package number: 17
Send ACK of 137025
Filename: 1.jpg Package number: 18
Send ACK of 145025
Filename: 1.jpg Package number: 19
Send ACK of 153025
Filename: 1.jpg Package number: 20
Send ACK of 161025
Filename: 1.jpg Package number: 21
Send ACK of 169025
Filename: 1.jpg Package number: 22
Send ACK of 177025
Filename: 1.jpg Package number: 23
Send ACK of 185025
Filename: 1.jpg Package number: 24
Send ACK of 193025
Filename: 1.jpg Package number: 25
Send ACK of 201025
Filename: 1.jpg Package number: 26
Send ACK of 209025
Filename: 1.jpg Package number: 27
Send ACK of 217025
Filename: 1.jpg Package number: 28
Send ACK of 225025
Filename: 1.jpg Package number: 29
Send ACK of 233025
Filename: 1.jpg Package number: 30
Send ACK of 241025
Filename: 1.jpg Package number: 31
Send ACK of 249025
Filename: 1.jpg Package number: 32
Send ACK of 257025
Filename: 1.jpg Package number: 33
Send ACK of 265025
Filename: 1.jpg Package number: 34
Send ACK of 273025
Filename: 1.jpg Package number: 35
Send ACK of 281025
Filename: 1.jpg Package number: 36
Send ACK of 289025
Filename: 1.jpg Package number: 37
Send ACK of 297025
Filename: 1.jpg Package number: 38
Send ACK of 305025
Filename: 1.jpg Package number: 39
Send ACK of 313025
Filename: 1.jpg Package number: 40
Send ACK of 321025
Filename: 1.jpg Package number: 41
Send ACK of 329025
Filename: 1.jpg Package number: 42
Send ACK of 337025
Filename: 1.jpg Package number: 43
Send ACK of 345025
Filename: 1.jpg Package number: 44
Send ACK of 353025
Filename: 1.jpg Package number: 45
Send ACK of 361025
Filename: 1.jpg Package number: 46
Send ACK of 369025
Filename: 1.jpg Package number: 47
Send ACK of 377025
Filename: 1.jpg Package number: 48
Send ACK of 385025
Filename: 1.jpg Package number: 49
Send ACK of 393025
Filename: 1.jpg Package number: 50
Send ACK of 401025
Filename: 1.jpg Package number: 51
Send ACK of 409025
Filename: 1.jpg Package number: 52
Send ACK of 417025
Filename: 1.jpg Package number: 53
Send ACK of 425025
Filename: 1.jpg Package number: 54
Send ACK of 433025
Filename: 1.jpg Package number: 55
Send ACK of 441025
Filename: 1.jpg Package number: 56
Send ACK of 449025
Filename: 1.jpg Package number: 57
Send ACK of 457025
Filename: 1.jpg Package number: 58
Send ACK of 465025
Filename: 1.jpg Package number: 59
Send ACK of 473025
Filename: 1.jpg Package number: 60
Send ACK of 481025
Filename: 1.jpg Package number: 61
Send ACK of 489025
Filename: 1.jpg Package number: 62
Send ACK of 497025
Filename: 1.jpg Package number: 63
Send ACK of 505025
Filename: 1.jpg Package number: 64
Send ACK of 513025
Filename: 1.jpg Package number: 65
Send ACK of 521025
Filename: 1.jpg Package number: 66
Send ACK of 529025
Filename: 1.jpg Package number: 67
Send ACK of 537025
Filename: 1.jpg Package number: 68
Send ACK of 545025
Filename: 1.jpg Package number: 69
Send ACK of 553025
Filename: 1.jpg Package number: 70
Send ACK of 561025
Filename: 1.jpg Package number: 71
Send ACK of 569025
Filename: 1.jpg Package number: 72
Send ACK of 577025
Filename: 1.jpg Package number: 73
Send ACK of 585025
Filename: 1.jpg Package number: 74
Send ACK of 593025
Filename: 1.jpg Package number: 75
Send ACK of 601025
Filename: 1.jpg Package number: 76
Send ACK of 609025
Filename: 1.jpg Package number: 77
Send ACK of 617025
Filename: 1.jpg Package number: 78
Send ACK of 625025
Filename: 1.jpg Package number: 79
Send ACK of 633025
Filename: 1.jpg Package number: 80
Send ACK of 641025
Filename: 1.jpg Package number: 81
Send ACK of 649025
Filename: 1.jpg Package number: 82
Send ACK of 657025
Filename: 1.jpg Package number: 83
Send ACK of 665025
Filename: 1.jpg Package number: 84
Send ACK of 673025
Filename: 1.jpg Package number: 85
Send ACK of 681025
Filename: 1.jpg Package number: 86
Send ACK of 689025
Filename: 1.jpg Package number: 87
Send ACK of 697025
Filename: 1.jpg Package number: 88
Send ACK of 705025
Filename: 1.jpg Package number: 89
Send ACK of 713025
Filename: 1.jpg Package number: 90
Send ACK of 721025
Filename: 1.jpg Package number: 91
Send ACK of 729025
Filename: 1.jpg Package number: 92
Send ACK of 737025
Filename: 1.jpg Package number: 93
Send ACK of 745025
Filename: 1.jpg Package number: 94
Send ACK of 753025
Filename: 1.jpg Package number: 95
Send ACK of 761025
Filename: 1.jpg Package number: 96
Send ACK of 769025
Filename: 1.jpg Package number: 97
Send ACK of 777025
Filename: 1.jpg Package number: 98
Send ACK of 785025
Filename: 1.jpg Package number: 99
Send ACK of 793025
Filename: 1.jpg Package number: 100
Send ACK of 801025
Filename: 1.jpg Package number: 101
Send ACK of 809025
Filename: 1.jpg Package number: 102
Send ACK of 817025
Filename: 1.jpg Package number: 103
Send ACK of 825025
Filename: 1.jpg Package number: 104
Send ACK of 833025
Filename: 1.jpg Package number: 105
Send ACK of 841025
Filename: 1.jpg Package number: 106
Send ACK of 849025
Filename: 1.jpg Package number: 107
Send ACK of 857025
Filename: 1.jpg Package number: 108
Send ACK of 865025
Filename: 1.jpg Package number: 109
Send ACK of 873025
Filename: 1.jpg Package number: 110
Send ACK of 881025
Filename: 1.jpg Package number: 111
Send ACK of 889025
Filename: 1.jpg Package number: 112
Send ACK of 897025
Filename: 1.jpg Package number: 113
Send ACK of 905025
Filename: 1.jpg Package number: 114
Send ACK of 913025
Filename: 1.jpg Package number: 115
Send ACK of 921025
Filename: 1.jpg Package number: 116
Send ACK of 929025
Filename: 1.jpg Package number: 117
Send ACK of 937025
Filename: 1.jpg Package number: 118
Send ACK of 945025
Filename: 1.jpg Package number: 119
Send ACK of 953025
Filename: 1.jpg Package number: 120
Send ACK of 961025
Filename: 1.jpg Package number: 121
Send ACK of 969025
Filename: 1.jpg Package number: 122
Send ACK of 977025
Filename: 1.jpg Package number: 123
Send ACK of 985025
Filename: 1.jpg Package number: 124
Send ACK of 993025
Filename: 1.jpg Package number: 125
Send ACK of 1001025
Filename: 1.jpg Package number: 126
Send ACK of 1009025
Filename: 1.jpg Package number: 127
Send ACK of 1017025
Filename: 1.jpg Package number: 128
Send ACK of 1025025
Filename: 1.jpg Package number: 129
Send ACK of 1033025
Filename: 1.jpg Package number: 130
Send ACK of 1041025
Filename: 1.jpg Package number: 131
Send ACK of 1049025
Filename: 1.jpg Package number: 132
Send ACK of 1057025
Filename: 1.jpg Package number: 133
Send ACK of 1065025
Filename: 1.jpg Package number: 134
Send ACK of 1073025
Filename: 1.jpg Package number: 135
Send ACK of 1081025
Filename: 1.jpg Package number: 136
Send ACK of 1089025
Filename: 1.jpg Package number: 137
Send ACK of 1097025
Filename: 1.jpg Package number: 138
Send ACK of 1105025
Filename: 1.jpg Package number: 139
Send ACK of 1113025
Filename: 1.jpg Package number: 140
Send ACK of 1121025
Filename: 1.jpg Package number: 141
Send ACK of 1129025
Filename: 1.jpg Package number: 142
Send ACK of 1137025
Filename: 1.jpg Package number: 143
Send ACK of 1145025
Filename: 1.jpg Package number: 144
Send ACK of 1153025
Filename: 1.jpg Package number: 145
Send ACK of 1161025
Filename: 1.jpg Package number: 146
Send ACK of 1169025
Filename: 1.jpg Package number: 147
Send ACK of 1177025
Filename: 1.jpg Package number: 148
Send ACK of 1185025
Filename: 1.jpg Package number: 149
Send ACK of 1193025
Filename: 1.jpg Package number: 150
Send ACK of 1201025
Filename: 1.jpg Package number: 151
Send ACK of 1209025
Filename: 1.jpg Package number: 152
Send ACK of 1217025
Filename: 1.jpg Package number: 153
Send ACK of 1225025
Filename: 1.jpg Package number: 154
Send ACK of 1233025
Filename: 1.jpg Package number: 155
Send ACK of 1241025
Filename: 1.jpg Package number: 156
Send ACK of 1249025
Filename: 1.jpg Package number: 157
Send ACK of 1257025
Filename: 1.jpg Package number: 158
Send ACK of 1265025
Filename: 1.jpg Package number: 159
Send ACK of 1273025
Filename: 1.jpg Package number: 160
Send ACK of 1281025
Filename: 1.jpg Package number: 161
Send ACK of 1289025
Filename: 1.jpg Package number: 162
Send ACK of 1297025
Filename: 1.jpg Package number: 163
Send ACK of 1305025
Filename: 1.jpg Package number: 164
Send ACK of 1313025
Filename: 1.jpg Package number: 165
Send ACK of 1321025
Filename: 1.jpg Package number: 166
Send ACK of 1329025
Filename: 1.jpg Package number: 167
Send ACK of 1337025
Filename: 1.jpg Package number: 168
Send ACK of 1345025
Filename: 1.jpg Package number: 169
Send ACK of 1353025
Filename: 1.jpg Package number: 170
Send ACK of 1361025
Filename: 1.jpg Package number: 171
Send ACK of 1369025
Filename: 1.jpg Package number: 172
Send ACK of 1377025
Filename: 1.jpg Package number: 173
Send ACK of 1385025
Filename: 1.jpg Package number: 174
Send ACK of 1393025
Filename: 1.jpg Package number: 175
Send ACK of 1401025
Filename: 1.jpg Package number: 176
Send ACK of 1409025
Filename: 1.jpg Package number: 177
Send ACK of 1417025
Filename: 1.jpg Package number: 178
Send ACK of 1425025
Filename: 1.jpg Package number: 179
Send ACK of 1433025
Filename: 1.jpg Package number: 180
Send ACK of 1441025
Filename: 1.jpg Package number: 181
Send ACK of 1449025
Filename: 1.jpg Package number: 182
Send ACK of 1457025
Filename: 1.jpg Package number: 183
Send ACK of 1465025
Filename: 1.jpg Package number: 184
Send ACK of 1473025
Filename: 1.jpg Package number: 185
Send ACK of 1481025
Filename: 1.jpg Package number: 186
Send ACK of 1489025
Filename: 1.jpg Package number: 187
Send ACK of 1497025
Filename: 1.jpg Package number: 188
Send ACK of 1505025
Filename: 1.jpg Package number: 189
Send ACK of 1513025
Filename: 1.jpg Package number: 190
Send ACK of 1521025
Filename: 1.jpg Package number: 191
Send ACK of 1529025
Filename: 1.jpg Package number: 192
Send ACK of 1537025
Filename: 1.jpg Package number: 193
Send ACK of 1545025
Filename: 1.jpg Package number: 194
Send ACK of 1553025
Filename: 1.jpg Package number: 195
Send ACK of 1561025
Filename: 1.jpg Package number: 196
Send ACK of 1569025
Filename: 1.jpg Package number: 197
Send ACK of 1577025
Filename: 1.jpg Package number: 198
Send ACK of 1585025
Filename: 1.jpg Package number: 199
Send ACK of 1593025
Filename: 1.jpg Package number: 200
Send ACK of 1601025
Filename: 1.jpg Package number: 201
Send ACK of 1609025
Filename: 1.jpg Package number: 202
Send ACK of 1617025
Filename: 1.jpg Package number: 203
Send ACK of 1625025
Filename: 1.jpg Package number: 204
Send ACK of 1633025
Filename: 1.jpg Package number: 205
Send ACK of 1641025
Filename: 1.jpg Package number: 206
Send ACK of 1649025
Filename: 1.jpg Package number: 207
Send ACK of 1657025
Filename: 1.jpg Package number: 208
Send ACK of 1665025
Filename: 1.jpg Package number: 209
Send ACK of 1673025
Filename: 1.jpg Package number: 210
Send ACK of 1681025
Filename: 1.jpg Package number: 211
Send ACK of 1689025
Filename: 1.jpg Package number: 212
Send ACK of 1697025
Filename: 1.jpg Package number: 213
Send ACK of 1705025
Filename: 1.jpg Package number: 214
Send ACK of 1713025
Filename: 1.jpg Package number: 215
Send ACK of 1721025
Filename: 1.jpg Package number: 216
Send ACK of 1729025
Filename: 1.jpg Package number: 217
Send ACK of 1737025
Filename: 1.jpg Package number: 218
Send ACK of 1745025
Filename: 1.jpg Package number: 219
Send ACK of 1753025
Filename: 1.jpg Package number: 220
Send ACK of 1761025
Filename: 1.jpg Package number: 221
Send ACK of 1769025
Filename: 1.jpg Package number: 222
Send ACK of 1777025
Filename: 1.jpg Package number: 223
Send ACK of 1785025
Filename: 1.jpg Package number: 224
Send ACK of 1793025
Filename: 1.jpg Package number: 225
Send ACK of 1801025
Filename: 1.jpg Package number: 226
Send ACK of 1809025
Filename: 1.jpg Package number: 227
Send ACK of 1817025
Filename: 1.jpg Package number: 228
Send ACK of 1825025
Filename: 1.jpg Package number: 229
Send ACK of 1833025
Filename: 1.jpg Package number: 230
Send ACK of 1841025
Filename: 1.jpg Package number: 231
Send ACK of 1849025
Filename: 1.jpg Package number: 232
Send ACK of 1857025
Filename: 1.jpg Package number: 233
Send ACK of 1858378
Acknowledge First Wave
Second Wave Succeed! 
Acknowledge seqnum package 63225
Acknowledge Third Wave
Third Wave Succeed! 
Fourth wave Succeed!
Succeed to disconnect!
