Start to accept client 
Acknowledge First Handshake
Second handshake Succeed! 
Acknowledge Third Handshake
Succeed to connect 
Start to accept 1.jpg in file path: ./1.jpg
Send ACK of 45166
Filename: 1.jpg Package number: 1
Send ACK of 53166
Filename: 1.jpg Package number: 2
Send ACK of 61166
Filename: 1.jpg Package number: 3
Send ACK of 69166
Filename: 1.jpg Package number: 4
Send ACK of 77166
Filename: 1.jpg Package number: 5
Send ACK of 85166
Filename: 1.jpg Package number: 6
Send ACK of 93166
Filename: 1.jpg Package number: 7
Send ACK of 101166
Filename: 1.jpg Package number: 8
Send ACK of 109166
Filename: 1.jpg Package number: 9
Send ACK of 117166
Filename: 1.jpg Package number: 10
Send ACK of 125166
Filename: 1.jpg Package number: 11
Send ACK of 133166
Filename: 1.jpg Package number: 12
Send ACK of 141166
Filename: 1.jpg Package number: 13
Send ACK of 149166
Filename: 1.jpg Package number: 14
Send ACK of 157166
Filename: 1.jpg Package number: 15
Send ACK of 165166
Filename: 1.jpg Package number: 16
Send ACK of 173166
Filename: 1.jpg Package number: 17
Send ACK of 181166
Filename: 1.jpg Package number: 18
Send ACK of 189166
Filename: 1.jpg Package number: 19
Send ACK of 197166
Filename: 1.jpg Package number: 20
Send ACK of 205166
Filename: 1.jpg Package number: 21
Send ACK of 213166
Filename: 1.jpg Package number: 22
Send ACK of 221166
Filename: 1.jpg Package number: 23
Send ACK of 229166
Filename: 1.jpg Package number: 24
Send ACK of 237166
Filename: 1.jpg Package number: 25
Send ACK of 245166
Filename: 1.jpg Package number: 26
Send ACK of 253166
Filename: 1.jpg Package number: 27
Send ACK of 261166
Send ACK of 261166
Send ACK of 261166
Send ACK of 261166
Filename: 1.jpg Package number: 28
Send ACK of 269166
Send ACK of 269166
Send ACK of 269166
Send ACK of 269166
Send ACK of 269166
Send ACK of 269166
Send ACK of 269166
Send ACK of 269166
Send ACK of 269166
Send ACK of 269166
Filename: 1.jpg Package number: 29
Send ACK of 277166
Send ACK of 277166
Send ACK of 277166
Send ACK of 277166
Send ACK of 277166
Send ACK of 277166
Send ACK of 277166
Send ACK of 277166
Send ACK of 277166
Send ACK of 277166
Send ACK of 277166
Send ACK of 277166
Send ACK of 277166
Send ACK of 277166
Send ACK of 277166
Send ACK of 277166
Send ACK of 277166
Filename: 1.jpg Package number: 30
Send ACK of 285166
Send ACK of 285166
Send ACK of 285166
Send ACK of 285166
Send ACK of 285166
Send ACK of 285166
Send ACK of 285166
Send ACK of 285166
Send ACK of 285166
Send ACK of 285166
Send ACK of 285166
Send ACK of 285166
Send ACK of 285166
Send ACK of 285166
Filename: 1.jpg Package number: 31
Send ACK of 293166
Send ACK of 293166
Send ACK of 293166
Send ACK of 293166
Send ACK of 293166
Send ACK of 293166
Send ACK of 293166
Send ACK of 293166
Send ACK of 293166
Send ACK of 293166
Filename: 1.jpg Package number: 32
Send ACK of 301166
Send ACK of 301166
Send ACK of 301166
Send ACK of 301166
Send ACK of 301166
Send ACK of 301166
Send ACK of 301166
Send ACK of 301166
Send ACK of 301166
Filename: 1.jpg Package number: 33
Send ACK of 309166
Send ACK of 309166
Send ACK of 309166
Send ACK of 309166
Send ACK of 309166
Send ACK of 309166
Send ACK of 309166
Send ACK of 309166
Send ACK of 309166
Send ACK of 309166
Send ACK of 309166
Send ACK of 309166
Send ACK of 309166
Send ACK of 309166
Send ACK of 309166
Send ACK of 309166
Filename: 1.jpg Package number: 34
Send ACK of 317166
Send ACK of 317166
Send ACK of 317166
Send ACK of 317166
Send ACK of 317166
Send ACK of 317166
Send ACK of 317166
Send ACK of 317166
Send ACK of 317166
Send ACK of 317166
Send ACK of 317166
Send ACK of 317166
Send ACK of 317166
Filename: 1.jpg Package number: 35
Send ACK of 325166
Send ACK of 325166
Send ACK of 325166
Send ACK of 325166
Send ACK of 325166
Send ACK of 325166
Send ACK of 325166
Send ACK of 325166
Send ACK of 325166
Send ACK of 325166
Send ACK of 325166
Send ACK of 325166
Filename: 1.jpg Package number: 36
Send ACK of 333166
Send ACK of 333166
Send ACK of 333166
Send ACK of 333166
Send ACK of 333166
Send ACK of 333166
Send ACK of 333166
Send ACK of 333166
Send ACK of 333166
Send ACK of 333166
Send ACK of 333166
Send ACK of 333166
Send ACK of 333166
Send ACK of 333166
Send ACK of 333166
Send ACK of 333166
Send ACK of 333166
Filename: 1.jpg Package number: 37
Send ACK of 341166
Send ACK of 341166
Send ACK of 341166
Send ACK of 341166
Send ACK of 341166
Send ACK of 341166
Send ACK of 341166
Send ACK of 341166
Send ACK of 341166
Send ACK of 341166
Filename: 1.jpg Package number: 38
Send ACK of 349166
Send ACK of 349166
Send ACK of 349166
Send ACK of 349166
Send ACK of 349166
Send ACK of 349166
Send ACK of 349166
Send ACK of 349166
Send ACK of 349166
Send ACK of 349166
Filename: 1.jpg Package number: 39
Send ACK of 357166
Send ACK of 357166
Send ACK of 357166
Send ACK of 357166
Send ACK of 357166
Send ACK of 357166
Send ACK of 357166
Send ACK of 357166
Send ACK of 357166
Send ACK of 357166
Send ACK of 357166
Send ACK of 357166
Filename: 1.jpg Package number: 40
Send ACK of 365166
Send ACK of 365166
Send ACK of 365166
Send ACK of 365166
Send ACK of 365166
Send ACK of 365166
Send ACK of 365166
Send ACK of 365166
Send ACK of 365166
Send ACK of 365166
Filename: 1.jpg Package number: 41
Send ACK of 373166
Send ACK of 373166
Send ACK of 373166
Send ACK of 373166
Send ACK of 373166
Send ACK of 373166
Send ACK of 373166
Send ACK of 373166
Send ACK of 373166
Send ACK of 373166
Filename: 1.jpg Package number: 42
Send ACK of 381166
Send ACK of 381166
Send ACK of 381166
Send ACK of 381166
Send ACK of 381166
Send ACK of 381166
Send ACK of 381166
Send ACK of 381166
Send ACK of 381166
Filename: 1.jpg Package number: 43
Send ACK of 389166
Send ACK of 389166
Send ACK of 389166
Send ACK of 389166
Send ACK of 389166
Send ACK of 389166
Send ACK of 389166
Send ACK of 389166
Send ACK of 389166
Send ACK of 389166
Send ACK of 389166
Send ACK of 389166
Send ACK of 389166
Send ACK of 389166
Send ACK of 389166
Send ACK of 389166
Send ACK of 389166
Filename: 1.jpg Package number: 44
Send ACK of 397166
Send ACK of 397166
Send ACK of 397166
Send ACK of 397166
Send ACK of 397166
Send ACK of 397166
Send ACK of 397166
Send ACK of 397166
Send ACK of 397166
Send ACK of 397166
Send ACK of 397166
Send ACK of 397166
Send ACK of 397166
Filename: 1.jpg Package number: 45
Send ACK of 405166
Send ACK of 405166
Send ACK of 405166
Send ACK of 405166
Send ACK of 405166
Send ACK of 405166
Send ACK of 405166
Send ACK of 405166
Send ACK of 405166
Send ACK of 405166
Filename: 1.jpg Package number: 46
Send ACK of 413166
Send ACK of 413166
Send ACK of 413166
Send ACK of 413166
Send ACK of 413166
Send ACK of 413166
Send ACK of 413166
Send ACK of 413166
Send ACK of 413166
Send ACK of 413166
Send ACK of 413166
Send ACK of 413166
Send ACK of 413166
Send ACK of 413166
Filename: 1.jpg Package number: 47
Send ACK of 421166
Send ACK of 421166
Send ACK of 421166
Send ACK of 421166
Send ACK of 421166
Send ACK of 421166
Send ACK of 421166
Send ACK of 421166
Send ACK of 421166
Send ACK of 421166
Send ACK of 421166
Send ACK of 421166
Send ACK of 421166
Send ACK of 421166
Send ACK of 421166
Filename: 1.jpg Package number: 48
Send ACK of 429166
Send ACK of 429166
Send ACK of 429166
Send ACK of 429166
Send ACK of 429166
Send ACK of 429166
Send ACK of 429166
Send ACK of 429166
Send ACK of 429166
Send ACK of 429166
Send ACK of 429166
Send ACK of 429166
Send ACK of 429166
Send ACK of 429166
Filename: 1.jpg Package number: 49
Send ACK of 437166
Send ACK of 437166
Send ACK of 437166
Send ACK of 437166
Send ACK of 437166
Send ACK of 437166
Send ACK of 437166
Send ACK of 437166
Send ACK of 437166
Send ACK of 437166
Send ACK of 437166
Send ACK of 437166
Send ACK of 437166
Send ACK of 437166
Send ACK of 437166
Send ACK of 437166
Filename: 1.jpg Package number: 50
Send ACK of 445166
Send ACK of 445166
Send ACK of 445166
Send ACK of 445166
Send ACK of 445166
Send ACK of 445166
Send ACK of 445166
Send ACK of 445166
Send ACK of 445166
Send ACK of 445166
Send ACK of 445166
Send ACK of 445166
Send ACK of 445166
Send ACK of 445166
Send ACK of 445166
Send ACK of 445166
Filename: 1.jpg Package number: 51
Send ACK of 453166
Send ACK of 453166
Send ACK of 453166
Send ACK of 453166
Send ACK of 453166
Send ACK of 453166
Send ACK of 453166
Send ACK of 453166
Send ACK of 453166
Send ACK of 453166
Send ACK of 453166
Send ACK of 453166
Filename: 1.jpg Package number: 52
Send ACK of 461166
Send ACK of 461166
Send ACK of 461166
Send ACK of 461166
Send ACK of 461166
Send ACK of 461166
Send ACK of 461166
Send ACK of 461166
Send ACK of 461166
Send ACK of 461166
Filename: 1.jpg Package number: 53
Send ACK of 469166
Send ACK of 469166
Send ACK of 469166
Send ACK of 469166
Send ACK of 469166
Send ACK of 469166
Send ACK of 469166
Send ACK of 469166
Send ACK of 469166
Send ACK of 469166
Filename: 1.jpg Package number: 54
Send ACK of 477166
Send ACK of 477166
Send ACK of 477166
Send ACK of 477166
Send ACK of 477166
Send ACK of 477166
Send ACK of 477166
Send ACK of 477166
Send ACK of 477166
Filename: 1.jpg Package number: 55
Send ACK of 485166
Send ACK of 485166
Send ACK of 485166
Send ACK of 485166
Send ACK of 485166
Send ACK of 485166
Send ACK of 485166
Send ACK of 485166
Send ACK of 485166
Send ACK of 485166
Filename: 1.jpg Package number: 56
Send ACK of 493166
Send ACK of 493166
Send ACK of 493166
Send ACK of 493166
Send ACK of 493166
Send ACK of 493166
Send ACK of 493166
Send ACK of 493166
Send ACK of 493166
Send ACK of 493166
Send ACK of 493166
Filename: 1.jpg Package number: 57
Send ACK of 501166
Send ACK of 501166
Send ACK of 501166
Send ACK of 501166
Send ACK of 501166
Send ACK of 501166
Send ACK of 501166
Send ACK of 501166
Send ACK of 501166
Send ACK of 501166
Send ACK of 501166
Send ACK of 501166
Send ACK of 501166
Filename: 1.jpg Package number: 58
Send ACK of 509166
Send ACK of 509166
Send ACK of 509166
Send ACK of 509166
Send ACK of 509166
Send ACK of 509166
Send ACK of 509166
Send ACK of 509166
Send ACK of 509166
Send ACK of 509166
Filename: 1.jpg Package number: 59
Send ACK of 517166
Send ACK of 517166
Send ACK of 517166
Send ACK of 517166
Send ACK of 517166
Send ACK of 517166
Send ACK of 517166
Send ACK of 517166
Send ACK of 517166
Filename: 1.jpg Package number: 60
Send ACK of 525166
Send ACK of 525166
Send ACK of 525166
Send ACK of 525166
Send ACK of 525166
Send ACK of 525166
Send ACK of 525166
Send ACK of 525166
Send ACK of 525166
Send ACK of 525166
Filename: 1.jpg Package number: 61
Send ACK of 533166
Send ACK of 533166
Send ACK of 533166
Send ACK of 533166
Send ACK of 533166
Send ACK of 533166
Send ACK of 533166
Send ACK of 533166
Send ACK of 533166
Send ACK of 533166
Filename: 1.jpg Package number: 62
Send ACK of 541166
Send ACK of 541166
Send ACK of 541166
Send ACK of 541166
Send ACK of 541166
Send ACK of 541166
Send ACK of 541166
Send ACK of 541166
Send ACK of 541166
Filename: 1.jpg Package number: 63
Send ACK of 549166
Send ACK of 549166
Send ACK of 549166
Send ACK of 549166
Send ACK of 549166
Send ACK of 549166
Send ACK of 549166
Send ACK of 549166
Send ACK of 549166
Send ACK of 549166
Filename: 1.jpg Package number: 64
Send ACK of 557166
Send ACK of 557166
Send ACK of 557166
Send ACK of 557166
Send ACK of 557166
Send ACK of 557166
Send ACK of 557166
Send ACK of 557166
Send ACK of 557166
Send ACK of 557166
Filename: 1.jpg Package number: 65
Send ACK of 565166
Send ACK of 565166
Send ACK of 565166
Send ACK of 565166
Send ACK of 565166
Send ACK of 565166
Send ACK of 565166
Send ACK of 565166
Send ACK of 565166
Send ACK of 565166
Send ACK of 565166
Send ACK of 565166
Send ACK of 565166
Filename: 1.jpg Package number: 66
Send ACK of 573166
Send ACK of 573166
Send ACK of 573166
Send ACK of 573166
Send ACK of 573166
Send ACK of 573166
Send ACK of 573166
Send ACK of 573166
Send ACK of 573166
Send ACK of 573166
Send ACK of 573166
Send ACK of 573166
Send ACK of 573166
Send ACK of 573166
Send ACK of 573166
Send ACK of 573166
Send ACK of 573166
Filename: 1.jpg Package number: 67
Send ACK of 581166
Send ACK of 581166
Send ACK of 581166
Send ACK of 581166
Send ACK of 581166
Send ACK of 581166
Send ACK of 581166
Send ACK of 581166
Send ACK of 581166
Send ACK of 581166
Filename: 1.jpg Package number: 68
Send ACK of 589166
Send ACK of 589166
Filename: 1.jpg Package number: 69
Send ACK of 597166
Send ACK of 597166
Send ACK of 597166
Send ACK of 597166
Send ACK of 597166
Send ACK of 597166
Send ACK of 597166
Send ACK of 597166
Send ACK of 597166
Send ACK of 597166
Filename: 1.jpg Package number: 70
Send ACK of 605166
Send ACK of 605166
Send ACK of 605166
Send ACK of 605166
Send ACK of 605166
Send ACK of 605166
Send ACK of 605166
Send ACK of 605166
Send ACK of 605166
Send ACK of 605166
Filename: 1.jpg Package number: 71
Send ACK of 613166
Send ACK of 613166
Send ACK of 613166
Send ACK of 613166
Send ACK of 613166
Send ACK of 613166
Send ACK of 613166
Send ACK of 613166
Send ACK of 613166
Filename: 1.jpg Package number: 72
Send ACK of 621166
Send ACK of 621166
Send ACK of 621166
Send ACK of 621166
Send ACK of 621166
Send ACK of 621166
Send ACK of 621166
Send ACK of 621166
Send ACK of 621166
Send ACK of 621166
Filename: 1.jpg Package number: 73
Send ACK of 629166
Send ACK of 629166
Send ACK of 629166
Send ACK of 629166
Send ACK of 629166
Send ACK of 629166
Send ACK of 629166
Send ACK of 629166
Send ACK of 629166
Send ACK of 629166
Filename: 1.jpg Package number: 74
Send ACK of 637166
Send ACK of 637166
Send ACK of 637166
Send ACK of 637166
Send ACK of 637166
Send ACK of 637166
Send ACK of 637166
Send ACK of 637166
Send ACK of 637166
Send ACK of 637166
Send ACK of 637166
Send ACK of 637166
Send ACK of 637166
Send ACK of 637166
Filename: 1.jpg Package number: 75
Send ACK of 645166
Send ACK of 645166
Send ACK of 645166
Send ACK of 645166
Send ACK of 645166
Send ACK of 645166
Send ACK of 645166
Send ACK of 645166
Send ACK of 645166
Send ACK of 645166
Send ACK of 645166
Send ACK of 645166
Send ACK of 645166
Send ACK of 645166
Send ACK of 645166
Filename: 1.jpg Package number: 76
Send ACK of 653166
Send ACK of 653166
Send ACK of 653166
Send ACK of 653166
Send ACK of 653166
Send ACK of 653166
Send ACK of 653166
Send ACK of 653166
Send ACK of 653166
Send ACK of 653166
Filename: 1.jpg Package number: 77
Send ACK of 661166
Send ACK of 661166
Send ACK of 661166
Send ACK of 661166
Send ACK of 661166
Send ACK of 661166
Send ACK of 661166
Send ACK of 661166
Send ACK of 661166
Send ACK of 661166
Send ACK of 661166
Send ACK of 661166
Send ACK of 661166
Filename: 1.jpg Package number: 78
Send ACK of 669166
Send ACK of 669166
Send ACK of 669166
Send ACK of 669166
Send ACK of 669166
Send ACK of 669166
Send ACK of 669166
Send ACK of 669166
Send ACK of 669166
Send ACK of 669166
Filename: 1.jpg Package number: 79
Send ACK of 677166
Send ACK of 677166
Send ACK of 677166
Send ACK of 677166
Send ACK of 677166
Send ACK of 677166
Send ACK of 677166
Send ACK of 677166
Send ACK of 677166
Filename: 1.jpg Package number: 80
Send ACK of 685166
Send ACK of 685166
Send ACK of 685166
Send ACK of 685166
Send ACK of 685166
Send ACK of 685166
Send ACK of 685166
Send ACK of 685166
Send ACK of 685166
Send ACK of 685166
Filename: 1.jpg Package number: 81
Send ACK of 693166
Send ACK of 693166
Send ACK of 693166
Send ACK of 693166
Send ACK of 693166
Send ACK of 693166
Send ACK of 693166
Send ACK of 693166
Send ACK of 693166
Send ACK of 693166
Filename: 1.jpg Package number: 82
Send ACK of 701166
Send ACK of 701166
Send ACK of 701166
Send ACK of 701166
Send ACK of 701166
Send ACK of 701166
Send ACK of 701166
Send ACK of 701166
Send ACK of 701166
Send ACK of 701166
Send ACK of 701166
Send ACK of 701166
Filename: 1.jpg Package number: 83
Send ACK of 709166
Send ACK of 709166
Send ACK of 709166
Send ACK of 709166
Send ACK of 709166
Send ACK of 709166
Send ACK of 709166
Send ACK of 709166
Send ACK of 709166
Send ACK of 709166
Send ACK of 709166
Filename: 1.jpg Package number: 84
Send ACK of 717166
Send ACK of 717166
Send ACK of 717166
Send ACK of 717166
Send ACK of 717166
Send ACK of 717166
Send ACK of 717166
Send ACK of 717166
Send ACK of 717166
Send ACK of 717166
Filename: 1.jpg Package number: 85
Send ACK of 725166
Send ACK of 725166
Send ACK of 725166
Send ACK of 725166
Send ACK of 725166
Send ACK of 725166
Send ACK of 725166
Send ACK of 725166
Send ACK of 725166
Filename: 1.jpg Package number: 86
Send ACK of 733166
Send ACK of 733166
Send ACK of 733166
Send ACK of 733166
Send ACK of 733166
Send ACK of 733166
Send ACK of 733166
Send ACK of 733166
Send ACK of 733166
Send ACK of 733166
Filename: 1.jpg Package number: 87
Send ACK of 741166
Send ACK of 741166
Send ACK of 741166
Send ACK of 741166
Send ACK of 741166
Send ACK of 741166
Send ACK of 741166
Send ACK of 741166
Send ACK of 741166
Send ACK of 741166
Filename: 1.jpg Package number: 88
Send ACK of 749166
Send ACK of 749166
Send ACK of 749166
Send ACK of 749166
Send ACK of 749166
Send ACK of 749166
Send ACK of 749166
Send ACK of 749166
Send ACK of 749166
Filename: 1.jpg Package number: 89
Send ACK of 757166
Send ACK of 757166
Send ACK of 757166
Send ACK of 757166
Send ACK of 757166
Send ACK of 757166
Send ACK of 757166
Send ACK of 757166
Send ACK of 757166
Send ACK of 757166
Filename: 1.jpg Package number: 90
Send ACK of 765166
Send ACK of 765166
Send ACK of 765166
Send ACK of 765166
Send ACK of 765166
Send ACK of 765166
Send ACK of 765166
Send ACK of 765166
Send ACK of 765166
Send ACK of 765166
Filename: 1.jpg Package number: 91
Send ACK of 773166
Send ACK of 773166
Send ACK of 773166
Send ACK of 773166
Send ACK of 773166
Send ACK of 773166
Send ACK of 773166
Send ACK of 773166
Send ACK of 773166
Send ACK of 773166
Send ACK of 773166
Send ACK of 773166
Send ACK of 773166
Send ACK of 773166
Send ACK of 773166
Send ACK of 773166
Send ACK of 773166
Send ACK of 773166
Filename: 1.jpg Package number: 92
Send ACK of 781166
Send ACK of 781166
Send ACK of 781166
Send ACK of 781166
Send ACK of 781166
Send ACK of 781166
Send ACK of 781166
Send ACK of 781166
Send ACK of 781166
Send ACK of 781166
Send ACK of 781166
Send ACK of 781166
Send ACK of 781166
Filename: 1.jpg Package number: 93
Send ACK of 789166
Send ACK of 789166
Send ACK of 789166
Send ACK of 789166
Send ACK of 789166
Send ACK of 789166
Send ACK of 789166
Send ACK of 789166
Send ACK of 789166
Send ACK of 789166
Send ACK of 789166
Send ACK of 789166
Send ACK of 789166
Filename: 1.jpg Package number: 94
Send ACK of 797166
Send ACK of 797166
Send ACK of 797166
Send ACK of 797166
Send ACK of 797166
Send ACK of 797166
Send ACK of 797166
Send ACK of 797166
Send ACK of 797166
Send ACK of 797166
Send ACK of 797166
Send ACK of 797166
Send ACK of 797166
Send ACK of 797166
Send ACK of 797166
Send ACK of 797166
Filename: 1.jpg Package number: 95
Send ACK of 805166
Send ACK of 805166
Send ACK of 805166
Send ACK of 805166
Send ACK of 805166
Send ACK of 805166
Send ACK of 805166
Send ACK of 805166
Send ACK of 805166
Filename: 1.jpg Package number: 96
Send ACK of 813166
Send ACK of 813166
Send ACK of 813166
Send ACK of 813166
Send ACK of 813166
Send ACK of 813166
Send ACK of 813166
Send ACK of 813166
Send ACK of 813166
Send ACK of 813166
Filename: 1.jpg Package number: 97
Send ACK of 821166
Send ACK of 821166
Send ACK of 821166
Send ACK of 821166
Send ACK of 821166
Send ACK of 821166
Send ACK of 821166
Send ACK of 821166
Send ACK of 821166
Send ACK of 821166
Filename: 1.jpg Package number: 98
Send ACK of 829166
Send ACK of 829166
Send ACK of 829166
Send ACK of 829166
Send ACK of 829166
Send ACK of 829166
Send ACK of 829166
Send ACK of 829166
Send ACK of 829166
Send ACK of 829166
Filename: 1.jpg Package number: 99
Send ACK of 837166
Send ACK of 837166
Send ACK of 837166
Send ACK of 837166
Send ACK of 837166
Send ACK of 837166
Send ACK of 837166
Send ACK of 837166
Send ACK of 837166
Send ACK of 837166
Send ACK of 837166
Send ACK of 837166
Send ACK of 837166
Send ACK of 837166
Send ACK of 837166
Send ACK of 837166
Send ACK of 837166
Filename: 1.jpg Package number: 100
Send ACK of 845166
Send ACK of 845166
Send ACK of 845166
Send ACK of 845166
Send ACK of 845166
Send ACK of 845166
Send ACK of 845166
Send ACK of 845166
Send ACK of 845166
Send ACK of 845166
Send ACK of 845166
Send ACK of 845166
Filename: 1.jpg Package number: 101
Send ACK of 853166
Send ACK of 853166
Send ACK of 853166
Send ACK of 853166
Send ACK of 853166
Send ACK of 853166
Send ACK of 853166
Send ACK of 853166
Send ACK of 853166
Send ACK of 853166
Filename: 1.jpg Package number: 102
Send ACK of 861166
Send ACK of 861166
Send ACK of 861166
Send ACK of 861166
Send ACK of 861166
Send ACK of 861166
Send ACK of 861166
Send ACK of 861166
Send ACK of 861166
Send ACK of 861166
Filename: 1.jpg Package number: 103
Send ACK of 869166
Send ACK of 869166
Send ACK of 869166
Send ACK of 869166
Send ACK of 869166
Send ACK of 869166
Send ACK of 869166
Send ACK of 869166
Send ACK of 869166
Send ACK of 869166
Send ACK of 869166
Send ACK of 869166
Filename: 1.jpg Package number: 104
Send ACK of 877166
Send ACK of 877166
Send ACK of 877166
Send ACK of 877166
Send ACK of 877166
Send ACK of 877166
Send ACK of 877166
Send ACK of 877166
Send ACK of 877166
Send ACK of 877166
Filename: 1.jpg Package number: 105
Send ACK of 885166
Send ACK of 885166
Send ACK of 885166
Send ACK of 885166
Send ACK of 885166
Send ACK of 885166
Send ACK of 885166
Send ACK of 885166
Send ACK of 885166
Send ACK of 885166
Filename: 1.jpg Package number: 106
Send ACK of 893166
Send ACK of 893166
Send ACK of 893166
Send ACK of 893166
Send ACK of 893166
Send ACK of 893166
Send ACK of 893166
Send ACK of 893166
Send ACK of 893166
Send ACK of 893166
Send ACK of 893166
Send ACK of 893166
Send ACK of 893166
Send ACK of 893166
Send ACK of 893166
Send ACK of 893166
Send ACK of 893166
Filename: 1.jpg Package number: 107
Send ACK of 901166
Send ACK of 901166
Send ACK of 901166
Send ACK of 901166
Send ACK of 901166
Send ACK of 901166
Send ACK of 901166
Send ACK of 901166
Send ACK of 901166
Send ACK of 901166
Send ACK of 901166
Send ACK of 901166
Send ACK of 901166
Filename: 1.jpg Package number: 108
Send ACK of 909166
Send ACK of 909166
Send ACK of 909166
Send ACK of 909166
Send ACK of 909166
Send ACK of 909166
Send ACK of 909166
Send ACK of 909166
Send ACK of 909166
Filename: 1.jpg Package number: 109
Send ACK of 917166
Send ACK of 917166
Send ACK of 917166
Send ACK of 917166
Send ACK of 917166
Send ACK of 917166
Send ACK of 917166
Send ACK of 917166
Send ACK of 917166
Send ACK of 917166
Send ACK of 917166
Send ACK of 917166
Send ACK of 917166
Send ACK of 917166
Send ACK of 917166
Send ACK of 917166
Filename: 1.jpg Package number: 110
Send ACK of 925166
Send ACK of 925166
Send ACK of 925166
Send ACK of 925166
Send ACK of 925166
Send ACK of 925166
Send ACK of 925166
Send ACK of 925166
Send ACK of 925166
Send ACK of 925166
Filename: 1.jpg Package number: 111
Send ACK of 933166
Send ACK of 933166
Send ACK of 933166
Send ACK of 933166
Send ACK of 933166
Send ACK of 933166
Send ACK of 933166
Send ACK of 933166
Send ACK of 933166
Filename: 1.jpg Package number: 112
Send ACK of 941166
Send ACK of 941166
Send ACK of 941166
Send ACK of 941166
Send ACK of 941166
Send ACK of 941166
Send ACK of 941166
Send ACK of 941166
Send ACK of 941166
Send ACK of 941166
Filename: 1.jpg Package number: 113
Send ACK of 949166
Send ACK of 949166
Send ACK of 949166
Send ACK of 949166
Send ACK of 949166
Send ACK of 949166
Send ACK of 949166
Send ACK of 949166
Send ACK of 949166
Send ACK of 949166
Filename: 1.jpg Package number: 114
Send ACK of 957166
Send ACK of 957166
Send ACK of 957166
Send ACK of 957166
Send ACK of 957166
Send ACK of 957166
Send ACK of 957166
Send ACK of 957166
Send ACK of 957166
Send ACK of 957166
Send ACK of 957166
Send ACK of 957166
Send ACK of 957166
Send ACK of 957166
Send ACK of 957166
Send ACK of 957166
Filename: 1.jpg Package number: 115
Send ACK of 965166
Send ACK of 965166
Send ACK of 965166
Send ACK of 965166
Send ACK of 965166
Send ACK of 965166
Send ACK of 965166
Send ACK of 965166
Send ACK of 965166
Send ACK of 965166
Send ACK of 965166
Send ACK of 965166
Send ACK of 965166
Filename: 1.jpg Package number: 116
Send ACK of 973166
Send ACK of 973166
Send ACK of 973166
Send ACK of 973166
Send ACK of 973166
Send ACK of 973166
Send ACK of 973166
Send ACK of 973166
Send ACK of 973166
Filename: 1.jpg Package number: 117
Send ACK of 981166
Send ACK of 981166
Send ACK of 981166
Send ACK of 981166
Send ACK of 981166
Send ACK of 981166
Send ACK of 981166
Send ACK of 981166
Send ACK of 981166
Send ACK of 981166
Filename: 1.jpg Package number: 118
Send ACK of 989166
Send ACK of 989166
Send ACK of 989166
Send ACK of 989166
Send ACK of 989166
Send ACK of 989166
Send ACK of 989166
Send ACK of 989166
Send ACK of 989166
Send ACK of 989166
Filename: 1.jpg Package number: 119
Send ACK of 997166
Send ACK of 997166
Send ACK of 997166
Send ACK of 997166
Send ACK of 997166
Send ACK of 997166
Send ACK of 997166
Send ACK of 997166
Send ACK of 997166
Filename: 1.jpg Package number: 120
Send ACK of 1005166
Send ACK of 1005166
Send ACK of 1005166
Send ACK of 1005166
Send ACK of 1005166
Send ACK of 1005166
Send ACK of 1005166
Send ACK of 1005166
Send ACK of 1005166
Send ACK of 1005166
Filename: 1.jpg Package number: 121
Send ACK of 1013166
Send ACK of 1013166
Send ACK of 1013166
Send ACK of 1013166
Send ACK of 1013166
Send ACK of 1013166
Send ACK of 1013166
Send ACK of 1013166
Send ACK of 1013166
Send ACK of 1013166
Send ACK of 1013166
Send ACK of 1013166
Send ACK of 1013166
Filename: 1.jpg Package number: 122
Send ACK of 1021166
Send ACK of 1021166
Send ACK of 1021166
Send ACK of 1021166
Send ACK of 1021166
Send ACK of 1021166
Send ACK of 1021166
Send ACK of 1021166
Send ACK of 1021166
Send ACK of 1021166
Filename: 1.jpg Package number: 123
Send ACK of 1029166
Send ACK of 1029166
Send ACK of 1029166
Send ACK of 1029166
Send ACK of 1029166
Send ACK of 1029166
Send ACK of 1029166
Send ACK of 1029166
Send ACK of 1029166
Send ACK of 1029166
Filename: 1.jpg Package number: 124
Send ACK of 1037166
Send ACK of 1037166
Send ACK of 1037166
Send ACK of 1037166
Send ACK of 1037166
Send ACK of 1037166
Send ACK of 1037166
Send ACK of 1037166
Send ACK of 1037166
Send ACK of 1037166
Filename: 1.jpg Package number: 125
Send ACK of 1045166
Send ACK of 1045166
Send ACK of 1045166
Send ACK of 1045166
Send ACK of 1045166
Send ACK of 1045166
Send ACK of 1045166
Send ACK of 1045166
Send ACK of 1045166
Filename: 1.jpg Package number: 126
Send ACK of 1053166
Send ACK of 1053166
Send ACK of 1053166
Send ACK of 1053166
Send ACK of 1053166
Send ACK of 1053166
Send ACK of 1053166
Send ACK of 1053166
Send ACK of 1053166
Send ACK of 1053166
Filename: 1.jpg Package number: 127
Send ACK of 1061166
Send ACK of 1061166
Send ACK of 1061166
Send ACK of 1061166
Send ACK of 1061166
Send ACK of 1061166
Send ACK of 1061166
Send ACK of 1061166
Send ACK of 1061166
Send ACK of 1061166
Filename: 1.jpg Package number: 128
Send ACK of 1069166
Send ACK of 1069166
Send ACK of 1069166
Send ACK of 1069166
Send ACK of 1069166
Send ACK of 1069166
Send ACK of 1069166
Send ACK of 1069166
Send ACK of 1069166
Filename: 1.jpg Package number: 129
Send ACK of 1077166
Send ACK of 1077166
Send ACK of 1077166
Send ACK of 1077166
Send ACK of 1077166
Send ACK of 1077166
Send ACK of 1077166
Send ACK of 1077166
Send ACK of 1077166
Send ACK of 1077166
Filename: 1.jpg Package number: 130
Send ACK of 1085166
Send ACK of 1085166
Send ACK of 1085166
Send ACK of 1085166
Send ACK of 1085166
Send ACK of 1085166
Send ACK of 1085166
Send ACK of 1085166
Send ACK of 1085166
Send ACK of 1085166
Send ACK of 1085166
Send ACK of 1085166
Send ACK of 1085166
Send ACK of 1085166
Send ACK of 1085166
Send ACK of 1085166
Send ACK of 1085166
Filename: 1.jpg Package number: 131
Send ACK of 1093166
Send ACK of 1093166
Send ACK of 1093166
Send ACK of 1093166
Send ACK of 1093166
Send ACK of 1093166
Send ACK of 1093166
Send ACK of 1093166
Send ACK of 1093166
Send ACK of 1093166
Send ACK of 1093166
Send ACK of 1093166
Send ACK of 1093166
Filename: 1.jpg Package number: 132
Send ACK of 1101166
Send ACK of 1101166
Send ACK of 1101166
Send ACK of 1101166
Send ACK of 1101166
Send ACK of 1101166
Send ACK of 1101166
Send ACK of 1101166
Send ACK of 1101166
Send ACK of 1101166
Filename: 1.jpg Package number: 133
Send ACK of 1109166
Send ACK of 1109166
Send ACK of 1109166
Send ACK of 1109166
Send ACK of 1109166
Send ACK of 1109166
Send ACK of 1109166
Send ACK of 1109166
Send ACK of 1109166
Filename: 1.jpg Package number: 134
Send ACK of 1117166
Send ACK of 1117166
Send ACK of 1117166
Send ACK of 1117166
Send ACK of 1117166
Send ACK of 1117166
Send ACK of 1117166
Send ACK of 1117166
Send ACK of 1117166
Send ACK of 1117166
Filename: 1.jpg Package number: 135
Send ACK of 1125166
Send ACK of 1125166
Send ACK of 1125166
Send ACK of 1125166
Send ACK of 1125166
Send ACK of 1125166
Send ACK of 1125166
Send ACK of 1125166
Send ACK of 1125166
Send ACK of 1125166
Filename: 1.jpg Package number: 136
Send ACK of 1133166
Send ACK of 1133166
Send ACK of 1133166
Send ACK of 1133166
Send ACK of 1133166
Send ACK of 1133166
Send ACK of 1133166
Send ACK of 1133166
Send ACK of 1133166
Filename: 1.jpg Package number: 137
Send ACK of 1141166
Send ACK of 1141166
Send ACK of 1141166
Send ACK of 1141166
Send ACK of 1141166
Send ACK of 1141166
Send ACK of 1141166
Send ACK of 1141166
Send ACK of 1141166
Send ACK of 1141166
Filename: 1.jpg Package number: 138
Send ACK of 1149166
Send ACK of 1149166
Send ACK of 1149166
Send ACK of 1149166
Send ACK of 1149166
Send ACK of 1149166
Send ACK of 1149166
Send ACK of 1149166
Send ACK of 1149166
Send ACK of 1149166
Send ACK of 1149166
Send ACK of 1149166
Send ACK of 1149166
Filename: 1.jpg Package number: 139
Send ACK of 1157166
Send ACK of 1157166
Send ACK of 1157166
Send ACK of 1157166
Send ACK of 1157166
Send ACK of 1157166
Send ACK of 1157166
Send ACK of 1157166
Send ACK of 1157166
Send ACK of 1157166
Send ACK of 1157166
Send ACK of 1157166
Send ACK of 1157166
Filename: 1.jpg Package number: 140
Send ACK of 1165166
Send ACK of 1165166
Send ACK of 1165166
Send ACK of 1165166
Send ACK of 1165166
Send ACK of 1165166
Send ACK of 1165166
Send ACK of 1165166
Send ACK of 1165166
Send ACK of 1165166
Filename: 1.jpg Package number: 141
Send ACK of 1173166
Send ACK of 1173166
Send ACK of 1173166
Send ACK of 1173166
Send ACK of 1173166
Send ACK of 1173166
Send ACK of 1173166
Send ACK of 1173166
Send ACK of 1173166
Send ACK of 1173166
Send ACK of 1173166
Send ACK of 1173166
Send ACK of 1173166
Send ACK of 1173166
Filename: 1.jpg Package number: 142
Send ACK of 1181166
Send ACK of 1181166
Send ACK of 1181166
Send ACK of 1181166
Send ACK of 1181166
Send ACK of 1181166
Send ACK of 1181166
Send ACK of 1181166
Send ACK of 1181166
Send ACK of 1181166
Filename: 1.jpg Package number: 143
Send ACK of 1189166
Send ACK of 1189166
Send ACK of 1189166
Send ACK of 1189166
Send ACK of 1189166
Send ACK of 1189166
Send ACK of 1189166
Send ACK of 1189166
Send ACK of 1189166
Send ACK of 1189166
Filename: 1.jpg Package number: 144
Send ACK of 1197166
Send ACK of 1197166
Send ACK of 1197166
Send ACK of 1197166
Send ACK of 1197166
Send ACK of 1197166
Send ACK of 1197166
Send ACK of 1197166
Send ACK of 1197166
Filename: 1.jpg Package number: 145
Send ACK of 1205166
Send ACK of 1205166
Send ACK of 1205166
Send ACK of 1205166
Send ACK of 1205166
Send ACK of 1205166
Send ACK of 1205166
Send ACK of 1205166
Send ACK of 1205166
Send ACK of 1205166
Filename: 1.jpg Package number: 146
Send ACK of 1213166
Send ACK of 1213166
Send ACK of 1213166
Send ACK of 1213166
Send ACK of 1213166
Send ACK of 1213166
Send ACK of 1213166
Send ACK of 1213166
Send ACK of 1213166
Send ACK of 1213166
Send ACK of 1213166
Send ACK of 1213166
Send ACK of 1213166
Send ACK of 1213166
Filename: 1.jpg Package number: 147
Send ACK of 1221166
Send ACK of 1221166
Send ACK of 1221166
Send ACK of 1221166
Send ACK of 1221166
Send ACK of 1221166
Send ACK of 1221166
Send ACK of 1221166
Send ACK of 1221166
Send ACK of 1221166
Send ACK of 1221166
Send ACK of 1221166
Send ACK of 1221166
Send ACK of 1221166
Filename: 1.jpg Package number: 148
Send ACK of 1229166
Send ACK of 1229166
Send ACK of 1229166
Send ACK of 1229166
Send ACK of 1229166
Send ACK of 1229166
Send ACK of 1229166
Send ACK of 1229166
Send ACK of 1229166
Send ACK of 1229166
Send ACK of 1229166
Send ACK of 1229166
Send ACK of 1229166
Send ACK of 1229166
Send ACK of 1229166
Send ACK of 1229166
Filename: 1.jpg Package number: 149
Send ACK of 1237166
Send ACK of 1237166
Send ACK of 1237166
Send ACK of 1237166
Send ACK of 1237166
Send ACK of 1237166
Send ACK of 1237166
Send ACK of 1237166
Send ACK of 1237166
Filename: 1.jpg Package number: 150
Send ACK of 1245166
Send ACK of 1245166
Send ACK of 1245166
Send ACK of 1245166
Send ACK of 1245166
Send ACK of 1245166
Send ACK of 1245166
Send ACK of 1245166
Send ACK of 1245166
Send ACK of 1245166
Filename: 1.jpg Package number: 151
Send ACK of 1253166
Send ACK of 1253166
Send ACK of 1253166
Send ACK of 1253166
Send ACK of 1253166
Send ACK of 1253166
Send ACK of 1253166
Send ACK of 1253166
Send ACK of 1253166
Send ACK of 1253166
Filename: 1.jpg Package number: 152
Send ACK of 1261166
Send ACK of 1261166
Send ACK of 1261166
Send ACK of 1261166
Send ACK of 1261166
Send ACK of 1261166
Send ACK of 1261166
Send ACK of 1261166
Send ACK of 1261166
Filename: 1.jpg Package number: 153
Send ACK of 1269166
Send ACK of 1269166
Send ACK of 1269166
Send ACK of 1269166
Send ACK of 1269166
Send ACK of 1269166
Send ACK of 1269166
Send ACK of 1269166
Send ACK of 1269166
Send ACK of 1269166
Send ACK of 1269166
Send ACK of 1269166
Send ACK of 1269166
Send ACK of 1269166
Send ACK of 1269166
Send ACK of 1269166
Send ACK of 1269166
Filename: 1.jpg Package number: 154
Send ACK of 1277166
Send ACK of 1277166
Send ACK of 1277166
Send ACK of 1277166
Send ACK of 1277166
Send ACK of 1277166
Send ACK of 1277166
Send ACK of 1277166
Send ACK of 1277166
Send ACK of 1277166
Send ACK of 1277166
Send ACK of 1277166
Send ACK of 1277166
Send ACK of 1277166
Filename: 1.jpg Package number: 155
Send ACK of 1285166
Send ACK of 1285166
Send ACK of 1285166
Send ACK of 1285166
Send ACK of 1285166
Send ACK of 1285166
Send ACK of 1285166
Send ACK of 1285166
Send ACK of 1285166
Send ACK of 1285166
Filename: 1.jpg Package number: 156
Send ACK of 1293166
Send ACK of 1293166
Send ACK of 1293166
Send ACK of 1293166
Send ACK of 1293166
Send ACK of 1293166
Send ACK of 1293166
Send ACK of 1293166
Send ACK of 1293166
Send ACK of 1293166
Filename: 1.jpg Package number: 157
Send ACK of 1301166
Send ACK of 1301166
Send ACK of 1301166
Send ACK of 1301166
Send ACK of 1301166
Send ACK of 1301166
Send ACK of 1301166
Send ACK of 1301166
Send ACK of 1301166
Filename: 1.jpg Package number: 158
Send ACK of 1309166
Send ACK of 1309166
Send ACK of 1309166
Send ACK of 1309166
Send ACK of 1309166
Send ACK of 1309166
Send ACK of 1309166
Send ACK of 1309166
Send ACK of 1309166
Send ACK of 1309166
Filename: 1.jpg Package number: 159
Send ACK of 1317166
Send ACK of 1317166
Send ACK of 1317166
Send ACK of 1317166
Send ACK of 1317166
Send ACK of 1317166
Send ACK of 1317166
Send ACK of 1317166
Send ACK of 1317166
Send ACK of 1317166
Filename: 1.jpg Package number: 160
Send ACK of 1325166
Send ACK of 1325166
Send ACK of 1325166
Send ACK of 1325166
Send ACK of 1325166
Send ACK of 1325166
Send ACK of 1325166
Send ACK of 1325166
Send ACK of 1325166
Filename: 1.jpg Package number: 161
Send ACK of 1333166
Send ACK of 1333166
Send ACK of 1333166
Send ACK of 1333166
Send ACK of 1333166
Send ACK of 1333166
Send ACK of 1333166
Send ACK of 1333166
Send ACK of 1333166
Send ACK of 1333166
Send ACK of 1333166
Send ACK of 1333166
Send ACK of 1333166
Filename: 1.jpg Package number: 162
Send ACK of 1341166
Send ACK of 1341166
Send ACK of 1341166
Send ACK of 1341166
Send ACK of 1341166
Send ACK of 1341166
Send ACK of 1341166
Send ACK of 1341166
Send ACK of 1341166
Send ACK of 1341166
Send ACK of 1341166
Send ACK of 1341166
Send ACK of 1341166
Send ACK of 1341166
Filename: 1.jpg Package number: 163
Send ACK of 1349166
Send ACK of 1349166
Send ACK of 1349166
Send ACK of 1349166
Send ACK of 1349166
Send ACK of 1349166
Send ACK of 1349166
Send ACK of 1349166
Send ACK of 1349166
Send ACK of 1349166
Send ACK of 1349166
Send ACK of 1349166
Send ACK of 1349166
Send ACK of 1349166
Filename: 1.jpg Package number: 164
Send ACK of 1357166
Send ACK of 1357166
Send ACK of 1357166
Send ACK of 1357166
Send ACK of 1357166
Send ACK of 1357166
Send ACK of 1357166
Send ACK of 1357166
Send ACK of 1357166
Send ACK of 1357166
Filename: 1.jpg Package number: 165
Send ACK of 1365166
Send ACK of 1365166
Send ACK of 1365166
Send ACK of 1365166
Send ACK of 1365166
Send ACK of 1365166
Send ACK of 1365166
Send ACK of 1365166
Send ACK of 1365166
Send ACK of 1365166
Send ACK of 1365166
Send ACK of 1365166
Send ACK of 1365166
Send ACK of 1365166
Send ACK of 1365166
Filename: 1.jpg Package number: 166
Send ACK of 1373166
Send ACK of 1373166
Send ACK of 1373166
Send ACK of 1373166
Send ACK of 1373166
Send ACK of 1373166
Send ACK of 1373166
Send ACK of 1373166
Send ACK of 1373166
Send ACK of 1373166
Send ACK of 1373166
Send ACK of 1373166
Send ACK of 1373166
Send ACK of 1373166
Filename: 1.jpg Package number: 167
Send ACK of 1381166
Send ACK of 1381166
Send ACK of 1381166
Send ACK of 1381166
Send ACK of 1381166
Send ACK of 1381166
Send ACK of 1381166
Send ACK of 1381166
Send ACK of 1381166
Filename: 1.jpg Package number: 168
Send ACK of 1389166
Send ACK of 1389166
Send ACK of 1389166
Send ACK of 1389166
Send ACK of 1389166
Send ACK of 1389166
Send ACK of 1389166
Send ACK of 1389166
Send ACK of 1389166
Send ACK of 1389166
Send ACK of 1389166
Send ACK of 1389166
Send ACK of 1389166
Send ACK of 1389166
Send ACK of 1389166
Send ACK of 1389166
Send ACK of 1389166
Filename: 1.jpg Package number: 169
Send ACK of 1397166
Send ACK of 1397166
Send ACK of 1397166
Send ACK of 1397166
Send ACK of 1397166
Send ACK of 1397166
Send ACK of 1397166
Send ACK of 1397166
Send ACK of 1397166
Send ACK of 1397166
Send ACK of 1397166
Send ACK of 1397166
Send ACK of 1397166
Send ACK of 1397166
Send ACK of 1397166
Filename: 1.jpg Package number: 170
Send ACK of 1405166
Send ACK of 1405166
Send ACK of 1405166
Send ACK of 1405166
Send ACK of 1405166
Send ACK of 1405166
Send ACK of 1405166
Send ACK of 1405166
Send ACK of 1405166
Send ACK of 1405166
Filename: 1.jpg Package number: 171
Send ACK of 1413166
Send ACK of 1413166
Send ACK of 1413166
Send ACK of 1413166
Send ACK of 1413166
Send ACK of 1413166
Send ACK of 1413166
Send ACK of 1413166
Send ACK of 1413166
Send ACK of 1413166
Filename: 1.jpg Package number: 172
Send ACK of 1421166
Send ACK of 1421166
Send ACK of 1421166
Send ACK of 1421166
Send ACK of 1421166
Send ACK of 1421166
Send ACK of 1421166
Send ACK of 1421166
Send ACK of 1421166
Filename: 1.jpg Package number: 173
Send ACK of 1429166
Send ACK of 1429166
Send ACK of 1429166
Send ACK of 1429166
Send ACK of 1429166
Send ACK of 1429166
Send ACK of 1429166
Send ACK of 1429166
Send ACK of 1429166
Send ACK of 1429166
Filename: 1.jpg Package number: 174
Send ACK of 1437166
Send ACK of 1437166
Send ACK of 1437166
Send ACK of 1437166
Send ACK of 1437166
Send ACK of 1437166
Send ACK of 1437166
Send ACK of 1437166
Send ACK of 1437166
Send ACK of 1437166
Filename: 1.jpg Package number: 175
Send ACK of 1445166
Send ACK of 1445166
Send ACK of 1445166
Send ACK of 1445166
Send ACK of 1445166
Send ACK of 1445166
Send ACK of 1445166
Send ACK of 1445166
Send ACK of 1445166
Send ACK of 1445166
Send ACK of 1445166
Send ACK of 1445166
Send ACK of 1445166
Filename: 1.jpg Package number: 176
Send ACK of 1453166
Send ACK of 1453166
Send ACK of 1453166
Send ACK of 1453166
Send ACK of 1453166
Send ACK of 1453166
Send ACK of 1453166
Send ACK of 1453166
Send ACK of 1453166
Send ACK of 1453166
Send ACK of 1453166
Send ACK of 1453166
Send ACK of 1453166
Send ACK of 1453166
Send ACK of 1453166
Send ACK of 1453166
Send ACK of 1453166
Filename: 1.jpg Package number: 177
Send ACK of 1461166
Send ACK of 1461166
Send ACK of 1461166
Send ACK of 1461166
Send ACK of 1461166
Send ACK of 1461166
Send ACK of 1461166
Send ACK of 1461166
Send ACK of 1461166
Send ACK of 1461166
Send ACK of 1461166
Filename: 1.jpg Package number: 178
Send ACK of 1469166
Filename: 1.jpg Package number: 179
Send ACK of 1477166
Send ACK of 1477166
Send ACK of 1477166
Send ACK of 1477166
Send ACK of 1477166
Send ACK of 1477166
Send ACK of 1477166
Send ACK of 1477166
Send ACK of 1477166
Send ACK of 1477166
Filename: 1.jpg Package number: 180
Send ACK of 1485166
Send ACK of 1485166
Send ACK of 1485166
Send ACK of 1485166
Send ACK of 1485166
Send ACK of 1485166
Send ACK of 1485166
Send ACK of 1485166
Send ACK of 1485166
Send ACK of 1485166
Filename: 1.jpg Package number: 181
Send ACK of 1493166
Send ACK of 1493166
Send ACK of 1493166
Send ACK of 1493166
Send ACK of 1493166
Send ACK of 1493166
Send ACK of 1493166
Send ACK of 1493166
Send ACK of 1493166
Filename: 1.jpg Package number: 182
Send ACK of 1501166
Send ACK of 1501166
Send ACK of 1501166
Send ACK of 1501166
Send ACK of 1501166
Send ACK of 1501166
Send ACK of 1501166
Send ACK of 1501166
Send ACK of 1501166
Send ACK of 1501166
Filename: 1.jpg Package number: 183
Send ACK of 1509166
Send ACK of 1509166
Send ACK of 1509166
Send ACK of 1509166
Send ACK of 1509166
Send ACK of 1509166
Send ACK of 1509166
Send ACK of 1509166
Send ACK of 1509166
Send ACK of 1509166
Filename: 1.jpg Package number: 184
Send ACK of 1517166
Send ACK of 1517166
Send ACK of 1517166
Send ACK of 1517166
Send ACK of 1517166
Send ACK of 1517166
Send ACK of 1517166
Send ACK of 1517166
Send ACK of 1517166
Send ACK of 1517166
Filename: 1.jpg Package number: 185
Send ACK of 1525166
Send ACK of 1525166
Send ACK of 1525166
Send ACK of 1525166
Send ACK of 1525166
Send ACK of 1525166
Send ACK of 1525166
Send ACK of 1525166
Send ACK of 1525166
Send ACK of 1525166
Send ACK of 1525166
Send ACK of 1525166
Send ACK of 1525166
Send ACK of 1525166
Send ACK of 1525166
Filename: 1.jpg Package number: 186
Send ACK of 1533166
Send ACK of 1533166
Send ACK of 1533166
Send ACK of 1533166
Send ACK of 1533166
Send ACK of 1533166
Send ACK of 1533166
Send ACK of 1533166
Send ACK of 1533166
Send ACK of 1533166
Filename: 1.jpg Package number: 187
Send ACK of 1541166
Send ACK of 1541166
Send ACK of 1541166
Send ACK of 1541166
Send ACK of 1541166
Send ACK of 1541166
Send ACK of 1541166
Send ACK of 1541166
Send ACK of 1541166
Filename: 1.jpg Package number: 188
Send ACK of 1549166
Send ACK of 1549166
Send ACK of 1549166
Send ACK of 1549166
Send ACK of 1549166
Send ACK of 1549166
Send ACK of 1549166
Send ACK of 1549166
Send ACK of 1549166
Send ACK of 1549166
Filename: 1.jpg Package number: 189
Send ACK of 1557166
Send ACK of 1557166
Send ACK of 1557166
Send ACK of 1557166
Send ACK of 1557166
Send ACK of 1557166
Send ACK of 1557166
Send ACK of 1557166
Send ACK of 1557166
Send ACK of 1557166
Filename: 1.jpg Package number: 190
Send ACK of 1565166
Send ACK of 1565166
Send ACK of 1565166
Send ACK of 1565166
Send ACK of 1565166
Send ACK of 1565166
Send ACK of 1565166
Send ACK of 1565166
Send ACK of 1565166
Filename: 1.jpg Package number: 191
Send ACK of 1573166
Send ACK of 1573166
Send ACK of 1573166
Send ACK of 1573166
Send ACK of 1573166
Send ACK of 1573166
Send ACK of 1573166
Send ACK of 1573166
Send ACK of 1573166
Send ACK of 1573166
Filename: 1.jpg Package number: 192
Send ACK of 1581166
Send ACK of 1581166
Send ACK of 1581166
Send ACK of 1581166
Send ACK of 1581166
Send ACK of 1581166
Send ACK of 1581166
Send ACK of 1581166
Send ACK of 1581166
Send ACK of 1581166
Filename: 1.jpg Package number: 193
Send ACK of 1589166
Send ACK of 1589166
Send ACK of 1589166
Send ACK of 1589166
Send ACK of 1589166
Send ACK of 1589166
Send ACK of 1589166
Send ACK of 1589166
Send ACK of 1589166
Send ACK of 1589166
Send ACK of 1589166
Send ACK of 1589166
Send ACK of 1589166
Send ACK of 1589166
Filename: 1.jpg Package number: 194
Send ACK of 1597166
Send ACK of 1597166
Send ACK of 1597166
Send ACK of 1597166
Send ACK of 1597166
Send ACK of 1597166
Send ACK of 1597166
Send ACK of 1597166
Send ACK of 1597166
Send ACK of 1597166
Send ACK of 1597166
Send ACK of 1597166
Send ACK of 1597166
Send ACK of 1597166
Send ACK of 1597166
Send ACK of 1597166
Filename: 1.jpg Package number: 195
Send ACK of 1605166
Send ACK of 1605166
Send ACK of 1605166
Send ACK of 1605166
Send ACK of 1605166
Send ACK of 1605166
Send ACK of 1605166
Send ACK of 1605166
Send ACK of 1605166
Send ACK of 1605166
Send ACK of 1605166
Send ACK of 1605166
Filename: 1.jpg Package number: 196
Send ACK of 1613166
Send ACK of 1613166
Send ACK of 1613166
Send ACK of 1613166
Send ACK of 1613166
Send ACK of 1613166
Send ACK of 1613166
Send ACK of 1613166
Send ACK of 1613166
Send ACK of 1613166
Filename: 1.jpg Package number: 197
Send ACK of 1621166
Send ACK of 1621166
Send ACK of 1621166
Send ACK of 1621166
Send ACK of 1621166
Send ACK of 1621166
Send ACK of 1621166
Send ACK of 1621166
Send ACK of 1621166
Send ACK of 1621166
Filename: 1.jpg Package number: 198
Send ACK of 1629166
Send ACK of 1629166
Send ACK of 1629166
Send ACK of 1629166
Send ACK of 1629166
Send ACK of 1629166
Send ACK of 1629166
Send ACK of 1629166
Send ACK of 1629166
Filename: 1.jpg Package number: 199
Send ACK of 1637166
Send ACK of 1637166
Send ACK of 1637166
Send ACK of 1637166
Send ACK of 1637166
Send ACK of 1637166
Send ACK of 1637166
Send ACK of 1637166
Send ACK of 1637166
Send ACK of 1637166
Filename: 1.jpg Package number: 200
Send ACK of 1645166
Send ACK of 1645166
Send ACK of 1645166
Send ACK of 1645166
Send ACK of 1645166
Send ACK of 1645166
Send ACK of 1645166
Send ACK of 1645166
Send ACK of 1645166
Send ACK of 1645166
Filename: 1.jpg Package number: 201
Send ACK of 1653166
Send ACK of 1653166
Send ACK of 1653166
Send ACK of 1653166
Send ACK of 1653166
Send ACK of 1653166
Send ACK of 1653166
Send ACK of 1653166
Send ACK of 1653166
Send ACK of 1653166
Send ACK of 1653166
Filename: 1.jpg Package number: 202
Send ACK of 1661166
Send ACK of 1661166
Send ACK of 1661166
Send ACK of 1661166
Send ACK of 1661166
Send ACK of 1661166
Send ACK of 1661166
Send ACK of 1661166
Send ACK of 1661166
Send ACK of 1661166
Send ACK of 1661166
Send ACK of 1661166
Send ACK of 1661166
Send ACK of 1661166
Filename: 1.jpg Package number: 203
Send ACK of 1669166
Send ACK of 1669166
Send ACK of 1669166
Send ACK of 1669166
Send ACK of 1669166
Send ACK of 1669166
Send ACK of 1669166
Send ACK of 1669166
Send ACK of 1669166
Filename: 1.jpg Package number: 204
Send ACK of 1677166
Send ACK of 1677166
Send ACK of 1677166
Send ACK of 1677166
Send ACK of 1677166
Send ACK of 1677166
Send ACK of 1677166
Send ACK of 1677166
Send ACK of 1677166
Send ACK of 1677166
Filename: 1.jpg Package number: 205
Send ACK of 1685166
Send ACK of 1685166
Send ACK of 1685166
Send ACK of 1685166
Send ACK of 1685166
Send ACK of 1685166
Send ACK of 1685166
Send ACK of 1685166
Send ACK of 1685166
Send ACK of 1685166
Filename: 1.jpg Package number: 206
Send ACK of 1693166
Send ACK of 1693166
Send ACK of 1693166
Send ACK of 1693166
Send ACK of 1693166
Send ACK of 1693166
Send ACK of 1693166
Send ACK of 1693166
Send ACK of 1693166
Filename: 1.jpg Package number: 207
Send ACK of 1701166
Send ACK of 1701166
Send ACK of 1701166
Send ACK of 1701166
Send ACK of 1701166
Send ACK of 1701166
Send ACK of 1701166
Send ACK of 1701166
Send ACK of 1701166
Send ACK of 1701166
Filename: 1.jpg Package number: 208
Send ACK of 1709166
Send ACK of 1709166
Send ACK of 1709166
Send ACK of 1709166
Send ACK of 1709166
Send ACK of 1709166
Send ACK of 1709166
Send ACK of 1709166
Send ACK of 1709166
Send ACK of 1709166
Filename: 1.jpg Package number: 209
Send ACK of 1717166
Send ACK of 1717166
Send ACK of 1717166
Send ACK of 1717166
Send ACK of 1717166
Send ACK of 1717166
Send ACK of 1717166
Send ACK of 1717166
Send ACK of 1717166
Filename: 1.jpg Package number: 210
Send ACK of 1725166
Send ACK of 1725166
Send ACK of 1725166
Send ACK of 1725166
Send ACK of 1725166
Send ACK of 1725166
Send ACK of 1725166
Send ACK of 1725166
Send ACK of 1725166
Send ACK of 1725166
Send ACK of 1725166
Send ACK of 1725166
Send ACK of 1725166
Send ACK of 1725166
Send ACK of 1725166
Send ACK of 1725166
Send ACK of 1725166
Send ACK of 1725166
Filename: 1.jpg Package number: 211
Send ACK of 1733166
Send ACK of 1733166
Send ACK of 1733166
Send ACK of 1733166
Send ACK of 1733166
Send ACK of 1733166
Send ACK of 1733166
Send ACK of 1733166
Send ACK of 1733166
Send ACK of 1733166
Send ACK of 1733166
Send ACK of 1733166
Send ACK of 1733166
Send ACK of 1733166
Send ACK of 1733166
Filename: 1.jpg Package number: 212
Send ACK of 1741166
Send ACK of 1741166
Send ACK of 1741166
Send ACK of 1741166
Send ACK of 1741166
Send ACK of 1741166
Send ACK of 1741166
Send ACK of 1741166
Send ACK of 1741166
Send ACK of 1741166
Filename: 1.jpg Package number: 213
Send ACK of 1749166
Send ACK of 1749166
Send ACK of 1749166
Send ACK of 1749166
Send ACK of 1749166
Send ACK of 1749166
Send ACK of 1749166
Send ACK of 1749166
Send ACK of 1749166
Send ACK of 1749166
Filename: 1.jpg Package number: 214
Send ACK of 1757166
Send ACK of 1757166
Send ACK of 1757166
Send ACK of 1757166
Send ACK of 1757166
Send ACK of 1757166
Send ACK of 1757166
Send ACK of 1757166
Send ACK of 1757166
Filename: 1.jpg Package number: 215
Send ACK of 1765166
Send ACK of 1765166
Send ACK of 1765166
Send ACK of 1765166
Send ACK of 1765166
Send ACK of 1765166
Send ACK of 1765166
Send ACK of 1765166
Send ACK of 1765166
Send ACK of 1765166
Filename: 1.jpg Package number: 216
Send ACK of 1773166
Send ACK of 1773166
Send ACK of 1773166
Send ACK of 1773166
Send ACK of 1773166
Send ACK of 1773166
Send ACK of 1773166
Send ACK of 1773166
Send ACK of 1773166
Send ACK of 1773166
Filename: 1.jpg Package number: 217
Send ACK of 1781166
Send ACK of 1781166
Send ACK of 1781166
Send ACK of 1781166
Send ACK of 1781166
Send ACK of 1781166
Send ACK of 1781166
Send ACK of 1781166
Send ACK of 1781166
Filename: 1.jpg Package number: 218
Send ACK of 1789166
Send ACK of 1789166
Send ACK of 1789166
Send ACK of 1789166
Send ACK of 1789166
Send ACK of 1789166
Send ACK of 1789166
Send ACK of 1789166
Send ACK of 1789166
Send ACK of 1789166
Filename: 1.jpg Package number: 219
Send ACK of 1797166
Send ACK of 1797166
Send ACK of 1797166
Send ACK of 1797166
Send ACK of 1797166
Send ACK of 1797166
Send ACK of 1797166
Send ACK of 1797166
Send ACK of 1797166
Send ACK of 1797166
Filename: 1.jpg Package number: 220
Send ACK of 1805166
Send ACK of 1805166
Send ACK of 1805166
Send ACK of 1805166
Send ACK of 1805166
Send ACK of 1805166
Send ACK of 1805166
Send ACK of 1805166
Send ACK of 1805166
Filename: 1.jpg Package number: 221
Send ACK of 1813166
Send ACK of 1813166
Send ACK of 1813166
Send ACK of 1813166
Send ACK of 1813166
Send ACK of 1813166
Send ACK of 1813166
Send ACK of 1813166
Send ACK of 1813166
Send ACK of 1813166
Filename: 1.jpg Package number: 222
Send ACK of 1821166
Send ACK of 1821166
Send ACK of 1821166
Send ACK of 1821166
Send ACK of 1821166
Send ACK of 1821166
Send ACK of 1821166
Send ACK of 1821166
Send ACK of 1821166
Send ACK of 1821166
Filename: 1.jpg Package number: 223
Send ACK of 1829166
Send ACK of 1829166
Send ACK of 1829166
Send ACK of 1829166
Send ACK of 1829166
Send ACK of 1829166
Send ACK of 1829166
Send ACK of 1829166
Send ACK of 1829166
Send ACK of 1829166
Send ACK of 1829166
Send ACK of 1829166
Send ACK of 1829166
Filename: 1.jpg Package number: 224
Send ACK of 1837166
Send ACK of 1837166
Send ACK of 1837166
Send ACK of 1837166
Send ACK of 1837166
Send ACK of 1837166
Send ACK of 1837166
Send ACK of 1837166
Send ACK of 1837166
Send ACK of 1837166
Filename: 1.jpg Package number: 225
Send ACK of 1845166
Send ACK of 1845166
Send ACK of 1845166
Send ACK of 1845166
Send ACK of 1845166
Send ACK of 1845166
Send ACK of 1845166
Send ACK of 1845166
Send ACK of 1845166
Send ACK of 1845166
Filename: 1.jpg Package number: 226
Send ACK of 1853166
Send ACK of 1853166
Send ACK of 1853166
Send ACK of 1853166
Send ACK of 1853166
Send ACK of 1853166
Send ACK of 1853166
Send ACK of 1853166
Send ACK of 1853166
Filename: 1.jpg Package number: 227
Send ACK of 1861166
Send ACK of 1861166
Send ACK of 1861166
Send ACK of 1861166
Send ACK of 1861166
Send ACK of 1861166
Send ACK of 1861166
Send ACK of 1861166
Send ACK of 1861166
Send ACK of 1861166
Send ACK of 1861166
Send ACK of 1861166
Send ACK of 1861166
Send ACK of 1861166
Send ACK of 1861166
Send ACK of 1861166
Filename: 1.jpg Package number: 228
Send ACK of 1869166
Send ACK of 1869166
Send ACK of 1869166
Send ACK of 1869166
Send ACK of 1869166
Send ACK of 1869166
Send ACK of 1869166
Send ACK of 1869166
Send ACK of 1869166
Send ACK of 1869166
Send ACK of 1869166
Send ACK of 1869166
Send ACK of 1869166
Filename: 1.jpg Package number: 229
Send ACK of 1877166
Send ACK of 1877166
Send ACK of 1877166
Send ACK of 1877166
Send ACK of 1877166
Send ACK of 1877166
Send ACK of 1877166
Send ACK of 1877166
Send ACK of 1877166
Send ACK of 1877166
Filename: 1.jpg Package number: 230
Send ACK of 1885166
Send ACK of 1885166
Send ACK of 1885166
Send ACK of 1885166
Filename: 1.jpg Package number: 231
Send ACK of 1893166
Send ACK of 1893166
Send ACK of 1893166
Filename: 1.jpg Package number: 232
Send ACK of 1901166
Send ACK of 1901166
Filename: 1.jpg Package number: 233
Send ACK of 1902519
Acknowledge First Wave
Second Wave Succeed! 
Acknowledge seqnum package 34736
Acknowledge Third Wave
Third Wave Succeed! 
Fourth wave Succeed!
Succeed to disconnect!
Start to accept client 
Start to accept client 
Start to accept client 
Acknowledge First Handshake
Second handshake Succeed! 
Acknowledge Third Handshake
Succeed to connect 
Start to accept 1.jpg in file path: ./1.jpg
Send ACK of 46345
Filename: 1.jpg Package number: 1
Send ACK of 54345
Filename: 1.jpg Package number: 2
Send ACK of 62345
Filename: 1.jpg Package number: 3
Send ACK of 70345
Filename: 1.jpg Package number: 4
Send ACK of 78345
Filename: 1.jpg Package number: 5
Send ACK of 86345
Filename: 1.jpg Package number: 6
Send ACK of 94345
Filename: 1.jpg Package number: 7
Send ACK of 102345
Filename: 1.jpg Package number: 8
Send ACK of 110345
Filename: 1.jpg Package number: 9
Send ACK of 118345
Filename: 1.jpg Package number: 10
Send ACK of 126345
Filename: 1.jpg Package number: 11
Send ACK of 134345
Filename: 1.jpg Package number: 12
Send ACK of 142345
Filename: 1.jpg Package number: 13
Send ACK of 150345
Filename: 1.jpg Package number: 14
Send ACK of 158345
Filename: 1.jpg Package number: 15
Send ACK of 166345
Filename: 1.jpg Package number: 16
Send ACK of 174345
Filename: 1.jpg Package number: 17
Send ACK of 182345
Filename: 1.jpg Package number: 18
Send ACK of 190345
Filename: 1.jpg Package number: 19
Send ACK of 198345
Filename: 1.jpg Package number: 20
Send ACK of 206345
Filename: 1.jpg Package number: 21
Send ACK of 214345
Filename: 1.jpg Package number: 22
Send ACK of 222345
Filename: 1.jpg Package number: 23
Send ACK of 230345
Filename: 1.jpg Package number: 24
Send ACK of 238345
Filename: 1.jpg Package number: 25
Send ACK of 246345
Filename: 1.jpg Package number: 26
Send ACK of 254345
Filename: 1.jpg Package number: 27
Send ACK of 262345
Filename: 1.jpg Package number: 28
Send ACK of 270345
Filename: 1.jpg Package number: 29
Send ACK of 278345
Filename: 1.jpg Package number: 30
Send ACK of 286345
Filename: 1.jpg Package number: 31
Send ACK of 294345
Filename: 1.jpg Package number: 32
Send ACK of 302345
Filename: 1.jpg Package number: 33
Send ACK of 310345
Filename: 1.jpg Package number: 34
Send ACK of 318345
Filename: 1.jpg Package number: 35
Send ACK of 326345
Filename: 1.jpg Package number: 36
Send ACK of 334345
Filename: 1.jpg Package number: 37
Send ACK of 342345
Filename: 1.jpg Package number: 38
Send ACK of 350345
Filename: 1.jpg Package number: 39
Send ACK of 358345
Filename: 1.jpg Package number: 40
Send ACK of 366345
Filename: 1.jpg Package number: 41
Send ACK of 374345
Filename: 1.jpg Package number: 42
Send ACK of 382345
Filename: 1.jpg Package number: 43
Send ACK of 390345
Filename: 1.jpg Package number: 44
Send ACK of 398345
Filename: 1.jpg Package number: 45
Send ACK of 406345
Filename: 1.jpg Package number: 46
Send ACK of 414345
Filename: 1.jpg Package number: 47
Send ACK of 422345
Filename: 1.jpg Package number: 48
Send ACK of 430345
Filename: 1.jpg Package number: 49
Send ACK of 438345
Filename: 1.jpg Package number: 50
Send ACK of 446345
Filename: 1.jpg Package number: 51
Send ACK of 454345
Filename: 1.jpg Package number: 52
Send ACK of 462345
Filename: 1.jpg Package number: 53
Send ACK of 470345
Filename: 1.jpg Package number: 54
Send ACK of 478345
Filename: 1.jpg Package number: 55
Send ACK of 486345
Filename: 1.jpg Package number: 56
Send ACK of 494345
Filename: 1.jpg Package number: 57
Send ACK of 502345
Filename: 1.jpg Package number: 58
Send ACK of 510345
Filename: 1.jpg Package number: 59
Send ACK of 518345
Filename: 1.jpg Package number: 60
Send ACK of 526345
Filename: 1.jpg Package number: 61
Send ACK of 534345
Filename: 1.jpg Package number: 62
Send ACK of 542345
Filename: 1.jpg Package number: 63
Send ACK of 550345
Filename: 1.jpg Package number: 64
Send ACK of 558345
Filename: 1.jpg Package number: 65
Send ACK of 566345
Filename: 1.jpg Package number: 66
Send ACK of 574345
Filename: 1.jpg Package number: 67
Send ACK of 582345
Filename: 1.jpg Package number: 68
Send ACK of 590345
Filename: 1.jpg Package number: 69
Send ACK of 598345
Filename: 1.jpg Package number: 70
Send ACK of 606345
Filename: 1.jpg Package number: 71
Send ACK of 614345
Filename: 1.jpg Package number: 72
Send ACK of 622345
Send ACK of 622345
Send ACK of 622345
Send ACK of 622345
Filename: 1.jpg Package number: 73
Send ACK of 630345
Send ACK of 630345
Send ACK of 630345
Send ACK of 630345
Send ACK of 630345
Filename: 1.jpg Package number: 74
Send ACK of 638345
Send ACK of 638345
Send ACK of 638345
Send ACK of 638345
Send ACK of 638345
Send ACK of 638345
Send ACK of 638345
Filename: 1.jpg Package number: 75
Send ACK of 646345
Send ACK of 646345
Send ACK of 646345
Send ACK of 646345
Send ACK of 646345
Send ACK of 646345
Send ACK of 646345
Send ACK of 646345
Send ACK of 646345
Send ACK of 646345
Send ACK of 646345
Send ACK of 646345
Send ACK of 646345
Send ACK of 646345
Filename: 1.jpg Package number: 76
Send ACK of 654345
Send ACK of 654345
Send ACK of 654345
Send ACK of 654345
Send ACK of 654345
Send ACK of 654345
Send ACK of 654345
Send ACK of 654345
Send ACK of 654345
Send ACK of 654345
Send ACK of 654345
Send ACK of 654345
Send ACK of 654345
Send ACK of 654345
Send ACK of 654345
Send ACK of 654345
Send ACK of 654345
Send ACK of 654345
Send ACK of 654345
Filename: 1.jpg Package number: 77
Send ACK of 662345
Send ACK of 662345
Filename: 1.jpg Package number: 78
Send ACK of 670345
Send ACK of 670345
Send ACK of 670345
Send ACK of 670345
Send ACK of 670345
Send ACK of 670345
Send ACK of 670345
Send ACK of 670345
Send ACK of 670345
Send ACK of 670345
Filename: 1.jpg Package number: 79
Send ACK of 678345
Send ACK of 678345
Send ACK of 678345
Send ACK of 678345
Send ACK of 678345
Send ACK of 678345
Send ACK of 678345
Send ACK of 678345
Send ACK of 678345
Send ACK of 678345
Filename: 1.jpg Package number: 80
Send ACK of 686345
Send ACK of 686345
Send ACK of 686345
Send ACK of 686345
Send ACK of 686345
Send ACK of 686345
Send ACK of 686345
Send ACK of 686345
Send ACK of 686345
Filename: 1.jpg Package number: 81
Send ACK of 694345
Send ACK of 694345
Send ACK of 694345
Send ACK of 694345
Send ACK of 694345
Send ACK of 694345
Send ACK of 694345
Send ACK of 694345
Send ACK of 694345
Send ACK of 694345
Filename: 1.jpg Package number: 82
Send ACK of 702345
Send ACK of 702345
Send ACK of 702345
Send ACK of 702345
Send ACK of 702345
Send ACK of 702345
Send ACK of 702345
Send ACK of 702345
Send ACK of 702345
Send ACK of 702345
Filename: 1.jpg Package number: 83
Send ACK of 710345
Send ACK of 710345
Send ACK of 710345
Send ACK of 710345
Send ACK of 710345
Send ACK of 710345
Send ACK of 710345
Send ACK of 710345
Send ACK of 710345
Send ACK of 710345
Filename: 1.jpg Package number: 84
Send ACK of 718345
Send ACK of 718345
Send ACK of 718345
Send ACK of 718345
Send ACK of 718345
Send ACK of 718345
Send ACK of 718345
Send ACK of 718345
Filename: 1.jpg Package number: 85
Send ACK of 726345
Send ACK of 726345
Send ACK of 726345
Send ACK of 726345
Send ACK of 726345
Send ACK of 726345
Filename: 1.jpg Package number: 86
Send ACK of 734345
Send ACK of 734345
Filename: 1.jpg Package number: 87
Send ACK of 742345
Filename: 1.jpg Package number: 88
Send ACK of 750345
Filename: 1.jpg Package number: 89
Send ACK of 758345
Filename: 1.jpg Package number: 90
Send ACK of 766345
Filename: 1.jpg Package number: 91
Send ACK of 774345
Filename: 1.jpg Package number: 92
Send ACK of 782345
Filename: 1.jpg Package number: 93
Send ACK of 790345
Filename: 1.jpg Package number: 94
Send ACK of 798345
Filename: 1.jpg Package number: 95
Send ACK of 806345
Filename: 1.jpg Package number: 96
Send ACK of 814345
Filename: 1.jpg Package number: 97
Send ACK of 822345
Filename: 1.jpg Package number: 98
Send ACK of 830345
Filename: 1.jpg Package number: 99
Send ACK of 838345
Filename: 1.jpg Package number: 100
Send ACK of 846345
Filename: 1.jpg Package number: 101
Send ACK of 854345
Filename: 1.jpg Package number: 102
Send ACK of 862345
Filename: 1.jpg Package number: 103
Send ACK of 870345
Filename: 1.jpg Package number: 104
Send ACK of 878345
Filename: 1.jpg Package number: 105
Send ACK of 886345
Filename: 1.jpg Package number: 106
Send ACK of 894345
Filename: 1.jpg Package number: 107
Send ACK of 902345
Filename: 1.jpg Package number: 108
Send ACK of 910345
Filename: 1.jpg Package number: 109
Send ACK of 918345
Filename: 1.jpg Package number: 110
Send ACK of 926345
Filename: 1.jpg Package number: 111
Send ACK of 934345
Send ACK of 934345
Send ACK of 934345
Filename: 1.jpg Package number: 112
Send ACK of 942345
Send ACK of 942345
Send ACK of 942345
Send ACK of 942345
Send ACK of 942345
Filename: 1.jpg Package number: 113
Send ACK of 950345
Send ACK of 950345
Send ACK of 950345
Send ACK of 950345
Send ACK of 950345
Send ACK of 950345
Filename: 1.jpg Package number: 114
Send ACK of 958345
Send ACK of 958345
Send ACK of 958345
Send ACK of 958345
Send ACK of 958345
Send ACK of 958345
Send ACK of 958345
Send ACK of 958345
Send ACK of 958345
Send ACK of 958345
Filename: 1.jpg Package number: 115
Send ACK of 966345
Send ACK of 966345
Send ACK of 966345
Send ACK of 966345
Send ACK of 966345
Send ACK of 966345
Send ACK of 966345
Send ACK of 966345
Send ACK of 966345
Send ACK of 966345
Send ACK of 966345
Send ACK of 966345
Send ACK of 966345
Filename: 1.jpg Package number: 116
Send ACK of 974345
Send ACK of 974345
Send ACK of 974345
Send ACK of 974345
Send ACK of 974345
Send ACK of 974345
Send ACK of 974345
Send ACK of 974345
Send ACK of 974345
Send ACK of 974345
Filename: 1.jpg Package number: 117
Send ACK of 982345
Send ACK of 982345
Send ACK of 982345
Send ACK of 982345
Send ACK of 982345
Send ACK of 982345
Send ACK of 982345
Send ACK of 982345
Send ACK of 982345
Filename: 1.jpg Package number: 118
Send ACK of 990345
Send ACK of 990345
Send ACK of 990345
Send ACK of 990345
Send ACK of 990345
Send ACK of 990345
Send ACK of 990345
Send ACK of 990345
Send ACK of 990345
Send ACK of 990345
Filename: 1.jpg Package number: 119
Send ACK of 998345
Send ACK of 998345
Send ACK of 998345
Send ACK of 998345
Send ACK of 998345
Send ACK of 998345
Send ACK of 998345
Filename: 1.jpg Package number: 120
Send ACK of 1006345
Send ACK of 1006345
Send ACK of 1006345
Send ACK of 1006345
Send ACK of 1006345
Filename: 1.jpg Package number: 121
Send ACK of 1014345
Send ACK of 1014345
Send ACK of 1014345
Send ACK of 1014345
Send ACK of 1014345
Filename: 1.jpg Package number: 122
Send ACK of 1022345
Send ACK of 1022345
Send ACK of 1022345
Send ACK of 1022345
Filename: 1.jpg Package number: 123
Send ACK of 1030345
Send ACK of 1030345
Send ACK of 1030345
Filename: 1.jpg Package number: 124
Send ACK of 1038345
Send ACK of 1038345
Send ACK of 1038345
Send ACK of 1038345
Filename: 1.jpg Package number: 125
Send ACK of 1046345
Send ACK of 1046345
Send ACK of 1046345
Send ACK of 1046345
Send ACK of 1046345
Filename: 1.jpg Package number: 126
Send ACK of 1054345
Send ACK of 1054345
Send ACK of 1054345
Send ACK of 1054345
Send ACK of 1054345
Send ACK of 1054345
Filename: 1.jpg Package number: 127
Send ACK of 1062345
Send ACK of 1062345
Send ACK of 1062345
Send ACK of 1062345
Send ACK of 1062345
Send ACK of 1062345
Send ACK of 1062345
Send ACK of 1062345
Filename: 1.jpg Package number: 128
Send ACK of 1070345
Send ACK of 1070345
Send ACK of 1070345
Send ACK of 1070345
Send ACK of 1070345
Send ACK of 1070345
Send ACK of 1070345
Send ACK of 1070345
Send ACK of 1070345
Send ACK of 1070345
Send ACK of 1070345
Send ACK of 1070345
Filename: 1.jpg Package number: 129
Send ACK of 1078345
Send ACK of 1078345
Send ACK of 1078345
Send ACK of 1078345
Send ACK of 1078345
Send ACK of 1078345
Send ACK of 1078345
Send ACK of 1078345
Send ACK of 1078345
Filename: 1.jpg Package number: 130
Send ACK of 1086345
Send ACK of 1086345
Send ACK of 1086345
Send ACK of 1086345
Send ACK of 1086345
Send ACK of 1086345
Send ACK of 1086345
Send ACK of 1086345
Send ACK of 1086345
Send ACK of 1086345
Filename: 1.jpg Package number: 131
Send ACK of 1094345
Send ACK of 1094345
Send ACK of 1094345
Send ACK of 1094345
Send ACK of 1094345
Send ACK of 1094345
Send ACK of 1094345
Send ACK of 1094345
Send ACK of 1094345
Send ACK of 1094345
Filename: 1.jpg Package number: 132
Send ACK of 1102345
Send ACK of 1102345
Send ACK of 1102345
Send ACK of 1102345
Send ACK of 1102345
Send ACK of 1102345
Send ACK of 1102345
Send ACK of 1102345
Filename: 1.jpg Package number: 133
Send ACK of 1110345
Send ACK of 1110345
Send ACK of 1110345
Send ACK of 1110345
Send ACK of 1110345
Send ACK of 1110345
Send ACK of 1110345
Send ACK of 1110345
Send ACK of 1110345
Send ACK of 1110345
Filename: 1.jpg Package number: 134
Send ACK of 1118345
Send ACK of 1118345
Send ACK of 1118345
Send ACK of 1118345
Send ACK of 1118345
Send ACK of 1118345
Send ACK of 1118345
Send ACK of 1118345
Send ACK of 1118345
Send ACK of 1118345
Filename: 1.jpg Package number: 135
Send ACK of 1126345
Send ACK of 1126345
Send ACK of 1126345
Send ACK of 1126345
Send ACK of 1126345
Filename: 1.jpg Package number: 136
Send ACK of 1134345
Send ACK of 1134345
Send ACK of 1134345
Send ACK of 1134345
Filename: 1.jpg Package number: 137
Send ACK of 1142345
Send ACK of 1142345
Send ACK of 1142345
Filename: 1.jpg Package number: 138
Send ACK of 1150345
Send ACK of 1150345
Send ACK of 1150345
Send ACK of 1150345
Filename: 1.jpg Package number: 139
Send ACK of 1158345
Send ACK of 1158345
Send ACK of 1158345
Send ACK of 1158345
Send ACK of 1158345
Filename: 1.jpg Package number: 140
Send ACK of 1166345
Send ACK of 1166345
Send ACK of 1166345
Send ACK of 1166345
Send ACK of 1166345
Send ACK of 1166345
Send ACK of 1166345
Filename: 1.jpg Package number: 141
Send ACK of 1174345
Send ACK of 1174345
Send ACK of 1174345
Send ACK of 1174345
Send ACK of 1174345
Send ACK of 1174345
Send ACK of 1174345
Send ACK of 1174345
Send ACK of 1174345
Send ACK of 1174345
Send ACK of 1174345
Send ACK of 1174345
Send ACK of 1174345
Send ACK of 1174345
Filename: 1.jpg Package number: 142
Send ACK of 1182345
Send ACK of 1182345
Send ACK of 1182345
Send ACK of 1182345
Send ACK of 1182345
Send ACK of 1182345
Send ACK of 1182345
Send ACK of 1182345
Send ACK of 1182345
Send ACK of 1182345
Send ACK of 1182345
Send ACK of 1182345
Send ACK of 1182345
Send ACK of 1182345
Send ACK of 1182345
Send ACK of 1182345
Send ACK of 1182345
Filename: 1.jpg Package number: 143
Send ACK of 1190345
Filename: 1.jpg Package number: 144
Send ACK of 1198345
Send ACK of 1198345
Send ACK of 1198345
Send ACK of 1198345
Send ACK of 1198345
Send ACK of 1198345
Send ACK of 1198345
Send ACK of 1198345
Send ACK of 1198345
Filename: 1.jpg Package number: 145
Send ACK of 1206345
Send ACK of 1206345
Send ACK of 1206345
Send ACK of 1206345
Send ACK of 1206345
Send ACK of 1206345
Send ACK of 1206345
Send ACK of 1206345
Send ACK of 1206345
Send ACK of 1206345
Filename: 1.jpg Package number: 146
Send ACK of 1214345
Send ACK of 1214345
Send ACK of 1214345
Send ACK of 1214345
Send ACK of 1214345
Send ACK of 1214345
Send ACK of 1214345
Filename: 1.jpg Package number: 147
Send ACK of 1222345
Send ACK of 1222345
Send ACK of 1222345
Send ACK of 1222345
Send ACK of 1222345
Send ACK of 1222345
Send ACK of 1222345
Send ACK of 1222345
Send ACK of 1222345
Send ACK of 1222345
Filename: 1.jpg Package number: 148
Send ACK of 1230345
Send ACK of 1230345
Send ACK of 1230345
Send ACK of 1230345
Send ACK of 1230345
Send ACK of 1230345
Send ACK of 1230345
Send ACK of 1230345
Send ACK of 1230345
Send ACK of 1230345
Filename: 1.jpg Package number: 149
Send ACK of 1238345
Send ACK of 1238345
Send ACK of 1238345
Send ACK of 1238345
Filename: 1.jpg Package number: 150
Send ACK of 1246345
Send ACK of 1246345
Send ACK of 1246345
Send ACK of 1246345
Filename: 1.jpg Package number: 151
Send ACK of 1254345
Send ACK of 1254345
Send ACK of 1254345
Send ACK of 1254345
Send ACK of 1254345
Filename: 1.jpg Package number: 152
Send ACK of 1262345
Send ACK of 1262345
Send ACK of 1262345
Send ACK of 1262345
Send ACK of 1262345
Send ACK of 1262345
Send ACK of 1262345
Send ACK of 1262345
Send ACK of 1262345
Filename: 1.jpg Package number: 153
Send ACK of 1270345
Send ACK of 1270345
Send ACK of 1270345
Send ACK of 1270345
Send ACK of 1270345
Send ACK of 1270345
Send ACK of 1270345
Send ACK of 1270345
Send ACK of 1270345
Send ACK of 1270345
Send ACK of 1270345
Filename: 1.jpg Package number: 154
Send ACK of 1278345
Send ACK of 1278345
Send ACK of 1278345
Send ACK of 1278345
Send ACK of 1278345
Send ACK of 1278345
Send ACK of 1278345
Send ACK of 1278345
Send ACK of 1278345
Send ACK of 1278345
Filename: 1.jpg Package number: 155
Send ACK of 1286345
Send ACK of 1286345
Send ACK of 1286345
Send ACK of 1286345
Send ACK of 1286345
Send ACK of 1286345
Send ACK of 1286345
Send ACK of 1286345
Send ACK of 1286345
Filename: 1.jpg Package number: 156
Send ACK of 1294345
Send ACK of 1294345
Send ACK of 1294345
Send ACK of 1294345
Send ACK of 1294345
Send ACK of 1294345
Send ACK of 1294345
Send ACK of 1294345
Filename: 1.jpg Package number: 157
Send ACK of 1302345
Send ACK of 1302345
Send ACK of 1302345
Send ACK of 1302345
Send ACK of 1302345
Send ACK of 1302345
Send ACK of 1302345
Filename: 1.jpg Package number: 158
Send ACK of 1310345
Send ACK of 1310345
Send ACK of 1310345
Send ACK of 1310345
Send ACK of 1310345
Send ACK of 1310345
Send ACK of 1310345
Send ACK of 1310345
Send ACK of 1310345
Send ACK of 1310345
Filename: 1.jpg Package number: 159
Send ACK of 1318345
Send ACK of 1318345
Send ACK of 1318345
Send ACK of 1318345
Send ACK of 1318345
Send ACK of 1318345
Send ACK of 1318345
Send ACK of 1318345
Send ACK of 1318345
Send ACK of 1318345
Filename: 1.jpg Package number: 160
Send ACK of 1326345
Send ACK of 1326345
Send ACK of 1326345
Filename: 1.jpg Package number: 161
Send ACK of 1334345
Send ACK of 1334345
Send ACK of 1334345
Send ACK of 1334345
Send ACK of 1334345
Filename: 1.jpg Package number: 162
Send ACK of 1342345
Send ACK of 1342345
Send ACK of 1342345
Send ACK of 1342345
Send ACK of 1342345
Send ACK of 1342345
Send ACK of 1342345
Filename: 1.jpg Package number: 163
Send ACK of 1350345
Send ACK of 1350345
Send ACK of 1350345
Send ACK of 1350345
Send ACK of 1350345
Send ACK of 1350345
Send ACK of 1350345
Send ACK of 1350345
Send ACK of 1350345
Send ACK of 1350345
Send ACK of 1350345
Send ACK of 1350345
Send ACK of 1350345
Send ACK of 1350345
Filename: 1.jpg Package number: 164
Send ACK of 1358345
Send ACK of 1358345
Send ACK of 1358345
Send ACK of 1358345
Send ACK of 1358345
Send ACK of 1358345
Send ACK of 1358345
Send ACK of 1358345
Send ACK of 1358345
Send ACK of 1358345
Filename: 1.jpg Package number: 165
Send ACK of 1366345
Send ACK of 1366345
Send ACK of 1366345
Send ACK of 1366345
Send ACK of 1366345
Send ACK of 1366345
Send ACK of 1366345
Send ACK of 1366345
Send ACK of 1366345
Send ACK of 1366345
Filename: 1.jpg Package number: 166
Send ACK of 1374345
Send ACK of 1374345
Send ACK of 1374345
Send ACK of 1374345
Send ACK of 1374345
Send ACK of 1374345
Send ACK of 1374345
Send ACK of 1374345
Send ACK of 1374345
Send ACK of 1374345
Send ACK of 1374345
Filename: 1.jpg Package number: 167
Send ACK of 1382345
Send ACK of 1382345
Send ACK of 1382345
Send ACK of 1382345
Send ACK of 1382345
Send ACK of 1382345
Send ACK of 1382345
Send ACK of 1382345
Filename: 1.jpg Package number: 168
Send ACK of 1390345
Send ACK of 1390345
Send ACK of 1390345
Send ACK of 1390345
Send ACK of 1390345
Send ACK of 1390345
Send ACK of 1390345
Filename: 1.jpg Package number: 169
Send ACK of 1398345
Send ACK of 1398345
Send ACK of 1398345
Send ACK of 1398345
Send ACK of 1398345
Filename: 1.jpg Package number: 170
Send ACK of 1406345
Send ACK of 1406345
Send ACK of 1406345
Send ACK of 1406345
Send ACK of 1406345
Filename: 1.jpg Package number: 171
Send ACK of 1414345
Send ACK of 1414345
Send ACK of 1414345
Send ACK of 1414345
Filename: 1.jpg Package number: 172
Send ACK of 1422345
Send ACK of 1422345
Send ACK of 1422345
Send ACK of 1422345
Filename: 1.jpg Package number: 173
Send ACK of 1430345
Send ACK of 1430345
Send ACK of 1430345
Send ACK of 1430345
Send ACK of 1430345
Send ACK of 1430345
Send ACK of 1430345
Send ACK of 1430345
Filename: 1.jpg Package number: 174
Send ACK of 1438345
Send ACK of 1438345
Send ACK of 1438345
Send ACK of 1438345
Send ACK of 1438345
Send ACK of 1438345
Send ACK of 1438345
Send ACK of 1438345
Send ACK of 1438345
Send ACK of 1438345
Send ACK of 1438345
Send ACK of 1438345
Send ACK of 1438345
Filename: 1.jpg Package number: 175
Send ACK of 1446345
Send ACK of 1446345
Send ACK of 1446345
Send ACK of 1446345
Send ACK of 1446345
Send ACK of 1446345
Send ACK of 1446345
Send ACK of 1446345
Send ACK of 1446345
Send ACK of 1446345
Filename: 1.jpg Package number: 176
Send ACK of 1454345
Send ACK of 1454345
Send ACK of 1454345
Send ACK of 1454345
Send ACK of 1454345
Send ACK of 1454345
Send ACK of 1454345
Send ACK of 1454345
Send ACK of 1454345
Filename: 1.jpg Package number: 177
Send ACK of 1462345
Send ACK of 1462345
Send ACK of 1462345
Send ACK of 1462345
Send ACK of 1462345
Send ACK of 1462345
Send ACK of 1462345
Send ACK of 1462345
Filename: 1.jpg Package number: 178
Send ACK of 1470345
Send ACK of 1470345
Send ACK of 1470345
Send ACK of 1470345
Send ACK of 1470345
Send ACK of 1470345
Send ACK of 1470345
Filename: 1.jpg Package number: 179
Send ACK of 1478345
Send ACK of 1478345
Send ACK of 1478345
Send ACK of 1478345
Send ACK of 1478345
Filename: 1.jpg Package number: 180
Send ACK of 1486345
Send ACK of 1486345
Send ACK of 1486345
Send ACK of 1486345
Send ACK of 1486345
Filename: 1.jpg Package number: 181
Send ACK of 1494345
Send ACK of 1494345
Send ACK of 1494345
Send ACK of 1494345
Filename: 1.jpg Package number: 182
Send ACK of 1502345
Send ACK of 1502345
Send ACK of 1502345
Send ACK of 1502345
Filename: 1.jpg Package number: 183
Send ACK of 1510345
Send ACK of 1510345
Send ACK of 1510345
Send ACK of 1510345
Send ACK of 1510345
Send ACK of 1510345
Filename: 1.jpg Package number: 184
Send ACK of 1518345
Send ACK of 1518345
Send ACK of 1518345
Send ACK of 1518345
Send ACK of 1518345
Send ACK of 1518345
Send ACK of 1518345
Send ACK of 1518345
Send ACK of 1518345
Send ACK of 1518345
Send ACK of 1518345
Send ACK of 1518345
Send ACK of 1518345
Send ACK of 1518345
Send ACK of 1518345
Send ACK of 1518345
Filename: 1.jpg Package number: 185
Send ACK of 1526345
Send ACK of 1526345
Send ACK of 1526345
Send ACK of 1526345
Send ACK of 1526345
Send ACK of 1526345
Send ACK of 1526345
Send ACK of 1526345
Send ACK of 1526345
Send ACK of 1526345
Send ACK of 1526345
Send ACK of 1526345
Send ACK of 1526345
Filename: 1.jpg Package number: 186
Send ACK of 1534345
Send ACK of 1534345
Send ACK of 1534345
Send ACK of 1534345
Send ACK of 1534345
Send ACK of 1534345
Send ACK of 1534345
Send ACK of 1534345
Send ACK of 1534345
Send ACK of 1534345
Filename: 1.jpg Package number: 187
Send ACK of 1542345
Send ACK of 1542345
Send ACK of 1542345
Send ACK of 1542345
Send ACK of 1542345
Send ACK of 1542345
Send ACK of 1542345
Send ACK of 1542345
Send ACK of 1542345
Filename: 1.jpg Package number: 188
Send ACK of 1550345
Send ACK of 1550345
Send ACK of 1550345
Send ACK of 1550345
Send ACK of 1550345
Send ACK of 1550345
Send ACK of 1550345
Filename: 1.jpg Package number: 189
Send ACK of 1558345
Send ACK of 1558345
Send ACK of 1558345
Send ACK of 1558345
Send ACK of 1558345
Send ACK of 1558345
Send ACK of 1558345
Filename: 1.jpg Package number: 190
Send ACK of 1566345
Send ACK of 1566345
Send ACK of 1566345
Send ACK of 1566345
Send ACK of 1566345
Send ACK of 1566345
Filename: 1.jpg Package number: 191
Send ACK of 1574345
Send ACK of 1574345
Send ACK of 1574345
Send ACK of 1574345
Send ACK of 1574345
Filename: 1.jpg Package number: 192
Send ACK of 1582345
Send ACK of 1582345
Send ACK of 1582345
Send ACK of 1582345
Filename: 1.jpg Package number: 193
Send ACK of 1590345
Send ACK of 1590345
Send ACK of 1590345
Send ACK of 1590345
Filename: 1.jpg Package number: 194
Send ACK of 1598345
Send ACK of 1598345
Send ACK of 1598345
Send ACK of 1598345
Send ACK of 1598345
Send ACK of 1598345
Send ACK of 1598345
Send ACK of 1598345
Filename: 1.jpg Package number: 195
Send ACK of 1606345
Send ACK of 1606345
Send ACK of 1606345
Send ACK of 1606345
Send ACK of 1606345
Send ACK of 1606345
Send ACK of 1606345
Send ACK of 1606345
Send ACK of 1606345
Send ACK of 1606345
Send ACK of 1606345
Send ACK of 1606345
Send ACK of 1606345
Send ACK of 1606345
Send ACK of 1606345
Send ACK of 1606345
Filename: 1.jpg Package number: 196
Send ACK of 1614345
Send ACK of 1614345
Send ACK of 1614345
Send ACK of 1614345
Send ACK of 1614345
Send ACK of 1614345
Send ACK of 1614345
Send ACK of 1614345
Send ACK of 1614345
Send ACK of 1614345
Filename: 1.jpg Package number: 197
Send ACK of 1622345
Send ACK of 1622345
Send ACK of 1622345
Send ACK of 1622345
Send ACK of 1622345
Send ACK of 1622345
Send ACK of 1622345
Send ACK of 1622345
Send ACK of 1622345
Send ACK of 1622345
Filename: 1.jpg Package number: 198
Send ACK of 1630345
Send ACK of 1630345
Send ACK of 1630345
Send ACK of 1630345
Send ACK of 1630345
Send ACK of 1630345
Send ACK of 1630345
Send ACK of 1630345
Send ACK of 1630345
Filename: 1.jpg Package number: 199
Send ACK of 1638345
Send ACK of 1638345
Send ACK of 1638345
Send ACK of 1638345
Send ACK of 1638345
Send ACK of 1638345
Send ACK of 1638345
Send ACK of 1638345
Send ACK of 1638345
Send ACK of 1638345
Filename: 1.jpg Package number: 200
Send ACK of 1646345
Send ACK of 1646345
Send ACK of 1646345
Send ACK of 1646345
Send ACK of 1646345
Send ACK of 1646345
Send ACK of 1646345
Send ACK of 1646345
Send ACK of 1646345
Send ACK of 1646345
Send ACK of 1646345
Send ACK of 1646345
Send ACK of 1646345
Send ACK of 1646345
Send ACK of 1646345
Filename: 1.jpg Package number: 201
Send ACK of 1654345
Send ACK of 1654345
Send ACK of 1654345
Send ACK of 1654345
Send ACK of 1654345
Send ACK of 1654345
Send ACK of 1654345
Send ACK of 1654345
Send ACK of 1654345
Send ACK of 1654345
Filename: 1.jpg Package number: 202
Send ACK of 1662345
Send ACK of 1662345
Send ACK of 1662345
Send ACK of 1662345
Send ACK of 1662345
Send ACK of 1662345
Send ACK of 1662345
Send ACK of 1662345
Filename: 1.jpg Package number: 203
Send ACK of 1670345
Send ACK of 1670345
Send ACK of 1670345
Send ACK of 1670345
Send ACK of 1670345
Send ACK of 1670345
Send ACK of 1670345
Send ACK of 1670345
Send ACK of 1670345
Filename: 1.jpg Package number: 204
Send ACK of 1678345
Send ACK of 1678345
Send ACK of 1678345
Send ACK of 1678345
Filename: 1.jpg Package number: 205
Send ACK of 1686345
Filename: 1.jpg Package number: 206
Send ACK of 1694345
Filename: 1.jpg Package number: 207
Send ACK of 1702345
Filename: 1.jpg Package number: 208
Send ACK of 1710345
Filename: 1.jpg Package number: 209
Send ACK of 1718345
Filename: 1.jpg Package number: 210
Send ACK of 1726345
Filename: 1.jpg Package number: 211
Send ACK of 1734345
Filename: 1.jpg Package number: 212
Send ACK of 1742345
Filename: 1.jpg Package number: 213
Send ACK of 1750345
Filename: 1.jpg Package number: 214
Send ACK of 1758345
Filename: 1.jpg Package number: 215
Send ACK of 1766345
Filename: 1.jpg Package number: 216
Send ACK of 1774345
Filename: 1.jpg Package number: 217
Send ACK of 1782345
Filename: 1.jpg Package number: 218
Send ACK of 1790345
Send ACK of 1790345
Send ACK of 1790345
Send ACK of 1790345
Filename: 1.jpg Package number: 219
Send ACK of 1798345
Send ACK of 1798345
Send ACK of 1798345
Send ACK of 1798345
Send ACK of 1798345
Send ACK of 1798345
Send ACK of 1798345
Send ACK of 1798345
Send ACK of 1798345
Filename: 1.jpg Package number: 220
Send ACK of 1806345
Send ACK of 1806345
Send ACK of 1806345
Send ACK of 1806345
Send ACK of 1806345
Send ACK of 1806345
Send ACK of 1806345
Send ACK of 1806345
Send ACK of 1806345
Send ACK of 1806345
Send ACK of 1806345
Filename: 1.jpg Package number: 221
Send ACK of 1814345
Send ACK of 1814345
Send ACK of 1814345
Send ACK of 1814345
Send ACK of 1814345
Send ACK of 1814345
Send ACK of 1814345
Send ACK of 1814345
Send ACK of 1814345
Send ACK of 1814345
Filename: 1.jpg Package number: 222
Send ACK of 1822345
Send ACK of 1822345
Send ACK of 1822345
Send ACK of 1822345
Send ACK of 1822345
Send ACK of 1822345
Send ACK of 1822345
Send ACK of 1822345
Send ACK of 1822345
Send ACK of 1822345
Filename: 1.jpg Package number: 223
Send ACK of 1830345
Send ACK of 1830345
Send ACK of 1830345
Send ACK of 1830345
Send ACK of 1830345
Send ACK of 1830345
Send ACK of 1830345
Send ACK of 1830345
Filename: 1.jpg Package number: 224
Send ACK of 1838345
Send ACK of 1838345
Send ACK of 1838345
Send ACK of 1838345
Send ACK of 1838345
Send ACK of 1838345
Send ACK of 1838345
Filename: 1.jpg Package number: 225
Send ACK of 1846345
Send ACK of 1846345
Send ACK of 1846345
Send ACK of 1846345
Send ACK of 1846345
Send ACK of 1846345
Filename: 1.jpg Package number: 226
Send ACK of 1854345
Send ACK of 1854345
Send ACK of 1854345
Send ACK of 1854345
Send ACK of 1854345
Filename: 1.jpg Package number: 227
Send ACK of 1862345
Send ACK of 1862345
Send ACK of 1862345
Send ACK of 1862345
Filename: 1.jpg Package number: 228
Send ACK of 1870345
Send ACK of 1870345
Send ACK of 1870345
Send ACK of 1870345
Filename: 1.jpg Package number: 229
Send ACK of 1878345
Send ACK of 1878345
Send ACK of 1878345
Send ACK of 1878345
Send ACK of 1878345
Send ACK of 1878345
Filename: 1.jpg Package number: 230
Send ACK of 1886345
Send ACK of 1886345
Send ACK of 1886345
Send ACK of 1886345
Filename: 1.jpg Package number: 231
Send ACK of 1894345
Send ACK of 1894345
Send ACK of 1894345
Filename: 1.jpg Package number: 232
Send ACK of 1902345
Send ACK of 1902345
Filename: 1.jpg Package number: 233
Send ACK of 1903698
Acknowledge First Wave
Second Wave Succeed! 
Acknowledge seqnum package 5550
Acknowledge Third Wave
Third Wave Succeed! 
Fourth wave Succeed!
Succeed to disconnect!
